[1.021s] Invoking command in '/home/gulislamoglu/turtlebot3_patrolling/build/turtlebot3_example': AMENT_PREFIX_PATH=/home/gulislamoglu/turtlebot3_patrolling/install/turtlebot3_msgs:${AMENT_PREFIX_PATH} CMAKE_PREFIX_PATH=/home/gulislamoglu/turtlebot3_patrolling/install/turtlebot3_msgs:${CMAKE_PREFIX_PATH} LD_LIBRARY_PATH=/home/gulislamoglu/turtlebot3_patrolling/install/turtlebot3_msgs/lib:${LD_LIBRARY_PATH} PYTHONPATH=/home/gulislamoglu/turtlebot3_patrolling/build/turtlebot3_example/prefix_override:/home/gulislamoglu/turtlebot3_patrolling/install/turtlebot3_example/lib/python3.10/site-packages:/home/gulislamoglu/turtlebot3_patrolling/install/turtlebot3_msgs/local/lib/python3.10/dist-packages:${PYTHONPATH} /usr/bin/python3 setup.py develop --editable --build-directory /home/gulislamoglu/turtlebot3_patrolling/build/turtlebot3_example/build --no-deps install_data
[1.288s] running develop
[1.438s] running egg_info
[1.438s] creating turtlebot3_example.egg-info
[1.438s] writing turtlebot3_example.egg-info/PKG-INFO
[1.439s] writing dependency_links to turtlebot3_example.egg-info/dependency_links.txt
[1.439s] writing entry points to turtlebot3_example.egg-info/entry_points.txt
[1.439s] writing requirements to turtlebot3_example.egg-info/requires.txt
[1.439s] writing top-level names to turtlebot3_example.egg-info/top_level.txt
[1.439s] writing manifest file 'turtlebot3_example.egg-info/SOURCES.txt'
[1.441s] reading manifest file 'turtlebot3_example.egg-info/SOURCES.txt'
[1.442s] writing manifest file 'turtlebot3_example.egg-info/SOURCES.txt'
[1.443s] running build_ext
[1.443s] Creating /home/gulislamoglu/turtlebot3_patrolling/install/turtlebot3_example/lib/python3.10/site-packages/turtlebot3-example.egg-link (link to .)
[1.444s] Installing turtlebot3_obstacle_detection script to /home/gulislamoglu/turtlebot3_patrolling/install/turtlebot3_example/lib/turtlebot3_example
[1.445s] Installing turtlebot3_patrol_client script to /home/gulislamoglu/turtlebot3_patrolling/install/turtlebot3_example/lib/turtlebot3_example
[1.445s] Installing turtlebot3_patrol_server script to /home/gulislamoglu/turtlebot3_patrolling/install/turtlebot3_example/lib/turtlebot3_example
[1.445s] Installing turtlebot3_position_control script to /home/gulislamoglu/turtlebot3_patrolling/install/turtlebot3_example/lib/turtlebot3_example
[1.445s] 
[1.445s] Installed /home/gulislamoglu/turtlebot3_patrolling/build/turtlebot3_example
[1.445s] running install_data
[1.445s] creating /home/gulislamoglu/turtlebot3_patrolling/install/turtlebot3_example/share/ament_index
[1.445s] creating /home/gulislamoglu/turtlebot3_patrolling/install/turtlebot3_example/share/ament_index/resource_index
[1.445s] creating /home/gulislamoglu/turtlebot3_patrolling/install/turtlebot3_example/share/ament_index/resource_index/packages
[1.445s] copying resource/turtlebot3_example -> /home/gulislamoglu/turtlebot3_patrolling/install/turtlebot3_example/share/ament_index/resource_index/packages
[1.445s] copying package.xml -> /home/gulislamoglu/turtlebot3_patrolling/install/turtlebot3_example/share/turtlebot3_example
[1.504s] Invoked command in '/home/gulislamoglu/turtlebot3_patrolling/build/turtlebot3_example' returned '0': AMENT_PREFIX_PATH=/home/gulislamoglu/turtlebot3_patrolling/install/turtlebot3_msgs:${AMENT_PREFIX_PATH} CMAKE_PREFIX_PATH=/home/gulislamoglu/turtlebot3_patrolling/install/turtlebot3_msgs:${CMAKE_PREFIX_PATH} LD_LIBRARY_PATH=/home/gulislamoglu/turtlebot3_patrolling/install/turtlebot3_msgs/lib:${LD_LIBRARY_PATH} PYTHONPATH=/home/gulislamoglu/turtlebot3_patrolling/build/turtlebot3_example/prefix_override:/home/gulislamoglu/turtlebot3_patrolling/install/turtlebot3_example/lib/python3.10/site-packages:/home/gulislamoglu/turtlebot3_patrolling/install/turtlebot3_msgs/local/lib/python3.10/dist-packages:${PYTHONPATH} /usr/bin/python3 setup.py develop --editable --build-directory /home/gulislamoglu/turtlebot3_patrolling/build/turtlebot3_example/build --no-deps install_data
