[0.457s] Invoking command in '/home/gulislamoglu/turtlebot3_patrolling/build/turtlebot3_fake_node': AMENT_PREFIX_PATH=/home/gulislamoglu/turtlebot3_patrolling/install/turtlebot3_msgs:${AMENT_PREFIX_PATH} CMAKE_PREFIX_PATH=/home/gulislamoglu/turtlebot3_patrolling/install/turtlebot3_msgs:/home/gulislamoglu/turtlebot3_ws/install/turtlebot3:/home/gulislamoglu/turtlebot3_ws/install/turtlebot3_bringup:/home/gulislamoglu/turtlebot3_ws/install/turtlebot3_node:/home/gulislamoglu/turtlebot3_ws/install/turtlebot3_navigation2:/home/gulislamoglu/turtlebot3_ws/install/turtlebot3_msgs:/home/gulislamoglu/turtlebot3_ws/install/turtlebot3_description:/home/gulislamoglu/turtlebot3_ws/install/turtlebot3_cartographer:/home/gulislamoglu/turtlebot3_ws/install/dynamixel_sdk_examples:/home/gulislamoglu/turtlebot3_ws/install/dynamixel_sdk_custom_interfaces:/home/gulislamoglu/turtlebot3_ws/install/dynamixel_sdk:/home/gulislamoglu/turtlebot3_ws/install/turtlebot3_teleop:/home/gulislamoglu/turtlebot3_ws/install/turtlebot3_example:/opt/ros/humble LD_LIBRARY_PATH=/home/gulislamoglu/turtlebot3_patrolling/install/turtlebot3_msgs/lib:${LD_LIBRARY_PATH} PYTHONPATH=/home/gulislamoglu/turtlebot3_patrolling/install/turtlebot3_msgs/local/lib/python3.10/dist-packages:${PYTHONPATH} /usr/bin/cmake /home/gulislamoglu/turtlebot3_patrolling/turtlebot3/turtlebot3_simulations/turtlebot3_fake_node -DAMENT_CMAKE_SYMLINK_INSTALL=1 -DCMAKE_INSTALL_PREFIX=/home/gulislamoglu/turtlebot3_patrolling/install/turtlebot3_fake_node
[0.546s] -- The C compiler identification is GNU 11.4.0
[0.589s] -- The CXX compiler identification is GNU 11.4.0
[0.599s] -- Detecting C compiler ABI info
[0.693s] -- Detecting C compiler ABI info - done
[0.702s] -- Check for working C compiler: /usr/bin/cc - skipped
[0.702s] -- Detecting C compile features
[0.703s] -- Detecting C compile features - done
[0.706s] -- Detecting CXX compiler ABI info
[0.807s] -- Detecting CXX compiler ABI info - done
[0.817s] -- Check for working CXX compiler: /usr/bin/c++ - skipped
[0.817s] -- Detecting CXX compile features
[0.818s] -- Detecting CXX compile features - done
[0.823s] -- Found ament_cmake: 1.3.8 (/opt/ros/humble/share/ament_cmake/cmake)
[1.012s] -- Found Python3: /usr/bin/python3 (found version "3.10.12") found components: Interpreter 
[1.089s] -- Override CMake install command with custom implementation using symlinks instead of copying resources
[1.175s] -- Found geometry_msgs: 4.2.3 (/opt/ros/humble/share/geometry_msgs/cmake)
[1.235s] -- Found rosidl_generator_c: 3.1.5 (/opt/ros/humble/share/rosidl_generator_c/cmake)
[1.244s] -- Found rosidl_adapter: 3.1.5 (/opt/ros/humble/share/rosidl_adapter/cmake)
[1.256s] -- Found rosidl_generator_cpp: 3.1.5 (/opt/ros/humble/share/rosidl_generator_cpp/cmake)
[1.273s] -- Using all available rosidl_typesupport_c: rosidl_typesupport_fastrtps_c;rosidl_typesupport_introspection_c
[1.299s] -- Using all available rosidl_typesupport_cpp: rosidl_typesupport_fastrtps_cpp;rosidl_typesupport_introspection_cpp
[1.423s] -- Found nav_msgs: 4.2.3 (/opt/ros/humble/share/nav_msgs/cmake)
[1.505s] -- Found rclcpp: 16.0.8 (/opt/ros/humble/share/rclcpp/cmake)
[1.581s] -- Found rmw_implementation_cmake: 6.1.1 (/opt/ros/humble/share/rmw_implementation_cmake/cmake)
[1.586s] -- Found rmw_fastrtps_cpp: 6.2.6 (/opt/ros/humble/share/rmw_fastrtps_cpp/cmake)
[1.717s] -- Found OpenSSL: /usr/lib/x86_64-linux-gnu/libcrypto.so (found version "3.0.2")  
[1.757s] -- Found FastRTPS: /opt/ros/humble/include  
[1.824s] -- Using RMW implementation 'rmw_fastrtps_cpp' as default
[1.839s] -- Looking for pthread.h
[1.935s] -- Looking for pthread.h - found
[1.935s] -- Performing Test CMAKE_HAVE_LIBC_PTHREAD
[2.019s] -- Performing Test CMAKE_HAVE_LIBC_PTHREAD - Success
[2.020s] -- Found Threads: TRUE  
[2.147s] -- Found sensor_msgs: 4.2.3 (/opt/ros/humble/share/sensor_msgs/cmake)
[2.227s] -- Found tf2: 0.25.6 (/opt/ros/humble/share/tf2/cmake)
[2.246s] -- Found tf2_msgs: 0.25.6 (/opt/ros/humble/share/tf2_msgs/cmake)
[2.386s] -- Found turtlebot3_msgs: 2.2.3 (/home/gulislamoglu/turtlebot3_patrolling/install/turtlebot3_msgs/share/turtlebot3_msgs/cmake)
[2.558s] -- Configuring done
[2.577s] -- Generating done
[2.580s] -- Build files have been written to: /home/gulislamoglu/turtlebot3_patrolling/build/turtlebot3_fake_node
[2.601s] Invoked command in '/home/gulislamoglu/turtlebot3_patrolling/build/turtlebot3_fake_node' returned '0': AMENT_PREFIX_PATH=/home/gulislamoglu/turtlebot3_patrolling/install/turtlebot3_msgs:${AMENT_PREFIX_PATH} CMAKE_PREFIX_PATH=/home/gulislamoglu/turtlebot3_patrolling/install/turtlebot3_msgs:/home/gulislamoglu/turtlebot3_ws/install/turtlebot3:/home/gulislamoglu/turtlebot3_ws/install/turtlebot3_bringup:/home/gulislamoglu/turtlebot3_ws/install/turtlebot3_node:/home/gulislamoglu/turtlebot3_ws/install/turtlebot3_navigation2:/home/gulislamoglu/turtlebot3_ws/install/turtlebot3_msgs:/home/gulislamoglu/turtlebot3_ws/install/turtlebot3_description:/home/gulislamoglu/turtlebot3_ws/install/turtlebot3_cartographer:/home/gulislamoglu/turtlebot3_ws/install/dynamixel_sdk_examples:/home/gulislamoglu/turtlebot3_ws/install/dynamixel_sdk_custom_interfaces:/home/gulislamoglu/turtlebot3_ws/install/dynamixel_sdk:/home/gulislamoglu/turtlebot3_ws/install/turtlebot3_teleop:/home/gulislamoglu/turtlebot3_ws/install/turtlebot3_example:/opt/ros/humble LD_LIBRARY_PATH=/home/gulislamoglu/turtlebot3_patrolling/install/turtlebot3_msgs/lib:${LD_LIBRARY_PATH} PYTHONPATH=/home/gulislamoglu/turtlebot3_patrolling/install/turtlebot3_msgs/local/lib/python3.10/dist-packages:${PYTHONPATH} /usr/bin/cmake /home/gulislamoglu/turtlebot3_patrolling/turtlebot3/turtlebot3_simulations/turtlebot3_fake_node -DAMENT_CMAKE_SYMLINK_INSTALL=1 -DCMAKE_INSTALL_PREFIX=/home/gulislamoglu/turtlebot3_patrolling/install/turtlebot3_fake_node
[2.601s] Invoking command in '/home/gulislamoglu/turtlebot3_patrolling/build/turtlebot3_fake_node': AMENT_PREFIX_PATH=/home/gulislamoglu/turtlebot3_patrolling/install/turtlebot3_msgs:${AMENT_PREFIX_PATH} CMAKE_PREFIX_PATH=/home/gulislamoglu/turtlebot3_patrolling/install/turtlebot3_msgs:/home/gulislamoglu/turtlebot3_ws/install/turtlebot3:/home/gulislamoglu/turtlebot3_ws/install/turtlebot3_bringup:/home/gulislamoglu/turtlebot3_ws/install/turtlebot3_node:/home/gulislamoglu/turtlebot3_ws/install/turtlebot3_navigation2:/home/gulislamoglu/turtlebot3_ws/install/turtlebot3_msgs:/home/gulislamoglu/turtlebot3_ws/install/turtlebot3_description:/home/gulislamoglu/turtlebot3_ws/install/turtlebot3_cartographer:/home/gulislamoglu/turtlebot3_ws/install/dynamixel_sdk_examples:/home/gulislamoglu/turtlebot3_ws/install/dynamixel_sdk_custom_interfaces:/home/gulislamoglu/turtlebot3_ws/install/dynamixel_sdk:/home/gulislamoglu/turtlebot3_ws/install/turtlebot3_teleop:/home/gulislamoglu/turtlebot3_ws/install/turtlebot3_example:/opt/ros/humble LD_LIBRARY_PATH=/home/gulislamoglu/turtlebot3_patrolling/install/turtlebot3_msgs/lib:${LD_LIBRARY_PATH} PYTHONPATH=/home/gulislamoglu/turtlebot3_patrolling/install/turtlebot3_msgs/local/lib/python3.10/dist-packages:${PYTHONPATH} /usr/bin/cmake --build /home/gulislamoglu/turtlebot3_patrolling/build/turtlebot3_fake_node -- -j16 -l16
[2.740s] [ 50%] [32mBuilding CXX object CMakeFiles/turtlebot3_fake_node.dir/src/turtlebot3_fake_node.cpp.o[0m
[14.668s] [100%] [32m[1mLinking CXX executable turtlebot3_fake_node[0m
[15.292s] [100%] Built target turtlebot3_fake_node
[15.315s] Invoked command in '/home/gulislamoglu/turtlebot3_patrolling/build/turtlebot3_fake_node' returned '0': AMENT_PREFIX_PATH=/home/gulislamoglu/turtlebot3_patrolling/install/turtlebot3_msgs:${AMENT_PREFIX_PATH} CMAKE_PREFIX_PATH=/home/gulislamoglu/turtlebot3_patrolling/install/turtlebot3_msgs:/home/gulislamoglu/turtlebot3_ws/install/turtlebot3:/home/gulislamoglu/turtlebot3_ws/install/turtlebot3_bringup:/home/gulislamoglu/turtlebot3_ws/install/turtlebot3_node:/home/gulislamoglu/turtlebot3_ws/install/turtlebot3_navigation2:/home/gulislamoglu/turtlebot3_ws/install/turtlebot3_msgs:/home/gulislamoglu/turtlebot3_ws/install/turtlebot3_description:/home/gulislamoglu/turtlebot3_ws/install/turtlebot3_cartographer:/home/gulislamoglu/turtlebot3_ws/install/dynamixel_sdk_examples:/home/gulislamoglu/turtlebot3_ws/install/dynamixel_sdk_custom_interfaces:/home/gulislamoglu/turtlebot3_ws/install/dynamixel_sdk:/home/gulislamoglu/turtlebot3_ws/install/turtlebot3_teleop:/home/gulislamoglu/turtlebot3_ws/install/turtlebot3_example:/opt/ros/humble LD_LIBRARY_PATH=/home/gulislamoglu/turtlebot3_patrolling/install/turtlebot3_msgs/lib:${LD_LIBRARY_PATH} PYTHONPATH=/home/gulislamoglu/turtlebot3_patrolling/install/turtlebot3_msgs/local/lib/python3.10/dist-packages:${PYTHONPATH} /usr/bin/cmake --build /home/gulislamoglu/turtlebot3_patrolling/build/turtlebot3_fake_node -- -j16 -l16
[15.363s] Invoking command in '/home/gulislamoglu/turtlebot3_patrolling/build/turtlebot3_fake_node': AMENT_PREFIX_PATH=/home/gulislamoglu/turtlebot3_patrolling/install/turtlebot3_msgs:${AMENT_PREFIX_PATH} CMAKE_PREFIX_PATH=/home/gulislamoglu/turtlebot3_patrolling/install/turtlebot3_msgs:/home/gulislamoglu/turtlebot3_ws/install/turtlebot3:/home/gulislamoglu/turtlebot3_ws/install/turtlebot3_bringup:/home/gulislamoglu/turtlebot3_ws/install/turtlebot3_node:/home/gulislamoglu/turtlebot3_ws/install/turtlebot3_navigation2:/home/gulislamoglu/turtlebot3_ws/install/turtlebot3_msgs:/home/gulislamoglu/turtlebot3_ws/install/turtlebot3_description:/home/gulislamoglu/turtlebot3_ws/install/turtlebot3_cartographer:/home/gulislamoglu/turtlebot3_ws/install/dynamixel_sdk_examples:/home/gulislamoglu/turtlebot3_ws/install/dynamixel_sdk_custom_interfaces:/home/gulislamoglu/turtlebot3_ws/install/dynamixel_sdk:/home/gulislamoglu/turtlebot3_ws/install/turtlebot3_teleop:/home/gulislamoglu/turtlebot3_ws/install/turtlebot3_example:/opt/ros/humble LD_LIBRARY_PATH=/home/gulislamoglu/turtlebot3_patrolling/install/turtlebot3_msgs/lib:${LD_LIBRARY_PATH} PYTHONPATH=/home/gulislamoglu/turtlebot3_patrolling/install/turtlebot3_msgs/local/lib/python3.10/dist-packages:${PYTHONPATH} /usr/bin/cmake --install /home/gulislamoglu/turtlebot3_patrolling/build/turtlebot3_fake_node
[15.371s] -- Install configuration: ""
[15.371s] -- Execute custom install script
[15.371s] -- Symlinking: /home/gulislamoglu/turtlebot3_patrolling/install/turtlebot3_fake_node/lib/turtlebot3_fake_node/turtlebot3_fake_node
[15.390s] -- Symlinking: /home/gulislamoglu/turtlebot3_patrolling/install/turtlebot3_fake_node/share/turtlebot3_fake_node/launch/rviz2.launch.py
[15.407s] -- Symlinking: /home/gulislamoglu/turtlebot3_patrolling/install/turtlebot3_fake_node/share/turtlebot3_fake_node/launch/turtlebot3_fake_node.launch.py
[15.426s] -- Symlinking: /home/gulislamoglu/turtlebot3_patrolling/install/turtlebot3_fake_node/share/turtlebot3_fake_node/param/burger.yaml
[15.444s] -- Symlinking: /home/gulislamoglu/turtlebot3_patrolling/install/turtlebot3_fake_node/share/turtlebot3_fake_node/param/waffle.yaml
[15.462s] -- Symlinking: /home/gulislamoglu/turtlebot3_patrolling/install/turtlebot3_fake_node/share/turtlebot3_fake_node/param/waffle_pi.yaml
[15.481s] -- Symlinking: /home/gulislamoglu/turtlebot3_patrolling/install/turtlebot3_fake_node/include//turtlebot3_fake_node/turtlebot3_fake_node.hpp
[15.499s] -- Symlinking: /home/gulislamoglu/turtlebot3_patrolling/install/turtlebot3_fake_node/share/ament_index/resource_index/package_run_dependencies/turtlebot3_fake_node
[15.517s] -- Symlinking: /home/gulislamoglu/turtlebot3_patrolling/install/turtlebot3_fake_node/share/ament_index/resource_index/parent_prefix_path/turtlebot3_fake_node
[15.536s] -- Symlinking: /home/gulislamoglu/turtlebot3_patrolling/install/turtlebot3_fake_node/share/turtlebot3_fake_node/environment/ament_prefix_path.sh
[15.555s] -- Symlinking: /home/gulislamoglu/turtlebot3_patrolling/install/turtlebot3_fake_node/share/turtlebot3_fake_node/environment/ament_prefix_path.dsv
[15.572s] -- Symlinking: /home/gulislamoglu/turtlebot3_patrolling/install/turtlebot3_fake_node/share/turtlebot3_fake_node/environment/path.sh
[15.591s] -- Symlinking: /home/gulislamoglu/turtlebot3_patrolling/install/turtlebot3_fake_node/share/turtlebot3_fake_node/environment/path.dsv
[15.609s] -- Symlinking: /home/gulislamoglu/turtlebot3_patrolling/install/turtlebot3_fake_node/share/turtlebot3_fake_node/local_setup.bash
[15.627s] -- Symlinking: /home/gulislamoglu/turtlebot3_patrolling/install/turtlebot3_fake_node/share/turtlebot3_fake_node/local_setup.sh
[15.642s] -- Symlinking: /home/gulislamoglu/turtlebot3_patrolling/install/turtlebot3_fake_node/share/turtlebot3_fake_node/local_setup.zsh
[15.661s] -- Symlinking: /home/gulislamoglu/turtlebot3_patrolling/install/turtlebot3_fake_node/share/turtlebot3_fake_node/local_setup.dsv
[15.678s] -- Symlinking: /home/gulislamoglu/turtlebot3_patrolling/install/turtlebot3_fake_node/share/turtlebot3_fake_node/package.dsv
[15.696s] -- Symlinking: /home/gulislamoglu/turtlebot3_patrolling/install/turtlebot3_fake_node/share/ament_index/resource_index/packages/turtlebot3_fake_node
[15.715s] -- Symlinking: /home/gulislamoglu/turtlebot3_patrolling/install/turtlebot3_fake_node/share/turtlebot3_fake_node/cmake/ament_cmake_export_include_directories-extras.cmake
[15.734s] -- Symlinking: /home/gulislamoglu/turtlebot3_patrolling/install/turtlebot3_fake_node/share/turtlebot3_fake_node/cmake/ament_cmake_export_dependencies-extras.cmake
[15.751s] -- Symlinking: /home/gulislamoglu/turtlebot3_patrolling/install/turtlebot3_fake_node/share/turtlebot3_fake_node/cmake/turtlebot3_fake_nodeConfig.cmake
[15.769s] -- Symlinking: /home/gulislamoglu/turtlebot3_patrolling/install/turtlebot3_fake_node/share/turtlebot3_fake_node/cmake/turtlebot3_fake_nodeConfig-version.cmake
[15.787s] -- Symlinking: /home/gulislamoglu/turtlebot3_patrolling/install/turtlebot3_fake_node/share/turtlebot3_fake_node/package.xml
[15.810s] Invoked command in '/home/gulislamoglu/turtlebot3_patrolling/build/turtlebot3_fake_node' returned '0': AMENT_PREFIX_PATH=/home/gulislamoglu/turtlebot3_patrolling/install/turtlebot3_msgs:${AMENT_PREFIX_PATH} CMAKE_PREFIX_PATH=/home/gulislamoglu/turtlebot3_patrolling/install/turtlebot3_msgs:/home/gulislamoglu/turtlebot3_ws/install/turtlebot3:/home/gulislamoglu/turtlebot3_ws/install/turtlebot3_bringup:/home/gulislamoglu/turtlebot3_ws/install/turtlebot3_node:/home/gulislamoglu/turtlebot3_ws/install/turtlebot3_navigation2:/home/gulislamoglu/turtlebot3_ws/install/turtlebot3_msgs:/home/gulislamoglu/turtlebot3_ws/install/turtlebot3_description:/home/gulislamoglu/turtlebot3_ws/install/turtlebot3_cartographer:/home/gulislamoglu/turtlebot3_ws/install/dynamixel_sdk_examples:/home/gulislamoglu/turtlebot3_ws/install/dynamixel_sdk_custom_interfaces:/home/gulislamoglu/turtlebot3_ws/install/dynamixel_sdk:/home/gulislamoglu/turtlebot3_ws/install/turtlebot3_teleop:/home/gulislamoglu/turtlebot3_ws/install/turtlebot3_example:/opt/ros/humble LD_LIBRARY_PATH=/home/gulislamoglu/turtlebot3_patrolling/install/turtlebot3_msgs/lib:${LD_LIBRARY_PATH} PYTHONPATH=/home/gulislamoglu/turtlebot3_patrolling/install/turtlebot3_msgs/local/lib/python3.10/dist-packages:${PYTHONPATH} /usr/bin/cmake --install /home/gulislamoglu/turtlebot3_patrolling/build/turtlebot3_fake_node
