[0.070s] Invoking command in '/home/gulislamoglu/turtlebot3_patrolling/build/dynamixel_sdk_examples': AMENT_PREFIX_PATH=/home/gulislamoglu/turtlebot3_patrolling/install/dynamixel_sdk_custom_interfaces:/home/gulislamoglu/turtlebot3_patrolling/install/dynamixel_sdk:${AMENT_PREFIX_PATH} CMAKE_PREFIX_PATH=/home/gulislamoglu/turtlebot3_patrolling/install/dynamixel_sdk_custom_interfaces:/home/gulislamoglu/turtlebot3_patrolling/install/dynamixel_sdk:/home/gulislamoglu/turtlebot3_ws/install/turtlebot3:/home/gulislamoglu/turtlebot3_ws/install/turtlebot3_bringup:/home/gulislamoglu/turtlebot3_ws/install/turtlebot3_node:/home/gulislamoglu/turtlebot3_ws/install/turtlebot3_navigation2:/home/gulislamoglu/turtlebot3_ws/install/turtlebot3_msgs:/home/gulislamoglu/turtlebot3_ws/install/turtlebot3_description:/home/gulislamoglu/turtlebot3_ws/install/turtlebot3_cartographer:/home/gulislamoglu/turtlebot3_ws/install/dynamixel_sdk_examples:/home/gulislamoglu/turtlebot3_ws/install/dynamixel_sdk_custom_interfaces:/home/gulislamoglu/turtlebot3_ws/install/dynamixel_sdk:/home/gulislamoglu/turtlebot3_ws/install/turtlebot3_teleop:/home/gulislamoglu/turtlebot3_ws/install/turtlebot3_example:/opt/ros/humble LD_LIBRARY_PATH=/home/gulislamoglu/turtlebot3_patrolling/install/dynamixel_sdk_custom_interfaces/lib:/home/gulislamoglu/turtlebot3_patrolling/install/dynamixel_sdk/lib:${LD_LIBRARY_PATH} PYTHONPATH=/home/gulislamoglu/turtlebot3_patrolling/install/dynamixel_sdk_custom_interfaces/local/lib/python3.10/dist-packages:${PYTHONPATH} /usr/bin/cmake /home/gulislamoglu/turtlebot3_patrolling/utils/DynamixelSDK/dynamixel_sdk_examples -DAMENT_CMAKE_SYMLINK_INSTALL=1 -DCMAKE_INSTALL_PREFIX=/home/gulislamoglu/turtlebot3_patrolling/install/dynamixel_sdk_examples
[0.139s] -- The C compiler identification is GNU 11.4.0
[0.206s] -- The CXX compiler identification is GNU 11.4.0
[0.214s] -- Detecting C compiler ABI info
[0.296s] -- Detecting C compiler ABI info - done
[0.302s] -- Check for working C compiler: /usr/bin/cc - skipped
[0.302s] -- Detecting C compile features
[0.302s] -- Detecting C compile features - done
[0.305s] -- Detecting CXX compiler ABI info
[0.395s] -- Detecting CXX compiler ABI info - done
[0.402s] -- Check for working CXX compiler: /usr/bin/c++ - skipped
[0.403s] -- Detecting CXX compile features
[0.403s] -- Detecting CXX compile features - done
[0.407s] -- Found ament_cmake: 1.3.8 (/opt/ros/humble/share/ament_cmake/cmake)
[0.580s] -- Found Python3: /usr/bin/python3 (found version "3.10.12") found components: Interpreter 
[0.668s] -- Override CMake install command with custom implementation using symlinks instead of copying resources
[0.738s] -- Found dynamixel_sdk: 3.7.60 (/home/gulislamoglu/turtlebot3_patrolling/install/dynamixel_sdk/share/dynamixel_sdk/cmake)
[0.740s] -- Found dynamixel_sdk_custom_interfaces: 3.7.60 (/home/gulislamoglu/turtlebot3_patrolling/install/dynamixel_sdk_custom_interfaces/share/dynamixel_sdk_custom_interfaces/cmake)
[0.819s] -- Found rosidl_generator_c: 3.1.5 (/opt/ros/humble/share/rosidl_generator_c/cmake)
[0.830s] -- Found rosidl_adapter: 3.1.5 (/opt/ros/humble/share/rosidl_adapter/cmake)
[0.847s] -- Found rosidl_generator_cpp: 3.1.5 (/opt/ros/humble/share/rosidl_generator_cpp/cmake)
[0.872s] -- Using all available rosidl_typesupport_c: rosidl_typesupport_fastrtps_c;rosidl_typesupport_introspection_c
[0.904s] -- Using all available rosidl_typesupport_cpp: rosidl_typesupport_fastrtps_cpp;rosidl_typesupport_introspection_cpp
[0.968s] -- Found rclcpp: 16.0.8 (/opt/ros/humble/share/rclcpp/cmake)
[1.045s] -- Found rmw_implementation_cmake: 6.1.1 (/opt/ros/humble/share/rmw_implementation_cmake/cmake)
[1.050s] -- Found rmw_fastrtps_cpp: 6.2.6 (/opt/ros/humble/share/rmw_fastrtps_cpp/cmake)
[1.191s] -- Found OpenSSL: /usr/lib/x86_64-linux-gnu/libcrypto.so (found version "3.0.2")  
[1.226s] -- Found FastRTPS: /opt/ros/humble/include  
[1.284s] -- Using RMW implementation 'rmw_fastrtps_cpp' as default
[1.299s] -- Looking for pthread.h
[1.385s] -- Looking for pthread.h - found
[1.385s] -- Performing Test CMAKE_HAVE_LIBC_PTHREAD
[1.473s] -- Performing Test CMAKE_HAVE_LIBC_PTHREAD - Success
[1.474s] -- Found Threads: TRUE  
[1.642s] -- Found ament_lint_auto: 0.12.10 (/opt/ros/humble/share/ament_lint_auto/cmake)
[1.757s] -- Added test 'copyright' to check source files copyright and LICENSE
[1.759s] -- Added test 'cppcheck' to perform static code analysis on C / C++ code
[1.759s] -- Configured cppcheck include dirs: /home/gulislamoglu/turtlebot3_patrolling/utils/DynamixelSDK/dynamixel_sdk_examples/include
[1.759s] -- Configured cppcheck exclude dirs and/or files: 
[1.760s] -- Added test 'cpplint' to check C / C++ code against the Google style
[1.761s] -- Configured cpplint exclude dirs and/or files: 
[1.762s] -- Added test 'lint_cmake' to check CMake code style
[1.763s] -- Added test 'uncrustify' to check C / C++ code style
[1.764s] -- Configured uncrustify additional arguments: 
[1.765s] -- Added test 'xmllint' to check XML markup files
[1.767s] -- Configuring done
[1.778s] -- Generating done
[1.780s] -- Build files have been written to: /home/gulislamoglu/turtlebot3_patrolling/build/dynamixel_sdk_examples
[1.793s] Invoked command in '/home/gulislamoglu/turtlebot3_patrolling/build/dynamixel_sdk_examples' returned '0': AMENT_PREFIX_PATH=/home/gulislamoglu/turtlebot3_patrolling/install/dynamixel_sdk_custom_interfaces:/home/gulislamoglu/turtlebot3_patrolling/install/dynamixel_sdk:${AMENT_PREFIX_PATH} CMAKE_PREFIX_PATH=/home/gulislamoglu/turtlebot3_patrolling/install/dynamixel_sdk_custom_interfaces:/home/gulislamoglu/turtlebot3_patrolling/install/dynamixel_sdk:/home/gulislamoglu/turtlebot3_ws/install/turtlebot3:/home/gulislamoglu/turtlebot3_ws/install/turtlebot3_bringup:/home/gulislamoglu/turtlebot3_ws/install/turtlebot3_node:/home/gulislamoglu/turtlebot3_ws/install/turtlebot3_navigation2:/home/gulislamoglu/turtlebot3_ws/install/turtlebot3_msgs:/home/gulislamoglu/turtlebot3_ws/install/turtlebot3_description:/home/gulislamoglu/turtlebot3_ws/install/turtlebot3_cartographer:/home/gulislamoglu/turtlebot3_ws/install/dynamixel_sdk_examples:/home/gulislamoglu/turtlebot3_ws/install/dynamixel_sdk_custom_interfaces:/home/gulislamoglu/turtlebot3_ws/install/dynamixel_sdk:/home/gulislamoglu/turtlebot3_ws/install/turtlebot3_teleop:/home/gulislamoglu/turtlebot3_ws/install/turtlebot3_example:/opt/ros/humble LD_LIBRARY_PATH=/home/gulislamoglu/turtlebot3_patrolling/install/dynamixel_sdk_custom_interfaces/lib:/home/gulislamoglu/turtlebot3_patrolling/install/dynamixel_sdk/lib:${LD_LIBRARY_PATH} PYTHONPATH=/home/gulislamoglu/turtlebot3_patrolling/install/dynamixel_sdk_custom_interfaces/local/lib/python3.10/dist-packages:${PYTHONPATH} /usr/bin/cmake /home/gulislamoglu/turtlebot3_patrolling/utils/DynamixelSDK/dynamixel_sdk_examples -DAMENT_CMAKE_SYMLINK_INSTALL=1 -DCMAKE_INSTALL_PREFIX=/home/gulislamoglu/turtlebot3_patrolling/install/dynamixel_sdk_examples
[1.795s] Invoking command in '/home/gulislamoglu/turtlebot3_patrolling/build/dynamixel_sdk_examples': AMENT_PREFIX_PATH=/home/gulislamoglu/turtlebot3_patrolling/install/dynamixel_sdk_custom_interfaces:/home/gulislamoglu/turtlebot3_patrolling/install/dynamixel_sdk:${AMENT_PREFIX_PATH} CMAKE_PREFIX_PATH=/home/gulislamoglu/turtlebot3_patrolling/install/dynamixel_sdk_custom_interfaces:/home/gulislamoglu/turtlebot3_patrolling/install/dynamixel_sdk:/home/gulislamoglu/turtlebot3_ws/install/turtlebot3:/home/gulislamoglu/turtlebot3_ws/install/turtlebot3_bringup:/home/gulislamoglu/turtlebot3_ws/install/turtlebot3_node:/home/gulislamoglu/turtlebot3_ws/install/turtlebot3_navigation2:/home/gulislamoglu/turtlebot3_ws/install/turtlebot3_msgs:/home/gulislamoglu/turtlebot3_ws/install/turtlebot3_description:/home/gulislamoglu/turtlebot3_ws/install/turtlebot3_cartographer:/home/gulislamoglu/turtlebot3_ws/install/dynamixel_sdk_examples:/home/gulislamoglu/turtlebot3_ws/install/dynamixel_sdk_custom_interfaces:/home/gulislamoglu/turtlebot3_ws/install/dynamixel_sdk:/home/gulislamoglu/turtlebot3_ws/install/turtlebot3_teleop:/home/gulislamoglu/turtlebot3_ws/install/turtlebot3_example:/opt/ros/humble LD_LIBRARY_PATH=/home/gulislamoglu/turtlebot3_patrolling/install/dynamixel_sdk_custom_interfaces/lib:/home/gulislamoglu/turtlebot3_patrolling/install/dynamixel_sdk/lib:${LD_LIBRARY_PATH} PYTHONPATH=/home/gulislamoglu/turtlebot3_patrolling/install/dynamixel_sdk_custom_interfaces/local/lib/python3.10/dist-packages:${PYTHONPATH} /usr/bin/cmake --build /home/gulislamoglu/turtlebot3_patrolling/build/dynamixel_sdk_examples -- -j16 -l16
[1.854s] [ 50%] [32mBuilding CXX object CMakeFiles/read_write_node.dir/src/read_write_node.cpp.o[0m
[13.451s] [100%] [32m[1mLinking CXX executable read_write_node[0m
[13.997s] [100%] Built target read_write_node
[14.011s] Invoked command in '/home/gulislamoglu/turtlebot3_patrolling/build/dynamixel_sdk_examples' returned '0': AMENT_PREFIX_PATH=/home/gulislamoglu/turtlebot3_patrolling/install/dynamixel_sdk_custom_interfaces:/home/gulislamoglu/turtlebot3_patrolling/install/dynamixel_sdk:${AMENT_PREFIX_PATH} CMAKE_PREFIX_PATH=/home/gulislamoglu/turtlebot3_patrolling/install/dynamixel_sdk_custom_interfaces:/home/gulislamoglu/turtlebot3_patrolling/install/dynamixel_sdk:/home/gulislamoglu/turtlebot3_ws/install/turtlebot3:/home/gulislamoglu/turtlebot3_ws/install/turtlebot3_bringup:/home/gulislamoglu/turtlebot3_ws/install/turtlebot3_node:/home/gulislamoglu/turtlebot3_ws/install/turtlebot3_navigation2:/home/gulislamoglu/turtlebot3_ws/install/turtlebot3_msgs:/home/gulislamoglu/turtlebot3_ws/install/turtlebot3_description:/home/gulislamoglu/turtlebot3_ws/install/turtlebot3_cartographer:/home/gulislamoglu/turtlebot3_ws/install/dynamixel_sdk_examples:/home/gulislamoglu/turtlebot3_ws/install/dynamixel_sdk_custom_interfaces:/home/gulislamoglu/turtlebot3_ws/install/dynamixel_sdk:/home/gulislamoglu/turtlebot3_ws/install/turtlebot3_teleop:/home/gulislamoglu/turtlebot3_ws/install/turtlebot3_example:/opt/ros/humble LD_LIBRARY_PATH=/home/gulislamoglu/turtlebot3_patrolling/install/dynamixel_sdk_custom_interfaces/lib:/home/gulislamoglu/turtlebot3_patrolling/install/dynamixel_sdk/lib:${LD_LIBRARY_PATH} PYTHONPATH=/home/gulislamoglu/turtlebot3_patrolling/install/dynamixel_sdk_custom_interfaces/local/lib/python3.10/dist-packages:${PYTHONPATH} /usr/bin/cmake --build /home/gulislamoglu/turtlebot3_patrolling/build/dynamixel_sdk_examples -- -j16 -l16
[14.044s] Invoking command in '/home/gulislamoglu/turtlebot3_patrolling/build/dynamixel_sdk_examples': AMENT_PREFIX_PATH=/home/gulislamoglu/turtlebot3_patrolling/install/dynamixel_sdk_custom_interfaces:/home/gulislamoglu/turtlebot3_patrolling/install/dynamixel_sdk:${AMENT_PREFIX_PATH} CMAKE_PREFIX_PATH=/home/gulislamoglu/turtlebot3_patrolling/install/dynamixel_sdk_custom_interfaces:/home/gulislamoglu/turtlebot3_patrolling/install/dynamixel_sdk:/home/gulislamoglu/turtlebot3_ws/install/turtlebot3:/home/gulislamoglu/turtlebot3_ws/install/turtlebot3_bringup:/home/gulislamoglu/turtlebot3_ws/install/turtlebot3_node:/home/gulislamoglu/turtlebot3_ws/install/turtlebot3_navigation2:/home/gulislamoglu/turtlebot3_ws/install/turtlebot3_msgs:/home/gulislamoglu/turtlebot3_ws/install/turtlebot3_description:/home/gulislamoglu/turtlebot3_ws/install/turtlebot3_cartographer:/home/gulislamoglu/turtlebot3_ws/install/dynamixel_sdk_examples:/home/gulislamoglu/turtlebot3_ws/install/dynamixel_sdk_custom_interfaces:/home/gulislamoglu/turtlebot3_ws/install/dynamixel_sdk:/home/gulislamoglu/turtlebot3_ws/install/turtlebot3_teleop:/home/gulislamoglu/turtlebot3_ws/install/turtlebot3_example:/opt/ros/humble LD_LIBRARY_PATH=/home/gulislamoglu/turtlebot3_patrolling/install/dynamixel_sdk_custom_interfaces/lib:/home/gulislamoglu/turtlebot3_patrolling/install/dynamixel_sdk/lib:${LD_LIBRARY_PATH} PYTHONPATH=/home/gulislamoglu/turtlebot3_patrolling/install/dynamixel_sdk_custom_interfaces/local/lib/python3.10/dist-packages:${PYTHONPATH} /usr/bin/cmake --install /home/gulislamoglu/turtlebot3_patrolling/build/dynamixel_sdk_examples
[14.052s] -- Install configuration: ""
[14.052s] -- Execute custom install script
[14.053s] -- Symlinking: /home/gulislamoglu/turtlebot3_patrolling/install/dynamixel_sdk_examples/lib/dynamixel_sdk_examples/read_write_node
[14.063s] -- Symlinking: /home/gulislamoglu/turtlebot3_patrolling/install/dynamixel_sdk_examples/share/ament_index/resource_index/package_run_dependencies/dynamixel_sdk_examples
[14.074s] -- Symlinking: /home/gulislamoglu/turtlebot3_patrolling/install/dynamixel_sdk_examples/share/ament_index/resource_index/parent_prefix_path/dynamixel_sdk_examples
[14.087s] -- Symlinking: /home/gulislamoglu/turtlebot3_patrolling/install/dynamixel_sdk_examples/share/dynamixel_sdk_examples/environment/ament_prefix_path.sh
[14.097s] -- Symlinking: /home/gulislamoglu/turtlebot3_patrolling/install/dynamixel_sdk_examples/share/dynamixel_sdk_examples/environment/ament_prefix_path.dsv
[14.107s] -- Symlinking: /home/gulislamoglu/turtlebot3_patrolling/install/dynamixel_sdk_examples/share/dynamixel_sdk_examples/environment/path.sh
[14.119s] -- Symlinking: /home/gulislamoglu/turtlebot3_patrolling/install/dynamixel_sdk_examples/share/dynamixel_sdk_examples/environment/path.dsv
[14.128s] -- Symlinking: /home/gulislamoglu/turtlebot3_patrolling/install/dynamixel_sdk_examples/share/dynamixel_sdk_examples/local_setup.bash
[14.139s] -- Symlinking: /home/gulislamoglu/turtlebot3_patrolling/install/dynamixel_sdk_examples/share/dynamixel_sdk_examples/local_setup.sh
[14.151s] -- Symlinking: /home/gulislamoglu/turtlebot3_patrolling/install/dynamixel_sdk_examples/share/dynamixel_sdk_examples/local_setup.zsh
[14.161s] -- Symlinking: /home/gulislamoglu/turtlebot3_patrolling/install/dynamixel_sdk_examples/share/dynamixel_sdk_examples/local_setup.dsv
[14.172s] -- Symlinking: /home/gulislamoglu/turtlebot3_patrolling/install/dynamixel_sdk_examples/share/dynamixel_sdk_examples/package.dsv
[14.182s] -- Symlinking: /home/gulislamoglu/turtlebot3_patrolling/install/dynamixel_sdk_examples/share/ament_index/resource_index/packages/dynamixel_sdk_examples
[14.193s] -- Symlinking: /home/gulislamoglu/turtlebot3_patrolling/install/dynamixel_sdk_examples/share/dynamixel_sdk_examples/cmake/dynamixel_sdk_examplesConfig.cmake
[14.203s] -- Symlinking: /home/gulislamoglu/turtlebot3_patrolling/install/dynamixel_sdk_examples/share/dynamixel_sdk_examples/cmake/dynamixel_sdk_examplesConfig-version.cmake
[14.215s] -- Symlinking: /home/gulislamoglu/turtlebot3_patrolling/install/dynamixel_sdk_examples/share/dynamixel_sdk_examples/package.xml
[14.228s] Invoked command in '/home/gulislamoglu/turtlebot3_patrolling/build/dynamixel_sdk_examples' returned '0': AMENT_PREFIX_PATH=/home/gulislamoglu/turtlebot3_patrolling/install/dynamixel_sdk_custom_interfaces:/home/gulislamoglu/turtlebot3_patrolling/install/dynamixel_sdk:${AMENT_PREFIX_PATH} CMAKE_PREFIX_PATH=/home/gulislamoglu/turtlebot3_patrolling/install/dynamixel_sdk_custom_interfaces:/home/gulislamoglu/turtlebot3_patrolling/install/dynamixel_sdk:/home/gulislamoglu/turtlebot3_ws/install/turtlebot3:/home/gulislamoglu/turtlebot3_ws/install/turtlebot3_bringup:/home/gulislamoglu/turtlebot3_ws/install/turtlebot3_node:/home/gulislamoglu/turtlebot3_ws/install/turtlebot3_navigation2:/home/gulislamoglu/turtlebot3_ws/install/turtlebot3_msgs:/home/gulislamoglu/turtlebot3_ws/install/turtlebot3_description:/home/gulislamoglu/turtlebot3_ws/install/turtlebot3_cartographer:/home/gulislamoglu/turtlebot3_ws/install/dynamixel_sdk_examples:/home/gulislamoglu/turtlebot3_ws/install/dynamixel_sdk_custom_interfaces:/home/gulislamoglu/turtlebot3_ws/install/dynamixel_sdk:/home/gulislamoglu/turtlebot3_ws/install/turtlebot3_teleop:/home/gulislamoglu/turtlebot3_ws/install/turtlebot3_example:/opt/ros/humble LD_LIBRARY_PATH=/home/gulislamoglu/turtlebot3_patrolling/install/dynamixel_sdk_custom_interfaces/lib:/home/gulislamoglu/turtlebot3_patrolling/install/dynamixel_sdk/lib:${LD_LIBRARY_PATH} PYTHONPATH=/home/gulislamoglu/turtlebot3_patrolling/install/dynamixel_sdk_custom_interfaces/local/lib/python3.10/dist-packages:${PYTHONPATH} /usr/bin/cmake --install /home/gulislamoglu/turtlebot3_patrolling/build/dynamixel_sdk_examples
