[0.323s] Invoking command in '/home/gulislamoglu/turtlebot3_patrolling/build/turtlebot3_navigation2': CMAKE_PREFIX_PATH=${CMAKE_PREFIX_PATH}:/home/gulislamoglu/turtlebot3_patrolling/install/turtlebot3_teleop:/home/gulislamoglu/turtlebot3_patrolling/install/turtlebot3_example:/home/gulislamoglu/turtlebot3_patrolling/install/tb3_sim:/home/gulislamoglu/turtlebot3_ws/install/turtlebot3_teleop:/home/gulislamoglu/turtlebot3_ws/install/turtlebot3_example:/opt/ros/humble /usr/bin/cmake --build /home/gulislamoglu/turtlebot3_patrolling/build/turtlebot3_navigation2 -- -j16 -l16
[0.701s] Invoked command in '/home/gulislamoglu/turtlebot3_patrolling/build/turtlebot3_navigation2' returned '0': CMAKE_PREFIX_PATH=${CMAKE_PREFIX_PATH}:/home/gulislamoglu/turtlebot3_patrolling/install/turtlebot3_teleop:/home/gulislamoglu/turtlebot3_patrolling/install/turtlebot3_example:/home/gulislamoglu/turtlebot3_patrolling/install/tb3_sim:/home/gulislamoglu/turtlebot3_ws/install/turtlebot3_teleop:/home/gulislamoglu/turtlebot3_ws/install/turtlebot3_example:/opt/ros/humble /usr/bin/cmake --build /home/gulislamoglu/turtlebot3_patrolling/build/turtlebot3_navigation2 -- -j16 -l16
[1.093s] Invoking command in '/home/gulislamoglu/turtlebot3_patrolling/build/turtlebot3_navigation2': CMAKE_PREFIX_PATH=${CMAKE_PREFIX_PATH}:/home/gulislamoglu/turtlebot3_patrolling/install/turtlebot3_teleop:/home/gulislamoglu/turtlebot3_patrolling/install/turtlebot3_example:/home/gulislamoglu/turtlebot3_patrolling/install/tb3_sim:/home/gulislamoglu/turtlebot3_ws/install/turtlebot3_teleop:/home/gulislamoglu/turtlebot3_ws/install/turtlebot3_example:/opt/ros/humble /usr/bin/cmake --install /home/gulislamoglu/turtlebot3_patrolling/build/turtlebot3_navigation2
[1.111s] -- Install configuration: ""
[1.111s] -- Execute custom install script
[1.111s] -- Up-to-date symlink: /home/gulislamoglu/turtlebot3_patrolling/install/turtlebot3_navigation2/share/turtlebot3_navigation2/launch/navigation2.launch.py
[1.111s] -- Up-to-date symlink: /home/gulislamoglu/turtlebot3_patrolling/install/turtlebot3_navigation2/share/turtlebot3_navigation2/map/map.pgm
[1.112s] -- Up-to-date symlink: /home/gulislamoglu/turtlebot3_patrolling/install/turtlebot3_navigation2/share/turtlebot3_navigation2/map/map.yaml
[1.112s] -- Up-to-date symlink: /home/gulislamoglu/turtlebot3_patrolling/install/turtlebot3_navigation2/share/turtlebot3_navigation2/param/burger.yaml
[1.112s] -- Up-to-date symlink: /home/gulislamoglu/turtlebot3_patrolling/install/turtlebot3_navigation2/share/turtlebot3_navigation2/param/waffle.yaml
[1.113s] -- Up-to-date symlink: /home/gulislamoglu/turtlebot3_patrolling/install/turtlebot3_navigation2/share/turtlebot3_navigation2/param/waffle_pi.yaml
[1.113s] -- Up-to-date symlink: /home/gulislamoglu/turtlebot3_patrolling/install/turtlebot3_navigation2/share/turtlebot3_navigation2/rviz/tb3_navigation2.rviz
[1.113s] -- Up-to-date symlink: /home/gulislamoglu/turtlebot3_patrolling/install/turtlebot3_navigation2/share/ament_index/resource_index/package_run_dependencies/turtlebot3_navigation2
[1.113s] -- Up-to-date symlink: /home/gulislamoglu/turtlebot3_patrolling/install/turtlebot3_navigation2/share/ament_index/resource_index/parent_prefix_path/turtlebot3_navigation2
[1.115s] -- Up-to-date symlink: /home/gulislamoglu/turtlebot3_patrolling/install/turtlebot3_navigation2/share/turtlebot3_navigation2/environment/ament_prefix_path.sh
[1.115s] -- Up-to-date symlink: /home/gulislamoglu/turtlebot3_patrolling/install/turtlebot3_navigation2/share/turtlebot3_navigation2/environment/ament_prefix_path.dsv
[1.116s] -- Up-to-date symlink: /home/gulislamoglu/turtlebot3_patrolling/install/turtlebot3_navigation2/share/turtlebot3_navigation2/environment/path.sh
[1.116s] -- Up-to-date symlink: /home/gulislamoglu/turtlebot3_patrolling/install/turtlebot3_navigation2/share/turtlebot3_navigation2/environment/path.dsv
[1.116s] -- Up-to-date symlink: /home/gulislamoglu/turtlebot3_patrolling/install/turtlebot3_navigation2/share/turtlebot3_navigation2/local_setup.bash
[1.116s] -- Up-to-date symlink: /home/gulislamoglu/turtlebot3_patrolling/install/turtlebot3_navigation2/share/turtlebot3_navigation2/local_setup.sh
[1.116s] -- Up-to-date symlink: /home/gulislamoglu/turtlebot3_patrolling/install/turtlebot3_navigation2/share/turtlebot3_navigation2/local_setup.zsh
[1.116s] -- Up-to-date symlink: /home/gulislamoglu/turtlebot3_patrolling/install/turtlebot3_navigation2/share/turtlebot3_navigation2/local_setup.dsv
[1.116s] -- Symlinking: /home/gulislamoglu/turtlebot3_patrolling/install/turtlebot3_navigation2/share/turtlebot3_navigation2/package.dsv
[1.131s] -- Up-to-date symlink: /home/gulislamoglu/turtlebot3_patrolling/install/turtlebot3_navigation2/share/ament_index/resource_index/packages/turtlebot3_navigation2
[1.132s] -- Up-to-date symlink: /home/gulislamoglu/turtlebot3_patrolling/install/turtlebot3_navigation2/share/turtlebot3_navigation2/cmake/turtlebot3_navigation2Config.cmake
[1.132s] -- Up-to-date symlink: /home/gulislamoglu/turtlebot3_patrolling/install/turtlebot3_navigation2/share/turtlebot3_navigation2/cmake/turtlebot3_navigation2Config-version.cmake
[1.132s] -- Up-to-date symlink: /home/gulislamoglu/turtlebot3_patrolling/install/turtlebot3_navigation2/share/turtlebot3_navigation2/package.xml
[1.190s] Invoked command in '/home/gulislamoglu/turtlebot3_patrolling/build/turtlebot3_navigation2' returned '0': CMAKE_PREFIX_PATH=${CMAKE_PREFIX_PATH}:/home/gulislamoglu/turtlebot3_patrolling/install/turtlebot3_teleop:/home/gulislamoglu/turtlebot3_patrolling/install/turtlebot3_example:/home/gulislamoglu/turtlebot3_patrolling/install/tb3_sim:/home/gulislamoglu/turtlebot3_ws/install/turtlebot3_teleop:/home/gulislamoglu/turtlebot3_ws/install/turtlebot3_example:/opt/ros/humble /usr/bin/cmake --install /home/gulislamoglu/turtlebot3_patrolling/build/turtlebot3_navigation2
