[1.080s] Invoking command in '/home/gulislamoglu/turtlebot3_patrolling/build/turtlebot3_example': AMENT_PREFIX_PATH=/home/gulislamoglu/turtlebot3_patrolling/install/turtlebot3_msgs:${AMENT_PREFIX_PATH} CMAKE_PREFIX_PATH=/home/gulislamoglu/turtlebot3_patrolling/install/turtlebot3_msgs:${CMAKE_PREFIX_PATH} LD_LIBRARY_PATH=/home/gulislamoglu/turtlebot3_patrolling/install/turtlebot3_msgs/lib:${LD_LIBRARY_PATH} PYTHONPATH=/home/gulislamoglu/turtlebot3_patrolling/build/turtlebot3_example/prefix_override:/home/gulislamoglu/turtlebot3_patrolling/install/turtlebot3_example/lib/python3.10/site-packages:/home/gulislamoglu/turtlebot3_patrolling/install/turtlebot3_msgs/local/lib/python3.10/dist-packages:${PYTHONPATH} /usr/bin/python3 setup.py develop --editable --build-directory /home/gulislamoglu/turtlebot3_patrolling/build/turtlebot3_example/build --no-deps install_data
[1.341s] running develop
[1.500s] running egg_info
[1.501s] writing turtlebot3_example.egg-info/PKG-INFO
[1.502s] writing dependency_links to turtlebot3_example.egg-info/dependency_links.txt
[1.502s] writing entry points to turtlebot3_example.egg-info/entry_points.txt
[1.502s] writing requirements to turtlebot3_example.egg-info/requires.txt
[1.502s] writing top-level names to turtlebot3_example.egg-info/top_level.txt
[1.503s] reading manifest file 'turtlebot3_example.egg-info/SOURCES.txt'
[1.504s] writing manifest file 'turtlebot3_example.egg-info/SOURCES.txt'
[1.506s] running build_ext
[1.506s] Creating /home/gulislamoglu/turtlebot3_patrolling/install/turtlebot3_example/lib/python3.10/site-packages/turtlebot3-example.egg-link (link to .)
[1.506s] Installing turtlebot3_obstacle_detection script to /home/gulislamoglu/turtlebot3_patrolling/install/turtlebot3_example/lib/turtlebot3_example
[1.507s] Installing turtlebot3_patrol_client script to /home/gulislamoglu/turtlebot3_patrolling/install/turtlebot3_example/lib/turtlebot3_example
[1.507s] Installing turtlebot3_patrol_server script to /home/gulislamoglu/turtlebot3_patrolling/install/turtlebot3_example/lib/turtlebot3_example
[1.507s] Installing turtlebot3_position_control script to /home/gulislamoglu/turtlebot3_patrolling/install/turtlebot3_example/lib/turtlebot3_example
[1.507s] 
[1.507s] Installed /home/gulislamoglu/turtlebot3_patrolling/build/turtlebot3_example
[1.507s] running install_data
[1.609s] Invoked command in '/home/gulislamoglu/turtlebot3_patrolling/build/turtlebot3_example' returned '0': AMENT_PREFIX_PATH=/home/gulislamoglu/turtlebot3_patrolling/install/turtlebot3_msgs:${AMENT_PREFIX_PATH} CMAKE_PREFIX_PATH=/home/gulislamoglu/turtlebot3_patrolling/install/turtlebot3_msgs:${CMAKE_PREFIX_PATH} LD_LIBRARY_PATH=/home/gulislamoglu/turtlebot3_patrolling/install/turtlebot3_msgs/lib:${LD_LIBRARY_PATH} PYTHONPATH=/home/gulislamoglu/turtlebot3_patrolling/build/turtlebot3_example/prefix_override:/home/gulislamoglu/turtlebot3_patrolling/install/turtlebot3_example/lib/python3.10/site-packages:/home/gulislamoglu/turtlebot3_patrolling/install/turtlebot3_msgs/local/lib/python3.10/dist-packages:${PYTHONPATH} /usr/bin/python3 setup.py develop --editable --build-directory /home/gulislamoglu/turtlebot3_patrolling/build/turtlebot3_example/build --no-deps install_data
