[0.370s] Invoking command in '/home/gulislamoglu/turtlebot3_patrolling/build/turtlebot3_description': CMAKE_PREFIX_PATH=${CMAKE_PREFIX_PATH}:/home/gulislamoglu/turtlebot3_ws/install/turtlebot3_teleop:/home/gulislamoglu/turtlebot3_ws/install/turtlebot3_example:/opt/ros/humble /usr/bin/cmake /home/gulislamoglu/turtlebot3_patrolling/turtlebot3/turtlebot3/turtlebot3_description -DAMENT_CMAKE_SYMLINK_INSTALL=1 -DCMAKE_INSTALL_PREFIX=/home/gulislamoglu/turtlebot3_patrolling/install/turtlebot3_description
[0.527s] -- The C compiler identification is GNU 11.4.0
[0.656s] -- The CXX compiler identification is GNU 11.4.0
[0.667s] -- Detecting C compiler ABI info
[0.758s] -- Detecting C compiler ABI info - done
[0.768s] -- Check for working C compiler: /usr/bin/cc - skipped
[0.768s] -- Detecting C compile features
[0.768s] -- Detecting C compile features - done
[0.772s] -- Detecting CXX compiler ABI info
[0.873s] -- Detecting CXX compiler ABI info - done
[0.883s] -- Check for working CXX compiler: /usr/bin/c++ - skipped
[0.883s] -- Detecting CXX compile features
[0.884s] -- Detecting CXX compile features - done
[0.889s] -- Found ament_cmake: 1.3.8 (/opt/ros/humble/share/ament_cmake/cmake)
[1.086s] -- Found Python3: /usr/bin/python3 (found version "3.10.12") found components: Interpreter 
[1.166s] -- Override CMake install command with custom implementation using symlinks instead of copying resources
[1.214s] -- Found urdf: 2.6.0 (/opt/ros/humble/share/urdf/cmake)
[1.402s] -- Configuring done
[1.406s] -- Generating done
[1.408s] -- Build files have been written to: /home/gulislamoglu/turtlebot3_patrolling/build/turtlebot3_description
[1.417s] Invoked command in '/home/gulislamoglu/turtlebot3_patrolling/build/turtlebot3_description' returned '0': CMAKE_PREFIX_PATH=${CMAKE_PREFIX_PATH}:/home/gulislamoglu/turtlebot3_ws/install/turtlebot3_teleop:/home/gulislamoglu/turtlebot3_ws/install/turtlebot3_example:/opt/ros/humble /usr/bin/cmake /home/gulislamoglu/turtlebot3_patrolling/turtlebot3/turtlebot3/turtlebot3_description -DAMENT_CMAKE_SYMLINK_INSTALL=1 -DCMAKE_INSTALL_PREFIX=/home/gulislamoglu/turtlebot3_patrolling/install/turtlebot3_description
[1.419s] Invoking command in '/home/gulislamoglu/turtlebot3_patrolling/build/turtlebot3_description': CMAKE_PREFIX_PATH=${CMAKE_PREFIX_PATH}:/home/gulislamoglu/turtlebot3_ws/install/turtlebot3_teleop:/home/gulislamoglu/turtlebot3_ws/install/turtlebot3_example:/opt/ros/humble /usr/bin/cmake --build /home/gulislamoglu/turtlebot3_patrolling/build/turtlebot3_description -- -j16 -l16
[1.489s] Invoked command in '/home/gulislamoglu/turtlebot3_patrolling/build/turtlebot3_description' returned '0': CMAKE_PREFIX_PATH=${CMAKE_PREFIX_PATH}:/home/gulislamoglu/turtlebot3_ws/install/turtlebot3_teleop:/home/gulislamoglu/turtlebot3_ws/install/turtlebot3_example:/opt/ros/humble /usr/bin/cmake --build /home/gulislamoglu/turtlebot3_patrolling/build/turtlebot3_description -- -j16 -l16
[1.530s] Invoking command in '/home/gulislamoglu/turtlebot3_patrolling/build/turtlebot3_description': CMAKE_PREFIX_PATH=${CMAKE_PREFIX_PATH}:/home/gulislamoglu/turtlebot3_ws/install/turtlebot3_teleop:/home/gulislamoglu/turtlebot3_ws/install/turtlebot3_example:/opt/ros/humble /usr/bin/cmake --install /home/gulislamoglu/turtlebot3_patrolling/build/turtlebot3_description
[1.541s] -- Install configuration: ""
[1.542s] -- Execute custom install script
[1.544s] -- Symlinking: /home/gulislamoglu/turtlebot3_patrolling/install/turtlebot3_description/share/turtlebot3_description/meshes/bases/burger_base.stl
[1.559s] -- Symlinking: /home/gulislamoglu/turtlebot3_patrolling/install/turtlebot3_description/share/turtlebot3_description/meshes/bases/waffle_base.stl
[1.575s] -- Symlinking: /home/gulislamoglu/turtlebot3_patrolling/install/turtlebot3_description/share/turtlebot3_description/meshes/bases/waffle_pi_base.stl
[1.591s] -- Symlinking: /home/gulislamoglu/turtlebot3_patrolling/install/turtlebot3_description/share/turtlebot3_description/meshes/sensors/astra.dae
[1.605s] -- Symlinking: /home/gulislamoglu/turtlebot3_patrolling/install/turtlebot3_description/share/turtlebot3_description/meshes/sensors/astra.jpg
[1.621s] -- Symlinking: /home/gulislamoglu/turtlebot3_patrolling/install/turtlebot3_description/share/turtlebot3_description/meshes/sensors/lds.stl
[1.633s] -- Symlinking: /home/gulislamoglu/turtlebot3_patrolling/install/turtlebot3_description/share/turtlebot3_description/meshes/sensors/r200.dae
[1.649s] -- Symlinking: /home/gulislamoglu/turtlebot3_patrolling/install/turtlebot3_description/share/turtlebot3_description/meshes/sensors/r200.jpg
[1.664s] -- Symlinking: /home/gulislamoglu/turtlebot3_patrolling/install/turtlebot3_description/share/turtlebot3_description/meshes/wheels/left_tire.stl
[1.678s] -- Symlinking: /home/gulislamoglu/turtlebot3_patrolling/install/turtlebot3_description/share/turtlebot3_description/meshes/wheels/right_tire.stl
[1.692s] -- Symlinking: /home/gulislamoglu/turtlebot3_patrolling/install/turtlebot3_description/share/turtlebot3_description/rviz/model.rviz
[1.705s] -- Symlinking: /home/gulislamoglu/turtlebot3_patrolling/install/turtlebot3_description/share/turtlebot3_description/urdf/common_properties.urdf
[1.718s] -- Symlinking: /home/gulislamoglu/turtlebot3_patrolling/install/turtlebot3_description/share/turtlebot3_description/urdf/turtlebot3_burger.urdf
[1.733s] -- Symlinking: /home/gulislamoglu/turtlebot3_patrolling/install/turtlebot3_description/share/turtlebot3_description/urdf/turtlebot3_waffle.urdf
[1.745s] -- Symlinking: /home/gulislamoglu/turtlebot3_patrolling/install/turtlebot3_description/share/turtlebot3_description/urdf/turtlebot3_waffle_pi.urdf
[1.757s] -- Symlinking: /home/gulislamoglu/turtlebot3_patrolling/install/turtlebot3_description/share/ament_index/resource_index/package_run_dependencies/turtlebot3_description
[1.772s] -- Symlinking: /home/gulislamoglu/turtlebot3_patrolling/install/turtlebot3_description/share/ament_index/resource_index/parent_prefix_path/turtlebot3_description
[1.786s] -- Symlinking: /home/gulislamoglu/turtlebot3_patrolling/install/turtlebot3_description/share/turtlebot3_description/environment/ament_prefix_path.sh
[1.800s] -- Symlinking: /home/gulislamoglu/turtlebot3_patrolling/install/turtlebot3_description/share/turtlebot3_description/environment/ament_prefix_path.dsv
[1.814s] -- Symlinking: /home/gulislamoglu/turtlebot3_patrolling/install/turtlebot3_description/share/turtlebot3_description/environment/path.sh
[1.828s] -- Symlinking: /home/gulislamoglu/turtlebot3_patrolling/install/turtlebot3_description/share/turtlebot3_description/environment/path.dsv
[1.843s] -- Symlinking: /home/gulislamoglu/turtlebot3_patrolling/install/turtlebot3_description/share/turtlebot3_description/local_setup.bash
[1.858s] -- Symlinking: /home/gulislamoglu/turtlebot3_patrolling/install/turtlebot3_description/share/turtlebot3_description/local_setup.sh
[1.873s] -- Symlinking: /home/gulislamoglu/turtlebot3_patrolling/install/turtlebot3_description/share/turtlebot3_description/local_setup.zsh
[1.888s] -- Symlinking: /home/gulislamoglu/turtlebot3_patrolling/install/turtlebot3_description/share/turtlebot3_description/local_setup.dsv
[1.899s] -- Symlinking: /home/gulislamoglu/turtlebot3_patrolling/install/turtlebot3_description/share/turtlebot3_description/package.dsv
[1.910s] -- Symlinking: /home/gulislamoglu/turtlebot3_patrolling/install/turtlebot3_description/share/ament_index/resource_index/packages/turtlebot3_description
[1.921s] -- Symlinking: /home/gulislamoglu/turtlebot3_patrolling/install/turtlebot3_description/share/turtlebot3_description/cmake/turtlebot3_descriptionConfig.cmake
[1.932s] -- Symlinking: /home/gulislamoglu/turtlebot3_patrolling/install/turtlebot3_description/share/turtlebot3_description/cmake/turtlebot3_descriptionConfig-version.cmake
[1.942s] -- Symlinking: /home/gulislamoglu/turtlebot3_patrolling/install/turtlebot3_description/share/turtlebot3_description/package.xml
[2.082s] Invoked command in '/home/gulislamoglu/turtlebot3_patrolling/build/turtlebot3_description' returned '0': CMAKE_PREFIX_PATH=${CMAKE_PREFIX_PATH}:/home/gulislamoglu/turtlebot3_ws/install/turtlebot3_teleop:/home/gulislamoglu/turtlebot3_ws/install/turtlebot3_example:/opt/ros/humble /usr/bin/cmake --install /home/gulislamoglu/turtlebot3_patrolling/build/turtlebot3_description
