[0.543s] Invoking command in '/home/gulislamoglu/turtlebot3_patrolling/build/tb3_autonomy': CMAKE_PREFIX_PATH=${CMAKE_PREFIX_PATH}:/home/gulislamoglu/turtlebot3_patrolling/install/turtlebot3_teleop:/home/gulislamoglu/turtlebot3_patrolling/install/turtlebot3_example:/home/gulislamoglu/turtlebot3_patrolling/install/tb3_sim:/home/gulislamoglu/turtlebot3_ws/install/turtlebot3_teleop:/home/gulislamoglu/turtlebot3_ws/install/turtlebot3_example:/opt/ros/humble /usr/bin/cmake --build /home/gulislamoglu/turtlebot3_patrolling/build/tb3_autonomy -- -j16 -l16
[0.609s] [100%] Built target autonomy_node
[0.925s] Invoked command in '/home/gulislamoglu/turtlebot3_patrolling/build/tb3_autonomy' returned '0': CMAKE_PREFIX_PATH=${CMAKE_PREFIX_PATH}:/home/gulislamoglu/turtlebot3_patrolling/install/turtlebot3_teleop:/home/gulislamoglu/turtlebot3_patrolling/install/turtlebot3_example:/home/gulislamoglu/turtlebot3_patrolling/install/tb3_sim:/home/gulislamoglu/turtlebot3_ws/install/turtlebot3_teleop:/home/gulislamoglu/turtlebot3_ws/install/turtlebot3_example:/opt/ros/humble /usr/bin/cmake --build /home/gulislamoglu/turtlebot3_patrolling/build/tb3_autonomy -- -j16 -l16
[0.984s] Invoking command in '/home/gulislamoglu/turtlebot3_patrolling/build/tb3_autonomy': CMAKE_PREFIX_PATH=${CMAKE_PREFIX_PATH}:/home/gulislamoglu/turtlebot3_patrolling/install/turtlebot3_teleop:/home/gulislamoglu/turtlebot3_patrolling/install/turtlebot3_example:/home/gulislamoglu/turtlebot3_patrolling/install/tb3_sim:/home/gulislamoglu/turtlebot3_ws/install/turtlebot3_teleop:/home/gulislamoglu/turtlebot3_ws/install/turtlebot3_example:/opt/ros/humble /usr/bin/cmake --install /home/gulislamoglu/turtlebot3_patrolling/build/tb3_autonomy
[0.990s] -- Install configuration: ""
[0.990s] -- Execute custom install script
[0.990s] -- Up-to-date symlink: /home/gulislamoglu/turtlebot3_patrolling/install/tb3_autonomy/share/tb3_autonomy/bt_xml/tree.xml
[0.990s] -- Up-to-date symlink: /home/gulislamoglu/turtlebot3_patrolling/install/tb3_autonomy/share/tb3_autonomy/launch/autonomy.launch.py
[0.990s] -- Up-to-date symlink: /home/gulislamoglu/turtlebot3_patrolling/install/tb3_autonomy/lib/tb3_autonomy/autonomy_node
[0.991s] -- Up-to-date symlink: /home/gulislamoglu/turtlebot3_patrolling/install/tb3_autonomy/share/ament_index/resource_index/package_run_dependencies/tb3_autonomy
[0.991s] -- Up-to-date symlink: /home/gulislamoglu/turtlebot3_patrolling/install/tb3_autonomy/share/ament_index/resource_index/parent_prefix_path/tb3_autonomy
[0.991s] -- Up-to-date symlink: /home/gulislamoglu/turtlebot3_patrolling/install/tb3_autonomy/share/tb3_autonomy/environment/ament_prefix_path.sh
[0.991s] -- Up-to-date symlink: /home/gulislamoglu/turtlebot3_patrolling/install/tb3_autonomy/share/tb3_autonomy/environment/ament_prefix_path.dsv
[0.992s] -- Up-to-date symlink: /home/gulislamoglu/turtlebot3_patrolling/install/tb3_autonomy/share/tb3_autonomy/environment/path.sh
[0.992s] -- Up-to-date symlink: /home/gulislamoglu/turtlebot3_patrolling/install/tb3_autonomy/share/tb3_autonomy/environment/path.dsv
[0.992s] -- Up-to-date symlink: /home/gulislamoglu/turtlebot3_patrolling/install/tb3_autonomy/share/tb3_autonomy/local_setup.bash
[0.992s] -- Up-to-date symlink: /home/gulislamoglu/turtlebot3_patrolling/install/tb3_autonomy/share/tb3_autonomy/local_setup.sh
[0.992s] -- Up-to-date symlink: /home/gulislamoglu/turtlebot3_patrolling/install/tb3_autonomy/share/tb3_autonomy/local_setup.zsh
[0.992s] -- Up-to-date symlink: /home/gulislamoglu/turtlebot3_patrolling/install/tb3_autonomy/share/tb3_autonomy/local_setup.dsv
[0.992s] -- Symlinking: /home/gulislamoglu/turtlebot3_patrolling/install/tb3_autonomy/share/tb3_autonomy/package.dsv
[0.999s] -- Up-to-date symlink: /home/gulislamoglu/turtlebot3_patrolling/install/tb3_autonomy/share/ament_index/resource_index/packages/tb3_autonomy
[0.999s] -- Up-to-date symlink: /home/gulislamoglu/turtlebot3_patrolling/install/tb3_autonomy/share/tb3_autonomy/cmake/tb3_autonomyConfig.cmake
[0.999s] -- Up-to-date symlink: /home/gulislamoglu/turtlebot3_patrolling/install/tb3_autonomy/share/tb3_autonomy/cmake/tb3_autonomyConfig-version.cmake
[1.000s] -- Up-to-date symlink: /home/gulislamoglu/turtlebot3_patrolling/install/tb3_autonomy/share/tb3_autonomy/package.xml
[1.239s] Invoked command in '/home/gulislamoglu/turtlebot3_patrolling/build/tb3_autonomy' returned '0': CMAKE_PREFIX_PATH=${CMAKE_PREFIX_PATH}:/home/gulislamoglu/turtlebot3_patrolling/install/turtlebot3_teleop:/home/gulislamoglu/turtlebot3_patrolling/install/turtlebot3_example:/home/gulislamoglu/turtlebot3_patrolling/install/tb3_sim:/home/gulislamoglu/turtlebot3_ws/install/turtlebot3_teleop:/home/gulislamoglu/turtlebot3_ws/install/turtlebot3_example:/opt/ros/humble /usr/bin/cmake --install /home/gulislamoglu/turtlebot3_patrolling/build/tb3_autonomy
