[0.708s] Invoking command in '/home/gulislamoglu/turtlebot3_patrolling/build/dynamixel_sdk': CMAKE_PREFIX_PATH=${CMAKE_PREFIX_PATH}:/home/gulislamoglu/turtlebot3_patrolling/install/turtlebot3_teleop:/home/gulislamoglu/turtlebot3_patrolling/install/turtlebot3_example:/home/gulislamoglu/turtlebot3_patrolling/install/tb3_sim:/home/gulislamoglu/turtlebot3_ws/install/turtlebot3_teleop:/home/gulislamoglu/turtlebot3_ws/install/turtlebot3_example:/opt/ros/humble /usr/bin/cmake --build /home/gulislamoglu/turtlebot3_patrolling/build/dynamixel_sdk -- -j16 -l16
[1.101s] [100%] Built target dynamixel_sdk
[1.112s] Invoked command in '/home/gulislamoglu/turtlebot3_patrolling/build/dynamixel_sdk' returned '0': CMAKE_PREFIX_PATH=${CMAKE_PREFIX_PATH}:/home/gulislamoglu/turtlebot3_patrolling/install/turtlebot3_teleop:/home/gulislamoglu/turtlebot3_patrolling/install/turtlebot3_example:/home/gulislamoglu/turtlebot3_patrolling/install/tb3_sim:/home/gulislamoglu/turtlebot3_ws/install/turtlebot3_teleop:/home/gulislamoglu/turtlebot3_ws/install/turtlebot3_example:/opt/ros/humble /usr/bin/cmake --build /home/gulislamoglu/turtlebot3_patrolling/build/dynamixel_sdk -- -j16 -l16
[1.507s] Invoking command in '/home/gulislamoglu/turtlebot3_patrolling/build/dynamixel_sdk': CMAKE_PREFIX_PATH=${CMAKE_PREFIX_PATH}:/home/gulislamoglu/turtlebot3_patrolling/install/turtlebot3_teleop:/home/gulislamoglu/turtlebot3_patrolling/install/turtlebot3_example:/home/gulislamoglu/turtlebot3_patrolling/install/tb3_sim:/home/gulislamoglu/turtlebot3_ws/install/turtlebot3_teleop:/home/gulislamoglu/turtlebot3_ws/install/turtlebot3_example:/opt/ros/humble /usr/bin/cmake --install /home/gulislamoglu/turtlebot3_patrolling/build/dynamixel_sdk
[1.534s] -- Install configuration: ""
[1.534s] -- Execute custom install script
[1.534s] -- Up-to-date symlink: /home/gulislamoglu/turtlebot3_patrolling/install/dynamixel_sdk/include//dynamixel_sdk/dynamixel_sdk.h
[1.534s] -- Up-to-date symlink: /home/gulislamoglu/turtlebot3_patrolling/install/dynamixel_sdk/include//dynamixel_sdk/group_bulk_read.h
[1.534s] -- Up-to-date symlink: /home/gulislamoglu/turtlebot3_patrolling/install/dynamixel_sdk/include//dynamixel_sdk/group_bulk_write.h
[1.534s] -- Up-to-date symlink: /home/gulislamoglu/turtlebot3_patrolling/install/dynamixel_sdk/include//dynamixel_sdk/group_sync_read.h
[1.534s] -- Up-to-date symlink: /home/gulislamoglu/turtlebot3_patrolling/install/dynamixel_sdk/include//dynamixel_sdk/group_sync_write.h
[1.535s] -- Up-to-date symlink: /home/gulislamoglu/turtlebot3_patrolling/install/dynamixel_sdk/include//dynamixel_sdk/packet_handler.h
[1.535s] -- Up-to-date symlink: /home/gulislamoglu/turtlebot3_patrolling/install/dynamixel_sdk/include//dynamixel_sdk/port_handler.h
[1.535s] -- Up-to-date symlink: /home/gulislamoglu/turtlebot3_patrolling/install/dynamixel_sdk/include//dynamixel_sdk/port_handler_arduino.h
[1.535s] -- Up-to-date symlink: /home/gulislamoglu/turtlebot3_patrolling/install/dynamixel_sdk/include//dynamixel_sdk/port_handler_linux.h
[1.535s] -- Up-to-date symlink: /home/gulislamoglu/turtlebot3_patrolling/install/dynamixel_sdk/include//dynamixel_sdk/port_handler_mac.h
[1.535s] -- Up-to-date symlink: /home/gulislamoglu/turtlebot3_patrolling/install/dynamixel_sdk/include//dynamixel_sdk/port_handler_windows.h
[1.535s] -- Up-to-date symlink: /home/gulislamoglu/turtlebot3_patrolling/install/dynamixel_sdk/include//dynamixel_sdk/protocol1_packet_handler.h
[1.535s] -- Up-to-date symlink: /home/gulislamoglu/turtlebot3_patrolling/install/dynamixel_sdk/include//dynamixel_sdk/protocol2_packet_handler.h
[1.536s] -- Up-to-date symlink: /home/gulislamoglu/turtlebot3_patrolling/install/dynamixel_sdk/lib/libdynamixel_sdk.so
[1.536s] -- Up-to-date symlink: /home/gulislamoglu/turtlebot3_patrolling/install/dynamixel_sdk/share/dynamixel_sdk/environment/library_path.sh
[1.536s] -- Up-to-date symlink: /home/gulislamoglu/turtlebot3_patrolling/install/dynamixel_sdk/share/dynamixel_sdk/environment/library_path.dsv
[1.536s] -- Up-to-date symlink: /home/gulislamoglu/turtlebot3_patrolling/install/dynamixel_sdk/share/ament_index/resource_index/package_run_dependencies/dynamixel_sdk
[1.536s] -- Up-to-date symlink: /home/gulislamoglu/turtlebot3_patrolling/install/dynamixel_sdk/share/ament_index/resource_index/parent_prefix_path/dynamixel_sdk
[1.536s] -- Up-to-date symlink: /home/gulislamoglu/turtlebot3_patrolling/install/dynamixel_sdk/share/dynamixel_sdk/environment/ament_prefix_path.sh
[1.536s] -- Up-to-date symlink: /home/gulislamoglu/turtlebot3_patrolling/install/dynamixel_sdk/share/dynamixel_sdk/environment/ament_prefix_path.dsv
[1.537s] -- Up-to-date symlink: /home/gulislamoglu/turtlebot3_patrolling/install/dynamixel_sdk/share/dynamixel_sdk/environment/path.sh
[1.537s] -- Up-to-date symlink: /home/gulislamoglu/turtlebot3_patrolling/install/dynamixel_sdk/share/dynamixel_sdk/environment/path.dsv
[1.537s] -- Up-to-date symlink: /home/gulislamoglu/turtlebot3_patrolling/install/dynamixel_sdk/share/dynamixel_sdk/local_setup.bash
[1.537s] -- Up-to-date symlink: /home/gulislamoglu/turtlebot3_patrolling/install/dynamixel_sdk/share/dynamixel_sdk/local_setup.sh
[1.537s] -- Up-to-date symlink: /home/gulislamoglu/turtlebot3_patrolling/install/dynamixel_sdk/share/dynamixel_sdk/local_setup.zsh
[1.537s] -- Up-to-date symlink: /home/gulislamoglu/turtlebot3_patrolling/install/dynamixel_sdk/share/dynamixel_sdk/local_setup.dsv
[1.538s] -- Symlinking: /home/gulislamoglu/turtlebot3_patrolling/install/dynamixel_sdk/share/dynamixel_sdk/package.dsv
[1.545s] -- Up-to-date symlink: /home/gulislamoglu/turtlebot3_patrolling/install/dynamixel_sdk/share/ament_index/resource_index/packages/dynamixel_sdk
[1.545s] -- Up-to-date symlink: /home/gulislamoglu/turtlebot3_patrolling/install/dynamixel_sdk/share/dynamixel_sdk/cmake/ament_cmake_export_include_directories-extras.cmake
[1.545s] -- Up-to-date symlink: /home/gulislamoglu/turtlebot3_patrolling/install/dynamixel_sdk/share/dynamixel_sdk/cmake/ament_cmake_export_libraries-extras.cmake
[1.546s] -- Up-to-date symlink: /home/gulislamoglu/turtlebot3_patrolling/install/dynamixel_sdk/share/dynamixel_sdk/cmake/dynamixel_sdkConfig.cmake
[1.546s] -- Up-to-date symlink: /home/gulislamoglu/turtlebot3_patrolling/install/dynamixel_sdk/share/dynamixel_sdk/cmake/dynamixel_sdkConfig-version.cmake
[1.547s] -- Up-to-date symlink: /home/gulislamoglu/turtlebot3_patrolling/install/dynamixel_sdk/share/dynamixel_sdk/package.xml
[1.644s] Invoked command in '/home/gulislamoglu/turtlebot3_patrolling/build/dynamixel_sdk' returned '0': CMAKE_PREFIX_PATH=${CMAKE_PREFIX_PATH}:/home/gulislamoglu/turtlebot3_patrolling/install/turtlebot3_teleop:/home/gulislamoglu/turtlebot3_patrolling/install/turtlebot3_example:/home/gulislamoglu/turtlebot3_patrolling/install/tb3_sim:/home/gulislamoglu/turtlebot3_ws/install/turtlebot3_teleop:/home/gulislamoglu/turtlebot3_ws/install/turtlebot3_example:/opt/ros/humble /usr/bin/cmake --install /home/gulislamoglu/turtlebot3_patrolling/build/dynamixel_sdk
