[0.394s] Invoking command in '/home/gulislamoglu/turtlebot3_patrolling/build/turtlebot3_cartographer': CMAKE_PREFIX_PATH=${CMAKE_PREFIX_PATH}:/home/gulislamoglu/turtlebot3_ws/install/turtlebot3_teleop:/home/gulislamoglu/turtlebot3_ws/install/turtlebot3_example:/opt/ros/humble /usr/bin/cmake --build /home/gulislamoglu/turtlebot3_patrolling/build/turtlebot3_cartographer -- -j16 -l16
[1.123s] Invoked command in '/home/gulislamoglu/turtlebot3_patrolling/build/turtlebot3_cartographer' returned '0': CMAKE_PREFIX_PATH=${CMAKE_PREFIX_PATH}:/home/gulislamoglu/turtlebot3_ws/install/turtlebot3_teleop:/home/gulislamoglu/turtlebot3_ws/install/turtlebot3_example:/opt/ros/humble /usr/bin/cmake --build /home/gulislamoglu/turtlebot3_patrolling/build/turtlebot3_cartographer -- -j16 -l16
[1.180s] Invoking command in '/home/gulislamoglu/turtlebot3_patrolling/build/turtlebot3_cartographer': CMAKE_PREFIX_PATH=${CMAKE_PREFIX_PATH}:/home/gulislamoglu/turtlebot3_ws/install/turtlebot3_teleop:/home/gulislamoglu/turtlebot3_ws/install/turtlebot3_example:/opt/ros/humble /usr/bin/cmake --install /home/gulislamoglu/turtlebot3_patrolling/build/turtlebot3_cartographer
[1.194s] -- Install configuration: ""
[1.195s] -- Execute custom install script
[1.195s] -- Up-to-date symlink: /home/gulislamoglu/turtlebot3_patrolling/install/turtlebot3_cartographer/share/turtlebot3_cartographer/config/turtlebot3_lds_2d.lua
[1.195s] -- Up-to-date symlink: /home/gulislamoglu/turtlebot3_patrolling/install/turtlebot3_cartographer/share/turtlebot3_cartographer/launch/cartographer.launch.py
[1.196s] -- Up-to-date symlink: /home/gulislamoglu/turtlebot3_patrolling/install/turtlebot3_cartographer/share/turtlebot3_cartographer/launch/occupancy_grid.launch.py
[1.197s] -- Up-to-date symlink: /home/gulislamoglu/turtlebot3_patrolling/install/turtlebot3_cartographer/share/turtlebot3_cartographer/rviz/tb3_cartographer.rviz
[1.197s] -- Up-to-date symlink: /home/gulislamoglu/turtlebot3_patrolling/install/turtlebot3_cartographer/share/ament_index/resource_index/package_run_dependencies/turtlebot3_cartographer
[1.197s] -- Up-to-date symlink: /home/gulislamoglu/turtlebot3_patrolling/install/turtlebot3_cartographer/share/ament_index/resource_index/parent_prefix_path/turtlebot3_cartographer
[1.198s] -- Up-to-date symlink: /home/gulislamoglu/turtlebot3_patrolling/install/turtlebot3_cartographer/share/turtlebot3_cartographer/environment/ament_prefix_path.sh
[1.198s] -- Up-to-date symlink: /home/gulislamoglu/turtlebot3_patrolling/install/turtlebot3_cartographer/share/turtlebot3_cartographer/environment/ament_prefix_path.dsv
[1.198s] -- Up-to-date symlink: /home/gulislamoglu/turtlebot3_patrolling/install/turtlebot3_cartographer/share/turtlebot3_cartographer/environment/path.sh
[1.199s] -- Up-to-date symlink: /home/gulislamoglu/turtlebot3_patrolling/install/turtlebot3_cartographer/share/turtlebot3_cartographer/environment/path.dsv
[1.207s] -- Up-to-date symlink: /home/gulislamoglu/turtlebot3_patrolling/install/turtlebot3_cartographer/share/turtlebot3_cartographer/local_setup.bash
[1.207s] -- Up-to-date symlink: /home/gulislamoglu/turtlebot3_patrolling/install/turtlebot3_cartographer/share/turtlebot3_cartographer/local_setup.sh
[1.207s] -- Up-to-date symlink: /home/gulislamoglu/turtlebot3_patrolling/install/turtlebot3_cartographer/share/turtlebot3_cartographer/local_setup.zsh
[1.208s] -- Up-to-date symlink: /home/gulislamoglu/turtlebot3_patrolling/install/turtlebot3_cartographer/share/turtlebot3_cartographer/local_setup.dsv
[1.209s] -- Symlinking: /home/gulislamoglu/turtlebot3_patrolling/install/turtlebot3_cartographer/share/turtlebot3_cartographer/package.dsv
[1.216s] -- Up-to-date symlink: /home/gulislamoglu/turtlebot3_patrolling/install/turtlebot3_cartographer/share/ament_index/resource_index/packages/turtlebot3_cartographer
[1.216s] -- Up-to-date symlink: /home/gulislamoglu/turtlebot3_patrolling/install/turtlebot3_cartographer/share/turtlebot3_cartographer/cmake/turtlebot3_cartographerConfig.cmake
[1.216s] -- Up-to-date symlink: /home/gulislamoglu/turtlebot3_patrolling/install/turtlebot3_cartographer/share/turtlebot3_cartographer/cmake/turtlebot3_cartographerConfig-version.cmake
[1.216s] -- Up-to-date symlink: /home/gulislamoglu/turtlebot3_patrolling/install/turtlebot3_cartographer/share/turtlebot3_cartographer/package.xml
[1.223s] Invoked command in '/home/gulislamoglu/turtlebot3_patrolling/build/turtlebot3_cartographer' returned '0': CMAKE_PREFIX_PATH=${CMAKE_PREFIX_PATH}:/home/gulislamoglu/turtlebot3_ws/install/turtlebot3_teleop:/home/gulislamoglu/turtlebot3_ws/install/turtlebot3_example:/opt/ros/humble /usr/bin/cmake --install /home/gulislamoglu/turtlebot3_patrolling/build/turtlebot3_cartographer
