[0.470s] Invoking command in '/home/gulislamoglu/turtlebot3_patrolling/build/dynamixel_sdk': CMAKE_PREFIX_PATH=${CMAKE_PREFIX_PATH}:/home/gulislamoglu/turtlebot3_ws/install/turtlebot3_teleop:/home/gulislamoglu/turtlebot3_ws/install/turtlebot3_example:/opt/ros/humble /usr/bin/cmake /home/gulislamoglu/turtlebot3_patrolling/utils/DynamixelSDK/dynamixel_sdk -DAMENT_CMAKE_SYMLINK_INSTALL=1 -DCMAKE_INSTALL_PREFIX=/home/gulislamoglu/turtlebot3_patrolling/install/dynamixel_sdk
[0.632s] -- The C compiler identification is GNU 11.4.0
[0.761s] -- The CXX compiler identification is GNU 11.4.0
[0.772s] -- Detecting C compiler ABI info
[0.870s] -- Detecting C compiler ABI info - done
[0.879s] -- Check for working C compiler: /usr/bin/cc - skipped
[0.879s] -- Detecting C compile features
[0.880s] -- Detecting C compile features - done
[0.883s] -- Detecting CXX compiler ABI info
[0.978s] -- Detecting CXX compiler ABI info - done
[0.988s] -- Check for working CXX compiler: /usr/bin/c++ - skipped
[0.988s] -- Detecting CXX compile features
[0.989s] -- Detecting CXX compile features - done
[0.993s] -- Found ament_cmake: 1.3.8 (/opt/ros/humble/share/ament_cmake/cmake)
[1.198s] -- Found Python3: /usr/bin/python3 (found version "3.10.12") found components: Interpreter 
[1.264s] -- Override CMake install command with custom implementation using symlinks instead of copying resources
[1.413s] -- Configuring done
[1.420s] -- Generating done
[1.421s] -- Build files have been written to: /home/gulislamoglu/turtlebot3_patrolling/build/dynamixel_sdk
[1.426s] Invoked command in '/home/gulislamoglu/turtlebot3_patrolling/build/dynamixel_sdk' returned '0': CMAKE_PREFIX_PATH=${CMAKE_PREFIX_PATH}:/home/gulislamoglu/turtlebot3_ws/install/turtlebot3_teleop:/home/gulislamoglu/turtlebot3_ws/install/turtlebot3_example:/opt/ros/humble /usr/bin/cmake /home/gulislamoglu/turtlebot3_patrolling/utils/DynamixelSDK/dynamixel_sdk -DAMENT_CMAKE_SYMLINK_INSTALL=1 -DCMAKE_INSTALL_PREFIX=/home/gulislamoglu/turtlebot3_patrolling/install/dynamixel_sdk
[1.427s] Invoking command in '/home/gulislamoglu/turtlebot3_patrolling/build/dynamixel_sdk': CMAKE_PREFIX_PATH=${CMAKE_PREFIX_PATH}:/home/gulislamoglu/turtlebot3_ws/install/turtlebot3_teleop:/home/gulislamoglu/turtlebot3_ws/install/turtlebot3_example:/opt/ros/humble /usr/bin/cmake --build /home/gulislamoglu/turtlebot3_patrolling/build/dynamixel_sdk -- -j16 -l16
[1.486s] [ 10%] [32mBuilding CXX object CMakeFiles/dynamixel_sdk.dir/src/dynamixel_sdk/protocol2_packet_handler.cpp.o[0m
[1.486s] [ 20%] [32mBuilding CXX object CMakeFiles/dynamixel_sdk.dir/src/dynamixel_sdk/group_sync_write.cpp.o[0m
[1.486s] [ 30%] [32mBuilding CXX object CMakeFiles/dynamixel_sdk.dir/src/dynamixel_sdk/group_sync_read.cpp.o[0m
[1.488s] [ 50%] [32mBuilding CXX object CMakeFiles/dynamixel_sdk.dir/src/dynamixel_sdk/port_handler_linux.cpp.o[0m
[1.488s] [ 50%] [32mBuilding CXX object CMakeFiles/dynamixel_sdk.dir/src/dynamixel_sdk/protocol1_packet_handler.cpp.o[0m
[1.489s] [ 60%] [32mBuilding CXX object CMakeFiles/dynamixel_sdk.dir/src/dynamixel_sdk/packet_handler.cpp.o[0m
[1.489s] [ 70%] [32mBuilding CXX object CMakeFiles/dynamixel_sdk.dir/src/dynamixel_sdk/group_bulk_write.cpp.o[0m
[1.489s] [ 80%] [32mBuilding CXX object CMakeFiles/dynamixel_sdk.dir/src/dynamixel_sdk/group_bulk_read.cpp.o[0m
[1.492s] [ 90%] [32mBuilding CXX object CMakeFiles/dynamixel_sdk.dir/src/dynamixel_sdk/port_handler.cpp.o[0m
[2.043s] [100%] [32m[1mLinking CXX shared library libdynamixel_sdk.so[0m
[2.153s] [100%] Built target dynamixel_sdk
[2.186s] Invoked command in '/home/gulislamoglu/turtlebot3_patrolling/build/dynamixel_sdk' returned '0': CMAKE_PREFIX_PATH=${CMAKE_PREFIX_PATH}:/home/gulislamoglu/turtlebot3_ws/install/turtlebot3_teleop:/home/gulislamoglu/turtlebot3_ws/install/turtlebot3_example:/opt/ros/humble /usr/bin/cmake --build /home/gulislamoglu/turtlebot3_patrolling/build/dynamixel_sdk -- -j16 -l16
[2.238s] Invoking command in '/home/gulislamoglu/turtlebot3_patrolling/build/dynamixel_sdk': CMAKE_PREFIX_PATH=${CMAKE_PREFIX_PATH}:/home/gulislamoglu/turtlebot3_ws/install/turtlebot3_teleop:/home/gulislamoglu/turtlebot3_ws/install/turtlebot3_example:/opt/ros/humble /usr/bin/cmake --install /home/gulislamoglu/turtlebot3_patrolling/build/dynamixel_sdk
[2.245s] -- Install configuration: ""
[2.245s] -- Execute custom install script
[2.246s] -- Symlinking: /home/gulislamoglu/turtlebot3_patrolling/install/dynamixel_sdk/include//dynamixel_sdk/dynamixel_sdk.h
[2.256s] -- Symlinking: /home/gulislamoglu/turtlebot3_patrolling/install/dynamixel_sdk/include//dynamixel_sdk/group_bulk_read.h
[2.268s] -- Symlinking: /home/gulislamoglu/turtlebot3_patrolling/install/dynamixel_sdk/include//dynamixel_sdk/group_bulk_write.h
[2.277s] -- Symlinking: /home/gulislamoglu/turtlebot3_patrolling/install/dynamixel_sdk/include//dynamixel_sdk/group_sync_read.h
[2.287s] -- Symlinking: /home/gulislamoglu/turtlebot3_patrolling/install/dynamixel_sdk/include//dynamixel_sdk/group_sync_write.h
[2.297s] -- Symlinking: /home/gulislamoglu/turtlebot3_patrolling/install/dynamixel_sdk/include//dynamixel_sdk/packet_handler.h
[2.306s] -- Symlinking: /home/gulislamoglu/turtlebot3_patrolling/install/dynamixel_sdk/include//dynamixel_sdk/port_handler.h
[2.316s] -- Symlinking: /home/gulislamoglu/turtlebot3_patrolling/install/dynamixel_sdk/include//dynamixel_sdk/port_handler_arduino.h
[2.326s] -- Symlinking: /home/gulislamoglu/turtlebot3_patrolling/install/dynamixel_sdk/include//dynamixel_sdk/port_handler_linux.h
[2.336s] -- Symlinking: /home/gulislamoglu/turtlebot3_patrolling/install/dynamixel_sdk/include//dynamixel_sdk/port_handler_mac.h
[2.345s] -- Symlinking: /home/gulislamoglu/turtlebot3_patrolling/install/dynamixel_sdk/include//dynamixel_sdk/port_handler_windows.h
[2.356s] -- Symlinking: /home/gulislamoglu/turtlebot3_patrolling/install/dynamixel_sdk/include//dynamixel_sdk/protocol1_packet_handler.h
[2.366s] -- Symlinking: /home/gulislamoglu/turtlebot3_patrolling/install/dynamixel_sdk/include//dynamixel_sdk/protocol2_packet_handler.h
[2.376s] -- Symlinking: /home/gulislamoglu/turtlebot3_patrolling/install/dynamixel_sdk/lib/libdynamixel_sdk.so
[2.388s] -- Symlinking: /home/gulislamoglu/turtlebot3_patrolling/install/dynamixel_sdk/share/dynamixel_sdk/environment/library_path.sh
[2.398s] -- Symlinking: /home/gulislamoglu/turtlebot3_patrolling/install/dynamixel_sdk/share/dynamixel_sdk/environment/library_path.dsv
[2.409s] -- Symlinking: /home/gulislamoglu/turtlebot3_patrolling/install/dynamixel_sdk/share/ament_index/resource_index/package_run_dependencies/dynamixel_sdk
[2.418s] -- Symlinking: /home/gulislamoglu/turtlebot3_patrolling/install/dynamixel_sdk/share/ament_index/resource_index/parent_prefix_path/dynamixel_sdk
[2.427s] -- Symlinking: /home/gulislamoglu/turtlebot3_patrolling/install/dynamixel_sdk/share/dynamixel_sdk/environment/ament_prefix_path.sh
[2.437s] -- Symlinking: /home/gulislamoglu/turtlebot3_patrolling/install/dynamixel_sdk/share/dynamixel_sdk/environment/ament_prefix_path.dsv
[2.448s] -- Symlinking: /home/gulislamoglu/turtlebot3_patrolling/install/dynamixel_sdk/share/dynamixel_sdk/environment/path.sh
[2.458s] -- Symlinking: /home/gulislamoglu/turtlebot3_patrolling/install/dynamixel_sdk/share/dynamixel_sdk/environment/path.dsv
[2.467s] -- Symlinking: /home/gulislamoglu/turtlebot3_patrolling/install/dynamixel_sdk/share/dynamixel_sdk/local_setup.bash
[2.478s] -- Symlinking: /home/gulislamoglu/turtlebot3_patrolling/install/dynamixel_sdk/share/dynamixel_sdk/local_setup.sh
[2.488s] -- Symlinking: /home/gulislamoglu/turtlebot3_patrolling/install/dynamixel_sdk/share/dynamixel_sdk/local_setup.zsh
[2.499s] -- Symlinking: /home/gulislamoglu/turtlebot3_patrolling/install/dynamixel_sdk/share/dynamixel_sdk/local_setup.dsv
[2.509s] -- Symlinking: /home/gulislamoglu/turtlebot3_patrolling/install/dynamixel_sdk/share/dynamixel_sdk/package.dsv
[2.520s] -- Symlinking: /home/gulislamoglu/turtlebot3_patrolling/install/dynamixel_sdk/share/ament_index/resource_index/packages/dynamixel_sdk
[2.530s] -- Symlinking: /home/gulislamoglu/turtlebot3_patrolling/install/dynamixel_sdk/share/dynamixel_sdk/cmake/ament_cmake_export_include_directories-extras.cmake
[2.540s] -- Symlinking: /home/gulislamoglu/turtlebot3_patrolling/install/dynamixel_sdk/share/dynamixel_sdk/cmake/ament_cmake_export_libraries-extras.cmake
[2.550s] -- Symlinking: /home/gulislamoglu/turtlebot3_patrolling/install/dynamixel_sdk/share/dynamixel_sdk/cmake/dynamixel_sdkConfig.cmake
[2.559s] -- Symlinking: /home/gulislamoglu/turtlebot3_patrolling/install/dynamixel_sdk/share/dynamixel_sdk/cmake/dynamixel_sdkConfig-version.cmake
[2.568s] -- Symlinking: /home/gulislamoglu/turtlebot3_patrolling/install/dynamixel_sdk/share/dynamixel_sdk/package.xml
[2.582s] Invoked command in '/home/gulislamoglu/turtlebot3_patrolling/build/dynamixel_sdk' returned '0': CMAKE_PREFIX_PATH=${CMAKE_PREFIX_PATH}:/home/gulislamoglu/turtlebot3_ws/install/turtlebot3_teleop:/home/gulislamoglu/turtlebot3_ws/install/turtlebot3_example:/opt/ros/humble /usr/bin/cmake --install /home/gulislamoglu/turtlebot3_patrolling/build/dynamixel_sdk
