[0.421s] Invoking command in '/home/gulislamoglu/turtlebot3_patrolling/build/hls_lfcd_lds_driver': CMAKE_PREFIX_PATH=${CMAKE_PREFIX_PATH}:/home/gulislamoglu/turtlebot3_ws/install/turtlebot3_teleop:/home/gulislamoglu/turtlebot3_ws/install/turtlebot3_example:/opt/ros/humble /usr/bin/cmake /home/gulislamoglu/turtlebot3_patrolling/utils/hls_lfcd_lds_driver -DAMENT_CMAKE_SYMLINK_INSTALL=1 -DCMAKE_INSTALL_PREFIX=/home/gulislamoglu/turtlebot3_patrolling/install/hls_lfcd_lds_driver
[0.579s] -- The C compiler identification is GNU 11.4.0
[0.710s] -- The CXX compiler identification is GNU 11.4.0
[0.720s] -- Detecting C compiler ABI info
[0.807s] -- Detecting C compiler ABI info - done
[0.814s] -- Check for working C compiler: /usr/bin/cc - skipped
[0.815s] -- Detecting C compile features
[0.815s] -- Detecting C compile features - done
[0.820s] -- Detecting CXX compiler ABI info
[0.917s] -- Detecting CXX compiler ABI info - done
[0.925s] -- Check for working CXX compiler: /usr/bin/c++ - skipped
[0.925s] -- Detecting CXX compile features
[0.925s] -- Detecting CXX compile features - done
[0.932s] -- Found ament_cmake: 1.3.8 (/opt/ros/humble/share/ament_cmake/cmake)
[1.125s] -- Found Python3: /usr/bin/python3 (found version "3.10.12") found components: Interpreter 
[1.203s] -- Override CMake install command with custom implementation using symlinks instead of copying resources
[1.266s] -- Found rclcpp: 16.0.8 (/opt/ros/humble/share/rclcpp/cmake)
[1.338s] -- Found rosidl_generator_c: 3.1.5 (/opt/ros/humble/share/rosidl_generator_c/cmake)
[1.349s] -- Found rosidl_adapter: 3.1.5 (/opt/ros/humble/share/rosidl_adapter/cmake)
[1.364s] -- Found rosidl_generator_cpp: 3.1.5 (/opt/ros/humble/share/rosidl_generator_cpp/cmake)
[1.386s] -- Using all available rosidl_typesupport_c: rosidl_typesupport_fastrtps_c;rosidl_typesupport_introspection_c
[1.419s] -- Using all available rosidl_typesupport_cpp: rosidl_typesupport_fastrtps_cpp;rosidl_typesupport_introspection_cpp
[1.576s] -- Found rmw_implementation_cmake: 6.1.1 (/opt/ros/humble/share/rmw_implementation_cmake/cmake)
[1.585s] -- Found rmw_fastrtps_cpp: 6.2.6 (/opt/ros/humble/share/rmw_fastrtps_cpp/cmake)
[1.779s] -- Found OpenSSL: /usr/lib/x86_64-linux-gnu/libcrypto.so (found version "3.0.2")  
[1.827s] -- Found FastRTPS: /opt/ros/humble/include  
[1.904s] -- Using RMW implementation 'rmw_fastrtps_cpp' as default
[1.926s] -- Looking for pthread.h
[2.012s] -- Looking for pthread.h - found
[2.012s] -- Performing Test CMAKE_HAVE_LIBC_PTHREAD
[2.090s] -- Performing Test CMAKE_HAVE_LIBC_PTHREAD - Success
[2.091s] -- Found Threads: TRUE  
[2.263s] -- Found sensor_msgs: 4.2.3 (/opt/ros/humble/share/sensor_msgs/cmake)
[2.401s] -- Found Boost: /usr/lib/x86_64-linux-gnu/cmake/Boost-1.74.0/BoostConfig.cmake (found version "1.74.0") found components: system 
[2.466s] -- Configuring done
[2.477s] -- Generating done
[2.479s] -- Build files have been written to: /home/gulislamoglu/turtlebot3_patrolling/build/hls_lfcd_lds_driver
[2.491s] Invoked command in '/home/gulislamoglu/turtlebot3_patrolling/build/hls_lfcd_lds_driver' returned '0': CMAKE_PREFIX_PATH=${CMAKE_PREFIX_PATH}:/home/gulislamoglu/turtlebot3_ws/install/turtlebot3_teleop:/home/gulislamoglu/turtlebot3_ws/install/turtlebot3_example:/opt/ros/humble /usr/bin/cmake /home/gulislamoglu/turtlebot3_patrolling/utils/hls_lfcd_lds_driver -DAMENT_CMAKE_SYMLINK_INSTALL=1 -DCMAKE_INSTALL_PREFIX=/home/gulislamoglu/turtlebot3_patrolling/install/hls_lfcd_lds_driver
[2.492s] Invoking command in '/home/gulislamoglu/turtlebot3_patrolling/build/hls_lfcd_lds_driver': CMAKE_PREFIX_PATH=${CMAKE_PREFIX_PATH}:/home/gulislamoglu/turtlebot3_ws/install/turtlebot3_teleop:/home/gulislamoglu/turtlebot3_ws/install/turtlebot3_example:/opt/ros/humble /usr/bin/cmake --build /home/gulislamoglu/turtlebot3_patrolling/build/hls_lfcd_lds_driver -- -j16 -l16
[2.546s] [ 50%] [32mBuilding CXX object CMakeFiles/hlds_laser_publisher.dir/src/hlds_laser_publisher.cpp.o[0m
[10.413s] [100%] [32m[1mLinking CXX executable hlds_laser_publisher[0m
[10.751s] [100%] Built target hlds_laser_publisher
[10.764s] Invoked command in '/home/gulislamoglu/turtlebot3_patrolling/build/hls_lfcd_lds_driver' returned '0': CMAKE_PREFIX_PATH=${CMAKE_PREFIX_PATH}:/home/gulislamoglu/turtlebot3_ws/install/turtlebot3_teleop:/home/gulislamoglu/turtlebot3_ws/install/turtlebot3_example:/opt/ros/humble /usr/bin/cmake --build /home/gulislamoglu/turtlebot3_patrolling/build/hls_lfcd_lds_driver -- -j16 -l16
[10.797s] Invoking command in '/home/gulislamoglu/turtlebot3_patrolling/build/hls_lfcd_lds_driver': CMAKE_PREFIX_PATH=${CMAKE_PREFIX_PATH}:/home/gulislamoglu/turtlebot3_ws/install/turtlebot3_teleop:/home/gulislamoglu/turtlebot3_ws/install/turtlebot3_example:/opt/ros/humble /usr/bin/cmake --install /home/gulislamoglu/turtlebot3_patrolling/build/hls_lfcd_lds_driver
[10.805s] -- Install configuration: ""
[10.805s] -- Execute custom install script
[10.806s] -- Symlinking: /home/gulislamoglu/turtlebot3_patrolling/install/hls_lfcd_lds_driver/share/hls_lfcd_lds_driver/launch/hlds_laser.launch.py
[10.817s] -- Symlinking: /home/gulislamoglu/turtlebot3_patrolling/install/hls_lfcd_lds_driver/share/hls_lfcd_lds_driver/launch/view_hlds_laser.launch.py
[10.828s] -- Symlinking: /home/gulislamoglu/turtlebot3_patrolling/install/hls_lfcd_lds_driver/share/hls_lfcd_lds_driver/rviz/hlds_laser.rviz
[10.839s] -- Symlinking: /home/gulislamoglu/turtlebot3_patrolling/install/hls_lfcd_lds_driver/lib/hls_lfcd_lds_driver/hlds_laser_publisher
[10.851s] -- Symlinking: /home/gulislamoglu/turtlebot3_patrolling/install/hls_lfcd_lds_driver/share/ament_index/resource_index/package_run_dependencies/hls_lfcd_lds_driver
[10.862s] -- Symlinking: /home/gulislamoglu/turtlebot3_patrolling/install/hls_lfcd_lds_driver/share/ament_index/resource_index/parent_prefix_path/hls_lfcd_lds_driver
[10.873s] -- Symlinking: /home/gulislamoglu/turtlebot3_patrolling/install/hls_lfcd_lds_driver/share/hls_lfcd_lds_driver/environment/ament_prefix_path.sh
[10.883s] -- Symlinking: /home/gulislamoglu/turtlebot3_patrolling/install/hls_lfcd_lds_driver/share/hls_lfcd_lds_driver/environment/ament_prefix_path.dsv
[10.906s] -- Symlinking: /home/gulislamoglu/turtlebot3_patrolling/install/hls_lfcd_lds_driver/share/hls_lfcd_lds_driver/environment/path.sh
[10.906s] -- Symlinking: /home/gulislamoglu/turtlebot3_patrolling/install/hls_lfcd_lds_driver/share/hls_lfcd_lds_driver/environment/path.dsv
[10.917s] -- Symlinking: /home/gulislamoglu/turtlebot3_patrolling/install/hls_lfcd_lds_driver/share/hls_lfcd_lds_driver/local_setup.bash
[10.929s] -- Symlinking: /home/gulislamoglu/turtlebot3_patrolling/install/hls_lfcd_lds_driver/share/hls_lfcd_lds_driver/local_setup.sh
[10.940s] -- Symlinking: /home/gulislamoglu/turtlebot3_patrolling/install/hls_lfcd_lds_driver/share/hls_lfcd_lds_driver/local_setup.zsh
[10.952s] -- Symlinking: /home/gulislamoglu/turtlebot3_patrolling/install/hls_lfcd_lds_driver/share/hls_lfcd_lds_driver/local_setup.dsv
[10.962s] -- Symlinking: /home/gulislamoglu/turtlebot3_patrolling/install/hls_lfcd_lds_driver/share/hls_lfcd_lds_driver/package.dsv
[10.974s] -- Symlinking: /home/gulislamoglu/turtlebot3_patrolling/install/hls_lfcd_lds_driver/share/ament_index/resource_index/packages/hls_lfcd_lds_driver
[10.986s] -- Symlinking: /home/gulislamoglu/turtlebot3_patrolling/install/hls_lfcd_lds_driver/share/hls_lfcd_lds_driver/cmake/ament_cmake_export_dependencies-extras.cmake
[10.996s] -- Symlinking: /home/gulislamoglu/turtlebot3_patrolling/install/hls_lfcd_lds_driver/share/hls_lfcd_lds_driver/cmake/ament_cmake_export_include_directories-extras.cmake
[11.008s] -- Symlinking: /home/gulislamoglu/turtlebot3_patrolling/install/hls_lfcd_lds_driver/share/hls_lfcd_lds_driver/cmake/hls_lfcd_lds_driverConfig.cmake
[11.018s] -- Symlinking: /home/gulislamoglu/turtlebot3_patrolling/install/hls_lfcd_lds_driver/share/hls_lfcd_lds_driver/cmake/hls_lfcd_lds_driverConfig-version.cmake
[11.029s] -- Symlinking: /home/gulislamoglu/turtlebot3_patrolling/install/hls_lfcd_lds_driver/share/hls_lfcd_lds_driver/package.xml
[11.164s] Invoked command in '/home/gulislamoglu/turtlebot3_patrolling/build/hls_lfcd_lds_driver' returned '0': CMAKE_PREFIX_PATH=${CMAKE_PREFIX_PATH}:/home/gulislamoglu/turtlebot3_ws/install/turtlebot3_teleop:/home/gulislamoglu/turtlebot3_ws/install/turtlebot3_example:/opt/ros/humble /usr/bin/cmake --install /home/gulislamoglu/turtlebot3_patrolling/build/hls_lfcd_lds_driver
