[0.270s] Invoking command in '/home/gulislamoglu/turtlebot3_patrolling/build/turtlebot3_cartographer': CMAKE_PREFIX_PATH=${CMAKE_PREFIX_PATH}:/home/gulislamoglu/turtlebot3_ws/install/turtlebot3_teleop:/home/gulislamoglu/turtlebot3_ws/install/turtlebot3_example:/opt/ros/humble /usr/bin/cmake /home/gulislamoglu/turtlebot3_patrolling/turtlebot3/turtlebot3/turtlebot3_cartographer -DAMENT_CMAKE_SYMLINK_INSTALL=1 -DCMAKE_INSTALL_PREFIX=/home/gulislamoglu/turtlebot3_patrolling/install/turtlebot3_cartographer
[0.417s] -- The C compiler identification is GNU 11.4.0
[0.544s] -- The CXX compiler identification is GNU 11.4.0
[0.558s] -- Detecting C compiler ABI info
[0.646s] -- Detecting C compiler ABI info - done
[0.654s] -- Check for working C compiler: /usr/bin/cc - skipped
[0.654s] -- Detecting C compile features
[0.654s] -- Detecting C compile features - done
[0.659s] -- Detecting CXX compiler ABI info
[0.766s] -- Detecting CXX compiler ABI info - done
[0.772s] -- Check for working CXX compiler: /usr/bin/c++ - skipped
[0.773s] -- Detecting CXX compile features
[0.773s] -- Detecting CXX compile features - done
[0.777s] -- Found ament_cmake: 1.3.8 (/opt/ros/humble/share/ament_cmake/cmake)
[0.962s] -- Found Python3: /usr/bin/python3 (found version "3.10.12") found components: Interpreter 
[1.041s] -- Override CMake install command with custom implementation using symlinks instead of copying resources
[1.182s] -- Configuring done
[1.185s] -- Generating done
[1.186s] -- Build files have been written to: /home/gulislamoglu/turtlebot3_patrolling/build/turtlebot3_cartographer
[1.191s] Invoked command in '/home/gulislamoglu/turtlebot3_patrolling/build/turtlebot3_cartographer' returned '0': CMAKE_PREFIX_PATH=${CMAKE_PREFIX_PATH}:/home/gulislamoglu/turtlebot3_ws/install/turtlebot3_teleop:/home/gulislamoglu/turtlebot3_ws/install/turtlebot3_example:/opt/ros/humble /usr/bin/cmake /home/gulislamoglu/turtlebot3_patrolling/turtlebot3/turtlebot3/turtlebot3_cartographer -DAMENT_CMAKE_SYMLINK_INSTALL=1 -DCMAKE_INSTALL_PREFIX=/home/gulislamoglu/turtlebot3_patrolling/install/turtlebot3_cartographer
[1.193s] Invoking command in '/home/gulislamoglu/turtlebot3_patrolling/build/turtlebot3_cartographer': CMAKE_PREFIX_PATH=${CMAKE_PREFIX_PATH}:/home/gulislamoglu/turtlebot3_ws/install/turtlebot3_teleop:/home/gulislamoglu/turtlebot3_ws/install/turtlebot3_example:/opt/ros/humble /usr/bin/cmake --build /home/gulislamoglu/turtlebot3_patrolling/build/turtlebot3_cartographer -- -j16 -l16
[1.239s] Invoked command in '/home/gulislamoglu/turtlebot3_patrolling/build/turtlebot3_cartographer' returned '0': CMAKE_PREFIX_PATH=${CMAKE_PREFIX_PATH}:/home/gulislamoglu/turtlebot3_ws/install/turtlebot3_teleop:/home/gulislamoglu/turtlebot3_ws/install/turtlebot3_example:/opt/ros/humble /usr/bin/cmake --build /home/gulislamoglu/turtlebot3_patrolling/build/turtlebot3_cartographer -- -j16 -l16
[1.289s] Invoking command in '/home/gulislamoglu/turtlebot3_patrolling/build/turtlebot3_cartographer': CMAKE_PREFIX_PATH=${CMAKE_PREFIX_PATH}:/home/gulislamoglu/turtlebot3_ws/install/turtlebot3_teleop:/home/gulislamoglu/turtlebot3_ws/install/turtlebot3_example:/opt/ros/humble /usr/bin/cmake --install /home/gulislamoglu/turtlebot3_patrolling/build/turtlebot3_cartographer
[1.296s] -- Install configuration: ""
[1.296s] -- Execute custom install script
[1.297s] -- Symlinking: /home/gulislamoglu/turtlebot3_patrolling/install/turtlebot3_cartographer/share/turtlebot3_cartographer/config/turtlebot3_lds_2d.lua
[1.312s] -- Symlinking: /home/gulislamoglu/turtlebot3_patrolling/install/turtlebot3_cartographer/share/turtlebot3_cartographer/launch/cartographer.launch.py
[1.327s] -- Symlinking: /home/gulislamoglu/turtlebot3_patrolling/install/turtlebot3_cartographer/share/turtlebot3_cartographer/launch/occupancy_grid.launch.py
[1.341s] -- Symlinking: /home/gulislamoglu/turtlebot3_patrolling/install/turtlebot3_cartographer/share/turtlebot3_cartographer/rviz/tb3_cartographer.rviz
[1.355s] -- Symlinking: /home/gulislamoglu/turtlebot3_patrolling/install/turtlebot3_cartographer/share/ament_index/resource_index/package_run_dependencies/turtlebot3_cartographer
[1.373s] -- Symlinking: /home/gulislamoglu/turtlebot3_patrolling/install/turtlebot3_cartographer/share/ament_index/resource_index/parent_prefix_path/turtlebot3_cartographer
[1.390s] -- Symlinking: /home/gulislamoglu/turtlebot3_patrolling/install/turtlebot3_cartographer/share/turtlebot3_cartographer/environment/ament_prefix_path.sh
[1.406s] -- Symlinking: /home/gulislamoglu/turtlebot3_patrolling/install/turtlebot3_cartographer/share/turtlebot3_cartographer/environment/ament_prefix_path.dsv
[1.423s] -- Symlinking: /home/gulislamoglu/turtlebot3_patrolling/install/turtlebot3_cartographer/share/turtlebot3_cartographer/environment/path.sh
[1.437s] -- Symlinking: /home/gulislamoglu/turtlebot3_patrolling/install/turtlebot3_cartographer/share/turtlebot3_cartographer/environment/path.dsv
[1.452s] -- Symlinking: /home/gulislamoglu/turtlebot3_patrolling/install/turtlebot3_cartographer/share/turtlebot3_cartographer/local_setup.bash
[1.469s] -- Symlinking: /home/gulislamoglu/turtlebot3_patrolling/install/turtlebot3_cartographer/share/turtlebot3_cartographer/local_setup.sh
[1.484s] -- Symlinking: /home/gulislamoglu/turtlebot3_patrolling/install/turtlebot3_cartographer/share/turtlebot3_cartographer/local_setup.zsh
[1.499s] -- Symlinking: /home/gulislamoglu/turtlebot3_patrolling/install/turtlebot3_cartographer/share/turtlebot3_cartographer/local_setup.dsv
[1.512s] -- Symlinking: /home/gulislamoglu/turtlebot3_patrolling/install/turtlebot3_cartographer/share/turtlebot3_cartographer/package.dsv
[1.527s] -- Symlinking: /home/gulislamoglu/turtlebot3_patrolling/install/turtlebot3_cartographer/share/ament_index/resource_index/packages/turtlebot3_cartographer
[1.541s] -- Symlinking: /home/gulislamoglu/turtlebot3_patrolling/install/turtlebot3_cartographer/share/turtlebot3_cartographer/cmake/turtlebot3_cartographerConfig.cmake
[1.556s] -- Symlinking: /home/gulislamoglu/turtlebot3_patrolling/install/turtlebot3_cartographer/share/turtlebot3_cartographer/cmake/turtlebot3_cartographerConfig-version.cmake
[1.571s] -- Symlinking: /home/gulislamoglu/turtlebot3_patrolling/install/turtlebot3_cartographer/share/turtlebot3_cartographer/package.xml
[1.593s] Invoked command in '/home/gulislamoglu/turtlebot3_patrolling/build/turtlebot3_cartographer' returned '0': CMAKE_PREFIX_PATH=${CMAKE_PREFIX_PATH}:/home/gulislamoglu/turtlebot3_ws/install/turtlebot3_teleop:/home/gulislamoglu/turtlebot3_ws/install/turtlebot3_example:/opt/ros/humble /usr/bin/cmake --install /home/gulislamoglu/turtlebot3_patrolling/build/turtlebot3_cartographer
