[0.693s] Invoking command in '/home/gulislamoglu/turtlebot3_patrolling/build/hls_lfcd_lds_driver': CMAKE_PREFIX_PATH=${CMAKE_PREFIX_PATH}:/home/gulislamoglu/turtlebot3_patrolling/install/turtlebot3_teleop:/home/gulislamoglu/turtlebot3_patrolling/install/turtlebot3_example:/home/gulislamoglu/turtlebot3_patrolling/install/tb3_sim:/home/gulislamoglu/turtlebot3_ws/install/turtlebot3_teleop:/home/gulislamoglu/turtlebot3_ws/install/turtlebot3_example:/opt/ros/humble /usr/bin/cmake --build /home/gulislamoglu/turtlebot3_patrolling/build/hls_lfcd_lds_driver -- -j16 -l16
[1.143s] [100%] Built target hlds_laser_publisher
[1.533s] Invoked command in '/home/gulislamoglu/turtlebot3_patrolling/build/hls_lfcd_lds_driver' returned '0': CMAKE_PREFIX_PATH=${CMAKE_PREFIX_PATH}:/home/gulislamoglu/turtlebot3_patrolling/install/turtlebot3_teleop:/home/gulislamoglu/turtlebot3_patrolling/install/turtlebot3_example:/home/gulislamoglu/turtlebot3_patrolling/install/tb3_sim:/home/gulislamoglu/turtlebot3_ws/install/turtlebot3_teleop:/home/gulislamoglu/turtlebot3_ws/install/turtlebot3_example:/opt/ros/humble /usr/bin/cmake --build /home/gulislamoglu/turtlebot3_patrolling/build/hls_lfcd_lds_driver -- -j16 -l16
[1.605s] Invoking command in '/home/gulislamoglu/turtlebot3_patrolling/build/hls_lfcd_lds_driver': CMAKE_PREFIX_PATH=${CMAKE_PREFIX_PATH}:/home/gulislamoglu/turtlebot3_patrolling/install/turtlebot3_teleop:/home/gulislamoglu/turtlebot3_patrolling/install/turtlebot3_example:/home/gulislamoglu/turtlebot3_patrolling/install/tb3_sim:/home/gulislamoglu/turtlebot3_ws/install/turtlebot3_teleop:/home/gulislamoglu/turtlebot3_ws/install/turtlebot3_example:/opt/ros/humble /usr/bin/cmake --install /home/gulislamoglu/turtlebot3_patrolling/build/hls_lfcd_lds_driver
[1.617s] -- Install configuration: ""
[1.617s] -- Execute custom install script
[1.617s] -- Up-to-date symlink: /home/gulislamoglu/turtlebot3_patrolling/install/hls_lfcd_lds_driver/share/hls_lfcd_lds_driver/launch/hlds_laser.launch.py
[1.617s] -- Up-to-date symlink: /home/gulislamoglu/turtlebot3_patrolling/install/hls_lfcd_lds_driver/share/hls_lfcd_lds_driver/launch/view_hlds_laser.launch.py
[1.617s] -- Up-to-date symlink: /home/gulislamoglu/turtlebot3_patrolling/install/hls_lfcd_lds_driver/share/hls_lfcd_lds_driver/rviz/hlds_laser.rviz
[1.618s] -- Up-to-date symlink: /home/gulislamoglu/turtlebot3_patrolling/install/hls_lfcd_lds_driver/lib/hls_lfcd_lds_driver/hlds_laser_publisher
[1.618s] -- Up-to-date symlink: /home/gulislamoglu/turtlebot3_patrolling/install/hls_lfcd_lds_driver/share/ament_index/resource_index/package_run_dependencies/hls_lfcd_lds_driver
[1.618s] -- Up-to-date symlink: /home/gulislamoglu/turtlebot3_patrolling/install/hls_lfcd_lds_driver/share/ament_index/resource_index/parent_prefix_path/hls_lfcd_lds_driver
[1.618s] -- Up-to-date symlink: /home/gulislamoglu/turtlebot3_patrolling/install/hls_lfcd_lds_driver/share/hls_lfcd_lds_driver/environment/ament_prefix_path.sh
[1.618s] -- Up-to-date symlink: /home/gulislamoglu/turtlebot3_patrolling/install/hls_lfcd_lds_driver/share/hls_lfcd_lds_driver/environment/ament_prefix_path.dsv
[1.618s] -- Up-to-date symlink: /home/gulislamoglu/turtlebot3_patrolling/install/hls_lfcd_lds_driver/share/hls_lfcd_lds_driver/environment/path.sh
[1.619s] -- Up-to-date symlink: /home/gulislamoglu/turtlebot3_patrolling/install/hls_lfcd_lds_driver/share/hls_lfcd_lds_driver/environment/path.dsv
[1.619s] -- Up-to-date symlink: /home/gulislamoglu/turtlebot3_patrolling/install/hls_lfcd_lds_driver/share/hls_lfcd_lds_driver/local_setup.bash
[1.619s] -- Up-to-date symlink: /home/gulislamoglu/turtlebot3_patrolling/install/hls_lfcd_lds_driver/share/hls_lfcd_lds_driver/local_setup.sh
[1.619s] -- Up-to-date symlink: /home/gulislamoglu/turtlebot3_patrolling/install/hls_lfcd_lds_driver/share/hls_lfcd_lds_driver/local_setup.zsh
[1.620s] -- Up-to-date symlink: /home/gulislamoglu/turtlebot3_patrolling/install/hls_lfcd_lds_driver/share/hls_lfcd_lds_driver/local_setup.dsv
[1.620s] -- Symlinking: /home/gulislamoglu/turtlebot3_patrolling/install/hls_lfcd_lds_driver/share/hls_lfcd_lds_driver/package.dsv
[1.625s] -- Up-to-date symlink: /home/gulislamoglu/turtlebot3_patrolling/install/hls_lfcd_lds_driver/share/ament_index/resource_index/packages/hls_lfcd_lds_driver
[1.625s] -- Up-to-date symlink: /home/gulislamoglu/turtlebot3_patrolling/install/hls_lfcd_lds_driver/share/hls_lfcd_lds_driver/cmake/ament_cmake_export_dependencies-extras.cmake
[1.625s] -- Up-to-date symlink: /home/gulislamoglu/turtlebot3_patrolling/install/hls_lfcd_lds_driver/share/hls_lfcd_lds_driver/cmake/ament_cmake_export_include_directories-extras.cmake
[1.626s] -- Up-to-date symlink: /home/gulislamoglu/turtlebot3_patrolling/install/hls_lfcd_lds_driver/share/hls_lfcd_lds_driver/cmake/hls_lfcd_lds_driverConfig.cmake
[1.626s] -- Up-to-date symlink: /home/gulislamoglu/turtlebot3_patrolling/install/hls_lfcd_lds_driver/share/hls_lfcd_lds_driver/cmake/hls_lfcd_lds_driverConfig-version.cmake
[1.626s] -- Up-to-date symlink: /home/gulislamoglu/turtlebot3_patrolling/install/hls_lfcd_lds_driver/share/hls_lfcd_lds_driver/package.xml
[1.869s] Invoked command in '/home/gulislamoglu/turtlebot3_patrolling/build/hls_lfcd_lds_driver' returned '0': CMAKE_PREFIX_PATH=${CMAKE_PREFIX_PATH}:/home/gulislamoglu/turtlebot3_patrolling/install/turtlebot3_teleop:/home/gulislamoglu/turtlebot3_patrolling/install/turtlebot3_example:/home/gulislamoglu/turtlebot3_patrolling/install/tb3_sim:/home/gulislamoglu/turtlebot3_ws/install/turtlebot3_teleop:/home/gulislamoglu/turtlebot3_ws/install/turtlebot3_example:/opt/ros/humble /usr/bin/cmake --install /home/gulislamoglu/turtlebot3_patrolling/build/hls_lfcd_lds_driver
