[0.617s] Invoking command in '/home/gulislamoglu/turtlebot3_patrolling/build/tb3_autonomy': CMAKE_PREFIX_PATH=${CMAKE_PREFIX_PATH}:/home/gulislamoglu/turtlebot3_patrolling/install/turtlebot3_teleop:/home/gulislamoglu/turtlebot3_patrolling/install/turtlebot3_example:/home/gulislamoglu/turtlebot3_patrolling/install/tb3_sim:/home/gulislamoglu/turtlebot3_ws/install/turtlebot3_teleop:/home/gulislamoglu/turtlebot3_ws/install/turtlebot3_example:/opt/ros/humble /usr/bin/cmake --build /home/gulislamoglu/turtlebot3_patrolling/build/tb3_autonomy -- -j16 -l16
[0.668s] [35m[1mConsolidate compiler generated dependencies of target autonomy_node[0m
[0.699s] [100%] Built target autonomy_node
[1.026s] Invoked command in '/home/gulislamoglu/turtlebot3_patrolling/build/tb3_autonomy' returned '0': CMAKE_PREFIX_PATH=${CMAKE_PREFIX_PATH}:/home/gulislamoglu/turtlebot3_patrolling/install/turtlebot3_teleop:/home/gulislamoglu/turtlebot3_patrolling/install/turtlebot3_example:/home/gulislamoglu/turtlebot3_patrolling/install/tb3_sim:/home/gulislamoglu/turtlebot3_ws/install/turtlebot3_teleop:/home/gulislamoglu/turtlebot3_ws/install/turtlebot3_example:/opt/ros/humble /usr/bin/cmake --build /home/gulislamoglu/turtlebot3_patrolling/build/tb3_autonomy -- -j16 -l16
[1.156s] Invoking command in '/home/gulislamoglu/turtlebot3_patrolling/build/tb3_autonomy': CMAKE_PREFIX_PATH=${CMAKE_PREFIX_PATH}:/home/gulislamoglu/turtlebot3_patrolling/install/turtlebot3_teleop:/home/gulislamoglu/turtlebot3_patrolling/install/turtlebot3_example:/home/gulislamoglu/turtlebot3_patrolling/install/tb3_sim:/home/gulislamoglu/turtlebot3_ws/install/turtlebot3_teleop:/home/gulislamoglu/turtlebot3_ws/install/turtlebot3_example:/opt/ros/humble /usr/bin/cmake --install /home/gulislamoglu/turtlebot3_patrolling/build/tb3_autonomy
[1.209s] -- Install configuration: ""
[1.210s] -- Execute custom install script
[1.210s] -- Up-to-date symlink: /home/gulislamoglu/turtlebot3_patrolling/install/tb3_autonomy/share/tb3_autonomy/bt_xml/tree.xml
[1.210s] -- Up-to-date symlink: /home/gulislamoglu/turtlebot3_patrolling/install/tb3_autonomy/share/tb3_autonomy/launch/autonomy.launch.py
[1.210s] -- Up-to-date symlink: /home/gulislamoglu/turtlebot3_patrolling/install/tb3_autonomy/lib/tb3_autonomy/autonomy_node
[1.210s] -- Up-to-date symlink: /home/gulislamoglu/turtlebot3_patrolling/install/tb3_autonomy/share/ament_index/resource_index/package_run_dependencies/tb3_autonomy
[1.210s] -- Up-to-date symlink: /home/gulislamoglu/turtlebot3_patrolling/install/tb3_autonomy/share/ament_index/resource_index/parent_prefix_path/tb3_autonomy
[1.210s] -- Up-to-date symlink: /home/gulislamoglu/turtlebot3_patrolling/install/tb3_autonomy/share/tb3_autonomy/environment/ament_prefix_path.sh
[1.210s] -- Up-to-date symlink: /home/gulislamoglu/turtlebot3_patrolling/install/tb3_autonomy/share/tb3_autonomy/environment/ament_prefix_path.dsv
[1.210s] -- Up-to-date symlink: /home/gulislamoglu/turtlebot3_patrolling/install/tb3_autonomy/share/tb3_autonomy/environment/path.sh
[1.210s] -- Up-to-date symlink: /home/gulislamoglu/turtlebot3_patrolling/install/tb3_autonomy/share/tb3_autonomy/environment/path.dsv
[1.211s] -- Up-to-date symlink: /home/gulislamoglu/turtlebot3_patrolling/install/tb3_autonomy/share/tb3_autonomy/local_setup.bash
[1.211s] -- Up-to-date symlink: /home/gulislamoglu/turtlebot3_patrolling/install/tb3_autonomy/share/tb3_autonomy/local_setup.sh
[1.211s] -- Up-to-date symlink: /home/gulislamoglu/turtlebot3_patrolling/install/tb3_autonomy/share/tb3_autonomy/local_setup.zsh
[1.211s] -- Up-to-date symlink: /home/gulislamoglu/turtlebot3_patrolling/install/tb3_autonomy/share/tb3_autonomy/local_setup.dsv
[1.211s] -- Symlinking: /home/gulislamoglu/turtlebot3_patrolling/install/tb3_autonomy/share/tb3_autonomy/package.dsv
[1.212s] -- Up-to-date symlink: /home/gulislamoglu/turtlebot3_patrolling/install/tb3_autonomy/share/ament_index/resource_index/packages/tb3_autonomy
[1.213s] -- Up-to-date symlink: /home/gulislamoglu/turtlebot3_patrolling/install/tb3_autonomy/share/tb3_autonomy/cmake/tb3_autonomyConfig.cmake
[1.213s] -- Up-to-date symlink: /home/gulislamoglu/turtlebot3_patrolling/install/tb3_autonomy/share/tb3_autonomy/cmake/tb3_autonomyConfig-version.cmake
[1.213s] -- Up-to-date symlink: /home/gulislamoglu/turtlebot3_patrolling/install/tb3_autonomy/share/tb3_autonomy/package.xml
[1.397s] Invoked command in '/home/gulislamoglu/turtlebot3_patrolling/build/tb3_autonomy' returned '0': CMAKE_PREFIX_PATH=${CMAKE_PREFIX_PATH}:/home/gulislamoglu/turtlebot3_patrolling/install/turtlebot3_teleop:/home/gulislamoglu/turtlebot3_patrolling/install/turtlebot3_example:/home/gulislamoglu/turtlebot3_patrolling/install/tb3_sim:/home/gulislamoglu/turtlebot3_ws/install/turtlebot3_teleop:/home/gulislamoglu/turtlebot3_ws/install/turtlebot3_example:/opt/ros/humble /usr/bin/cmake --install /home/gulislamoglu/turtlebot3_patrolling/build/tb3_autonomy
