[0.615s] Invoking command in '/home/gulislamoglu/turtlebot3_patrolling/build/turtlebot3_description': CMAKE_PREFIX_PATH=${CMAKE_PREFIX_PATH}:/home/gulislamoglu/turtlebot3_patrolling/install/turtlebot3_teleop:/home/gulislamoglu/turtlebot3_patrolling/install/turtlebot3_example:/home/gulislamoglu/turtlebot3_patrolling/install/tb3_sim:/home/gulislamoglu/turtlebot3_ws/install/turtlebot3_teleop:/home/gulislamoglu/turtlebot3_ws/install/turtlebot3_example:/opt/ros/humble /usr/bin/cmake --build /home/gulislamoglu/turtlebot3_patrolling/build/turtlebot3_description -- -j16 -l16
[1.036s] Invoked command in '/home/gulislamoglu/turtlebot3_patrolling/build/turtlebot3_description' returned '0': CMAKE_PREFIX_PATH=${CMAKE_PREFIX_PATH}:/home/gulislamoglu/turtlebot3_patrolling/install/turtlebot3_teleop:/home/gulislamoglu/turtlebot3_patrolling/install/turtlebot3_example:/home/gulislamoglu/turtlebot3_patrolling/install/tb3_sim:/home/gulislamoglu/turtlebot3_ws/install/turtlebot3_teleop:/home/gulislamoglu/turtlebot3_ws/install/turtlebot3_example:/opt/ros/humble /usr/bin/cmake --build /home/gulislamoglu/turtlebot3_patrolling/build/turtlebot3_description -- -j16 -l16
[1.400s] Invoking command in '/home/gulislamoglu/turtlebot3_patrolling/build/turtlebot3_description': CMAKE_PREFIX_PATH=${CMAKE_PREFIX_PATH}:/home/gulislamoglu/turtlebot3_patrolling/install/turtlebot3_teleop:/home/gulislamoglu/turtlebot3_patrolling/install/turtlebot3_example:/home/gulislamoglu/turtlebot3_patrolling/install/tb3_sim:/home/gulislamoglu/turtlebot3_ws/install/turtlebot3_teleop:/home/gulislamoglu/turtlebot3_ws/install/turtlebot3_example:/opt/ros/humble /usr/bin/cmake --install /home/gulislamoglu/turtlebot3_patrolling/build/turtlebot3_description
[1.414s] -- Install configuration: ""
[1.415s] -- Execute custom install script
[1.415s] -- Up-to-date symlink: /home/gulislamoglu/turtlebot3_patrolling/install/turtlebot3_description/share/turtlebot3_description/meshes/bases/burger_base.stl
[1.415s] -- Up-to-date symlink: /home/gulislamoglu/turtlebot3_patrolling/install/turtlebot3_description/share/turtlebot3_description/meshes/bases/waffle_base.stl
[1.415s] -- Up-to-date symlink: /home/gulislamoglu/turtlebot3_patrolling/install/turtlebot3_description/share/turtlebot3_description/meshes/bases/waffle_pi_base.stl
[1.416s] -- Up-to-date symlink: /home/gulislamoglu/turtlebot3_patrolling/install/turtlebot3_description/share/turtlebot3_description/meshes/sensors/astra.dae
[1.416s] -- Up-to-date symlink: /home/gulislamoglu/turtlebot3_patrolling/install/turtlebot3_description/share/turtlebot3_description/meshes/sensors/astra.jpg
[1.416s] -- Up-to-date symlink: /home/gulislamoglu/turtlebot3_patrolling/install/turtlebot3_description/share/turtlebot3_description/meshes/sensors/lds.stl
[1.416s] -- Up-to-date symlink: /home/gulislamoglu/turtlebot3_patrolling/install/turtlebot3_description/share/turtlebot3_description/meshes/sensors/r200.dae
[1.416s] -- Up-to-date symlink: /home/gulislamoglu/turtlebot3_patrolling/install/turtlebot3_description/share/turtlebot3_description/meshes/sensors/r200.jpg
[1.416s] -- Up-to-date symlink: /home/gulislamoglu/turtlebot3_patrolling/install/turtlebot3_description/share/turtlebot3_description/meshes/wheels/left_tire.stl
[1.416s] -- Up-to-date symlink: /home/gulislamoglu/turtlebot3_patrolling/install/turtlebot3_description/share/turtlebot3_description/meshes/wheels/right_tire.stl
[1.423s] -- Up-to-date symlink: /home/gulislamoglu/turtlebot3_patrolling/install/turtlebot3_description/share/turtlebot3_description/rviz/model.rviz
[1.423s] -- Up-to-date symlink: /home/gulislamoglu/turtlebot3_patrolling/install/turtlebot3_description/share/turtlebot3_description/urdf/common_properties.urdf
[1.423s] -- Up-to-date symlink: /home/gulislamoglu/turtlebot3_patrolling/install/turtlebot3_description/share/turtlebot3_description/urdf/turtlebot3_burger.urdf
[1.423s] -- Up-to-date symlink: /home/gulislamoglu/turtlebot3_patrolling/install/turtlebot3_description/share/turtlebot3_description/urdf/turtlebot3_waffle.urdf
[1.423s] -- Up-to-date symlink: /home/gulislamoglu/turtlebot3_patrolling/install/turtlebot3_description/share/turtlebot3_description/urdf/turtlebot3_waffle_pi.urdf
[1.423s] -- Up-to-date symlink: /home/gulislamoglu/turtlebot3_patrolling/install/turtlebot3_description/share/ament_index/resource_index/package_run_dependencies/turtlebot3_description
[1.423s] -- Up-to-date symlink: /home/gulislamoglu/turtlebot3_patrolling/install/turtlebot3_description/share/ament_index/resource_index/parent_prefix_path/turtlebot3_description
[1.423s] -- Up-to-date symlink: /home/gulislamoglu/turtlebot3_patrolling/install/turtlebot3_description/share/turtlebot3_description/environment/ament_prefix_path.sh
[1.424s] -- Up-to-date symlink: /home/gulislamoglu/turtlebot3_patrolling/install/turtlebot3_description/share/turtlebot3_description/environment/ament_prefix_path.dsv
[1.425s] -- Up-to-date symlink: /home/gulislamoglu/turtlebot3_patrolling/install/turtlebot3_description/share/turtlebot3_description/environment/path.sh
[1.426s] -- Up-to-date symlink: /home/gulislamoglu/turtlebot3_patrolling/install/turtlebot3_description/share/turtlebot3_description/environment/path.dsv
[1.426s] -- Up-to-date symlink: /home/gulislamoglu/turtlebot3_patrolling/install/turtlebot3_description/share/turtlebot3_description/local_setup.bash
[1.426s] -- Up-to-date symlink: /home/gulislamoglu/turtlebot3_patrolling/install/turtlebot3_description/share/turtlebot3_description/local_setup.sh
[1.427s] -- Up-to-date symlink: /home/gulislamoglu/turtlebot3_patrolling/install/turtlebot3_description/share/turtlebot3_description/local_setup.zsh
[1.427s] -- Up-to-date symlink: /home/gulislamoglu/turtlebot3_patrolling/install/turtlebot3_description/share/turtlebot3_description/local_setup.dsv
[1.428s] -- Symlinking: /home/gulislamoglu/turtlebot3_patrolling/install/turtlebot3_description/share/turtlebot3_description/package.dsv
[1.441s] -- Up-to-date symlink: /home/gulislamoglu/turtlebot3_patrolling/install/turtlebot3_description/share/ament_index/resource_index/packages/turtlebot3_description
[1.442s] -- Up-to-date symlink: /home/gulislamoglu/turtlebot3_patrolling/install/turtlebot3_description/share/turtlebot3_description/cmake/turtlebot3_descriptionConfig.cmake
[1.443s] -- Up-to-date symlink: /home/gulislamoglu/turtlebot3_patrolling/install/turtlebot3_description/share/turtlebot3_description/cmake/turtlebot3_descriptionConfig-version.cmake
[1.443s] -- Up-to-date symlink: /home/gulislamoglu/turtlebot3_patrolling/install/turtlebot3_description/share/turtlebot3_description/package.xml
[1.532s] Invoked command in '/home/gulislamoglu/turtlebot3_patrolling/build/turtlebot3_description' returned '0': CMAKE_PREFIX_PATH=${CMAKE_PREFIX_PATH}:/home/gulislamoglu/turtlebot3_patrolling/install/turtlebot3_teleop:/home/gulislamoglu/turtlebot3_patrolling/install/turtlebot3_example:/home/gulislamoglu/turtlebot3_patrolling/install/tb3_sim:/home/gulislamoglu/turtlebot3_ws/install/turtlebot3_teleop:/home/gulislamoglu/turtlebot3_ws/install/turtlebot3_example:/opt/ros/humble /usr/bin/cmake --install /home/gulislamoglu/turtlebot3_patrolling/build/turtlebot3_description
