[0.244s] Invoking command in '/home/gulislamoglu/turtlebot3_patrolling/build/turtlebot3_node': AMENT_PREFIX_PATH=/home/gulislamoglu/turtlebot3_patrolling/install/turtlebot3_msgs:/home/gulislamoglu/turtlebot3_patrolling/install/dynamixel_sdk:${AMENT_PREFIX_PATH} CMAKE_PREFIX_PATH=/home/gulislamoglu/turtlebot3_patrolling/install/turtlebot3_msgs:/home/gulislamoglu/turtlebot3_patrolling/install/dynamixel_sdk:/home/gulislamoglu/turtlebot3_ws/install/turtlebot3:/home/gulislamoglu/turtlebot3_ws/install/turtlebot3_bringup:/home/gulislamoglu/turtlebot3_ws/install/turtlebot3_node:/home/gulislamoglu/turtlebot3_ws/install/turtlebot3_navigation2:/home/gulislamoglu/turtlebot3_ws/install/turtlebot3_msgs:/home/gulislamoglu/turtlebot3_ws/install/turtlebot3_description:/home/gulislamoglu/turtlebot3_ws/install/turtlebot3_cartographer:/home/gulislamoglu/turtlebot3_ws/install/dynamixel_sdk_examples:/home/gulislamoglu/turtlebot3_ws/install/dynamixel_sdk_custom_interfaces:/home/gulislamoglu/turtlebot3_ws/install/dynamixel_sdk:/home/gulislamoglu/turtlebot3_ws/install/turtlebot3_teleop:/home/gulislamoglu/turtlebot3_ws/install/turtlebot3_example:/opt/ros/humble LD_LIBRARY_PATH=/home/gulislamoglu/turtlebot3_patrolling/install/turtlebot3_msgs/lib:/home/gulislamoglu/turtlebot3_patrolling/install/dynamixel_sdk/lib:${LD_LIBRARY_PATH} PYTHONPATH=/home/gulislamoglu/turtlebot3_patrolling/install/turtlebot3_msgs/local/lib/python3.10/dist-packages:${PYTHONPATH} /usr/bin/cmake /home/gulislamoglu/turtlebot3_patrolling/turtlebot3/turtlebot3/turtlebot3_node -DAMENT_CMAKE_SYMLINK_INSTALL=1 -DCMAKE_INSTALL_PREFIX=/home/gulislamoglu/turtlebot3_patrolling/install/turtlebot3_node
[0.586s] -- The C compiler identification is GNU 11.4.0
[0.586s] -- The CXX compiler identification is GNU 11.4.0
[0.586s] -- Detecting C compiler ABI info
[0.587s] -- Detecting C compiler ABI info - done
[0.587s] -- Check for working C compiler: /usr/bin/cc - skipped
[0.587s] -- Detecting C compile features
[0.587s] -- Detecting C compile features - done
[0.587s] -- Detecting CXX compiler ABI info
[0.587s] -- Detecting CXX compiler ABI info - done
[0.594s] -- Check for working CXX compiler: /usr/bin/c++ - skipped
[0.594s] -- Detecting CXX compile features
[0.595s] -- Detecting CXX compile features - done
[0.601s] -- Found ament_cmake: 1.3.8 (/opt/ros/humble/share/ament_cmake/cmake)
[0.796s] -- Found Python3: /usr/bin/python3 (found version "3.10.12") found components: Interpreter 
[0.871s] -- Override CMake install command with custom implementation using symlinks instead of copying resources
[0.922s] -- Found dynamixel_sdk: 3.7.60 (/home/gulislamoglu/turtlebot3_patrolling/install/dynamixel_sdk/share/dynamixel_sdk/cmake)
[0.927s] -- Found geometry_msgs: 4.2.3 (/opt/ros/humble/share/geometry_msgs/cmake)
[0.984s] -- Found rosidl_generator_c: 3.1.5 (/opt/ros/humble/share/rosidl_generator_c/cmake)
[0.992s] -- Found rosidl_adapter: 3.1.5 (/opt/ros/humble/share/rosidl_adapter/cmake)
[1.004s] -- Found rosidl_generator_cpp: 3.1.5 (/opt/ros/humble/share/rosidl_generator_cpp/cmake)
[1.022s] -- Using all available rosidl_typesupport_c: rosidl_typesupport_fastrtps_c;rosidl_typesupport_introspection_c
[1.048s] -- Using all available rosidl_typesupport_cpp: rosidl_typesupport_fastrtps_cpp;rosidl_typesupport_introspection_cpp
[1.171s] -- Found message_filters: 4.3.3 (/opt/ros/humble/share/message_filters/cmake)
[1.252s] -- Found rmw_implementation_cmake: 6.1.1 (/opt/ros/humble/share/rmw_implementation_cmake/cmake)
[1.257s] -- Found rmw_fastrtps_cpp: 6.2.6 (/opt/ros/humble/share/rmw_fastrtps_cpp/cmake)
[1.397s] -- Found OpenSSL: /usr/lib/x86_64-linux-gnu/libcrypto.so (found version "3.0.2")  
[1.434s] -- Found FastRTPS: /opt/ros/humble/include  
[1.490s] -- Using RMW implementation 'rmw_fastrtps_cpp' as default
[1.505s] -- Looking for pthread.h
[1.594s] -- Looking for pthread.h - found
[1.594s] -- Performing Test CMAKE_HAVE_LIBC_PTHREAD
[1.686s] -- Performing Test CMAKE_HAVE_LIBC_PTHREAD - Success
[1.687s] -- Found Threads: TRUE  
[1.827s] -- Found nav_msgs: 4.2.3 (/opt/ros/humble/share/nav_msgs/cmake)
[1.908s] -- Found sensor_msgs: 4.2.3 (/opt/ros/humble/share/sensor_msgs/cmake)
[1.991s] -- Found std_srvs: 4.2.3 (/opt/ros/humble/share/std_srvs/cmake)
[2.015s] -- Found tf2: 0.25.6 (/opt/ros/humble/share/tf2/cmake)
[2.035s] -- Found tf2_ros: 0.25.6 (/opt/ros/humble/share/tf2_ros/cmake)
[2.379s] -- Found turtlebot3_msgs: 2.2.3 (/home/gulislamoglu/turtlebot3_patrolling/install/turtlebot3_msgs/share/turtlebot3_msgs/cmake)
[2.540s] -- Configuring done
[2.562s] -- Generating done
[2.564s] -- Build files have been written to: /home/gulislamoglu/turtlebot3_patrolling/build/turtlebot3_node
[2.579s] Invoked command in '/home/gulislamoglu/turtlebot3_patrolling/build/turtlebot3_node' returned '0': AMENT_PREFIX_PATH=/home/gulislamoglu/turtlebot3_patrolling/install/turtlebot3_msgs:/home/gulislamoglu/turtlebot3_patrolling/install/dynamixel_sdk:${AMENT_PREFIX_PATH} CMAKE_PREFIX_PATH=/home/gulislamoglu/turtlebot3_patrolling/install/turtlebot3_msgs:/home/gulislamoglu/turtlebot3_patrolling/install/dynamixel_sdk:/home/gulislamoglu/turtlebot3_ws/install/turtlebot3:/home/gulislamoglu/turtlebot3_ws/install/turtlebot3_bringup:/home/gulislamoglu/turtlebot3_ws/install/turtlebot3_node:/home/gulislamoglu/turtlebot3_ws/install/turtlebot3_navigation2:/home/gulislamoglu/turtlebot3_ws/install/turtlebot3_msgs:/home/gulislamoglu/turtlebot3_ws/install/turtlebot3_description:/home/gulislamoglu/turtlebot3_ws/install/turtlebot3_cartographer:/home/gulislamoglu/turtlebot3_ws/install/dynamixel_sdk_examples:/home/gulislamoglu/turtlebot3_ws/install/dynamixel_sdk_custom_interfaces:/home/gulislamoglu/turtlebot3_ws/install/dynamixel_sdk:/home/gulislamoglu/turtlebot3_ws/install/turtlebot3_teleop:/home/gulislamoglu/turtlebot3_ws/install/turtlebot3_example:/opt/ros/humble LD_LIBRARY_PATH=/home/gulislamoglu/turtlebot3_patrolling/install/turtlebot3_msgs/lib:/home/gulislamoglu/turtlebot3_patrolling/install/dynamixel_sdk/lib:${LD_LIBRARY_PATH} PYTHONPATH=/home/gulislamoglu/turtlebot3_patrolling/install/turtlebot3_msgs/local/lib/python3.10/dist-packages:${PYTHONPATH} /usr/bin/cmake /home/gulislamoglu/turtlebot3_patrolling/turtlebot3/turtlebot3/turtlebot3_node -DAMENT_CMAKE_SYMLINK_INSTALL=1 -DCMAKE_INSTALL_PREFIX=/home/gulislamoglu/turtlebot3_patrolling/install/turtlebot3_node
[2.582s] Invoking command in '/home/gulislamoglu/turtlebot3_patrolling/build/turtlebot3_node': AMENT_PREFIX_PATH=/home/gulislamoglu/turtlebot3_patrolling/install/turtlebot3_msgs:/home/gulislamoglu/turtlebot3_patrolling/install/dynamixel_sdk:${AMENT_PREFIX_PATH} CMAKE_PREFIX_PATH=/home/gulislamoglu/turtlebot3_patrolling/install/turtlebot3_msgs:/home/gulislamoglu/turtlebot3_patrolling/install/dynamixel_sdk:/home/gulislamoglu/turtlebot3_ws/install/turtlebot3:/home/gulislamoglu/turtlebot3_ws/install/turtlebot3_bringup:/home/gulislamoglu/turtlebot3_ws/install/turtlebot3_node:/home/gulislamoglu/turtlebot3_ws/install/turtlebot3_navigation2:/home/gulislamoglu/turtlebot3_ws/install/turtlebot3_msgs:/home/gulislamoglu/turtlebot3_ws/install/turtlebot3_description:/home/gulislamoglu/turtlebot3_ws/install/turtlebot3_cartographer:/home/gulislamoglu/turtlebot3_ws/install/dynamixel_sdk_examples:/home/gulislamoglu/turtlebot3_ws/install/dynamixel_sdk_custom_interfaces:/home/gulislamoglu/turtlebot3_ws/install/dynamixel_sdk:/home/gulislamoglu/turtlebot3_ws/install/turtlebot3_teleop:/home/gulislamoglu/turtlebot3_ws/install/turtlebot3_example:/opt/ros/humble LD_LIBRARY_PATH=/home/gulislamoglu/turtlebot3_patrolling/install/turtlebot3_msgs/lib:/home/gulislamoglu/turtlebot3_patrolling/install/dynamixel_sdk/lib:${LD_LIBRARY_PATH} PYTHONPATH=/home/gulislamoglu/turtlebot3_patrolling/install/turtlebot3_msgs/local/lib/python3.10/dist-packages:${PYTHONPATH} /usr/bin/cmake --build /home/gulislamoglu/turtlebot3_patrolling/build/turtlebot3_node -- -j16 -l16
[2.647s] [ 21%] [32mBuilding CXX object CMakeFiles/turtlebot3_node_lib.dir/src/devices/sound.cpp.o[0m
[2.648s] [ 42%] [32mBuilding CXX object CMakeFiles/turtlebot3_node_lib.dir/src/dynamixel_sdk_wrapper.cpp.o[0m
[2.649s] [ 42%] [32mBuilding CXX object CMakeFiles/turtlebot3_node_lib.dir/src/odometry.cpp.o[0m
[2.649s] [ 42%] [32mBuilding CXX object CMakeFiles/turtlebot3_node_lib.dir/src/sensors/battery_state.cpp.o[0m
[2.649s] [ 21%] [32mBuilding CXX object CMakeFiles/turtlebot3_node_lib.dir/src/devices/reset.cpp.o[0m
[2.650s] [ 21%] [32mBuilding CXX object CMakeFiles/turtlebot3_node_lib.dir/src/devices/motor_power.cpp.o[0m
[2.650s] [ 57%] [32mBuilding CXX object CMakeFiles/turtlebot3_node_lib.dir/src/diff_drive_controller.cpp.o[0m
[2.650s] [ 57%] [32mBuilding CXX object CMakeFiles/turtlebot3_node_lib.dir/src/sensors/joint_state.cpp.o[0m
[2.652s] [ 64%] [32mBuilding CXX object CMakeFiles/turtlebot3_node_lib.dir/src/sensors/imu.cpp.o[0m
[2.655s] [ 71%] [32mBuilding CXX object CMakeFiles/turtlebot3_node_lib.dir/src/turtlebot3.cpp.o[0m
[2.660s] [ 78%] [32mBuilding CXX object CMakeFiles/turtlebot3_node_lib.dir/src/sensors/sensor_state.cpp.o[0m
[18.535s] [ 85%] [32m[1mLinking CXX static library libturtlebot3_node_lib.a[0m
[19.275s] [ 85%] Built target turtlebot3_node_lib
[19.301s] [ 92%] [32mBuilding CXX object CMakeFiles/turtlebot3_ros.dir/src/node_main.cpp.o[0m
[22.092s] [100%] [32m[1mLinking CXX executable turtlebot3_ros[0m
[23.895s] [100%] Built target turtlebot3_ros
[23.926s] Invoked command in '/home/gulislamoglu/turtlebot3_patrolling/build/turtlebot3_node' returned '0': AMENT_PREFIX_PATH=/home/gulislamoglu/turtlebot3_patrolling/install/turtlebot3_msgs:/home/gulislamoglu/turtlebot3_patrolling/install/dynamixel_sdk:${AMENT_PREFIX_PATH} CMAKE_PREFIX_PATH=/home/gulislamoglu/turtlebot3_patrolling/install/turtlebot3_msgs:/home/gulislamoglu/turtlebot3_patrolling/install/dynamixel_sdk:/home/gulislamoglu/turtlebot3_ws/install/turtlebot3:/home/gulislamoglu/turtlebot3_ws/install/turtlebot3_bringup:/home/gulislamoglu/turtlebot3_ws/install/turtlebot3_node:/home/gulislamoglu/turtlebot3_ws/install/turtlebot3_navigation2:/home/gulislamoglu/turtlebot3_ws/install/turtlebot3_msgs:/home/gulislamoglu/turtlebot3_ws/install/turtlebot3_description:/home/gulislamoglu/turtlebot3_ws/install/turtlebot3_cartographer:/home/gulislamoglu/turtlebot3_ws/install/dynamixel_sdk_examples:/home/gulislamoglu/turtlebot3_ws/install/dynamixel_sdk_custom_interfaces:/home/gulislamoglu/turtlebot3_ws/install/dynamixel_sdk:/home/gulislamoglu/turtlebot3_ws/install/turtlebot3_teleop:/home/gulislamoglu/turtlebot3_ws/install/turtlebot3_example:/opt/ros/humble LD_LIBRARY_PATH=/home/gulislamoglu/turtlebot3_patrolling/install/turtlebot3_msgs/lib:/home/gulislamoglu/turtlebot3_patrolling/install/dynamixel_sdk/lib:${LD_LIBRARY_PATH} PYTHONPATH=/home/gulislamoglu/turtlebot3_patrolling/install/turtlebot3_msgs/local/lib/python3.10/dist-packages:${PYTHONPATH} /usr/bin/cmake --build /home/gulislamoglu/turtlebot3_patrolling/build/turtlebot3_node -- -j16 -l16
[24.028s] Invoking command in '/home/gulislamoglu/turtlebot3_patrolling/build/turtlebot3_node': AMENT_PREFIX_PATH=/home/gulislamoglu/turtlebot3_patrolling/install/turtlebot3_msgs:/home/gulislamoglu/turtlebot3_patrolling/install/dynamixel_sdk:${AMENT_PREFIX_PATH} CMAKE_PREFIX_PATH=/home/gulislamoglu/turtlebot3_patrolling/install/turtlebot3_msgs:/home/gulislamoglu/turtlebot3_patrolling/install/dynamixel_sdk:/home/gulislamoglu/turtlebot3_ws/install/turtlebot3:/home/gulislamoglu/turtlebot3_ws/install/turtlebot3_bringup:/home/gulislamoglu/turtlebot3_ws/install/turtlebot3_node:/home/gulislamoglu/turtlebot3_ws/install/turtlebot3_navigation2:/home/gulislamoglu/turtlebot3_ws/install/turtlebot3_msgs:/home/gulislamoglu/turtlebot3_ws/install/turtlebot3_description:/home/gulislamoglu/turtlebot3_ws/install/turtlebot3_cartographer:/home/gulislamoglu/turtlebot3_ws/install/dynamixel_sdk_examples:/home/gulislamoglu/turtlebot3_ws/install/dynamixel_sdk_custom_interfaces:/home/gulislamoglu/turtlebot3_ws/install/dynamixel_sdk:/home/gulislamoglu/turtlebot3_ws/install/turtlebot3_teleop:/home/gulislamoglu/turtlebot3_ws/install/turtlebot3_example:/opt/ros/humble LD_LIBRARY_PATH=/home/gulislamoglu/turtlebot3_patrolling/install/turtlebot3_msgs/lib:/home/gulislamoglu/turtlebot3_patrolling/install/dynamixel_sdk/lib:${LD_LIBRARY_PATH} PYTHONPATH=/home/gulislamoglu/turtlebot3_patrolling/install/turtlebot3_msgs/local/lib/python3.10/dist-packages:${PYTHONPATH} /usr/bin/cmake --install /home/gulislamoglu/turtlebot3_patrolling/build/turtlebot3_node
[24.035s] -- Install configuration: ""
[24.035s] -- Execute custom install script
[24.035s] -- Symlinking: /home/gulislamoglu/turtlebot3_patrolling/install/turtlebot3_node/share/turtlebot3_node/param/burger.yaml
[24.059s] -- Symlinking: /home/gulislamoglu/turtlebot3_patrolling/install/turtlebot3_node/share/turtlebot3_node/param/waffle.yaml
[24.081s] -- Symlinking: /home/gulislamoglu/turtlebot3_patrolling/install/turtlebot3_node/share/turtlebot3_node/param/waffle_pi.yaml
[24.103s] -- Symlinking: /home/gulislamoglu/turtlebot3_patrolling/install/turtlebot3_node/lib/turtlebot3_node/turtlebot3_ros
[24.113s] -- Symlinking: /home/gulislamoglu/turtlebot3_patrolling/install/turtlebot3_node/share/ament_index/resource_index/package_run_dependencies/turtlebot3_node
[24.137s] -- Symlinking: /home/gulislamoglu/turtlebot3_patrolling/install/turtlebot3_node/share/ament_index/resource_index/parent_prefix_path/turtlebot3_node
[24.162s] -- Symlinking: /home/gulislamoglu/turtlebot3_patrolling/install/turtlebot3_node/share/turtlebot3_node/environment/ament_prefix_path.sh
[24.181s] -- Symlinking: /home/gulislamoglu/turtlebot3_patrolling/install/turtlebot3_node/share/turtlebot3_node/environment/ament_prefix_path.dsv
[24.205s] -- Symlinking: /home/gulislamoglu/turtlebot3_patrolling/install/turtlebot3_node/share/turtlebot3_node/environment/path.sh
[24.230s] -- Symlinking: /home/gulislamoglu/turtlebot3_patrolling/install/turtlebot3_node/share/turtlebot3_node/environment/path.dsv
[24.255s] -- Symlinking: /home/gulislamoglu/turtlebot3_patrolling/install/turtlebot3_node/share/turtlebot3_node/local_setup.bash
[24.268s] -- Symlinking: /home/gulislamoglu/turtlebot3_patrolling/install/turtlebot3_node/share/turtlebot3_node/local_setup.sh
[24.277s] -- Symlinking: /home/gulislamoglu/turtlebot3_patrolling/install/turtlebot3_node/share/turtlebot3_node/local_setup.zsh
[24.288s] -- Symlinking: /home/gulislamoglu/turtlebot3_patrolling/install/turtlebot3_node/share/turtlebot3_node/local_setup.dsv
[24.311s] -- Symlinking: /home/gulislamoglu/turtlebot3_patrolling/install/turtlebot3_node/share/turtlebot3_node/package.dsv
[24.330s] -- Symlinking: /home/gulislamoglu/turtlebot3_patrolling/install/turtlebot3_node/share/ament_index/resource_index/packages/turtlebot3_node
[24.354s] -- Symlinking: /home/gulislamoglu/turtlebot3_patrolling/install/turtlebot3_node/share/turtlebot3_node/cmake/ament_cmake_export_include_directories-extras.cmake
[24.376s] -- Symlinking: /home/gulislamoglu/turtlebot3_patrolling/install/turtlebot3_node/share/turtlebot3_node/cmake/turtlebot3_nodeConfig.cmake
[24.399s] -- Symlinking: /home/gulislamoglu/turtlebot3_patrolling/install/turtlebot3_node/share/turtlebot3_node/cmake/turtlebot3_nodeConfig-version.cmake
[24.422s] -- Symlinking: /home/gulislamoglu/turtlebot3_patrolling/install/turtlebot3_node/share/turtlebot3_node/package.xml
[24.453s] Invoked command in '/home/gulislamoglu/turtlebot3_patrolling/build/turtlebot3_node' returned '0': AMENT_PREFIX_PATH=/home/gulislamoglu/turtlebot3_patrolling/install/turtlebot3_msgs:/home/gulislamoglu/turtlebot3_patrolling/install/dynamixel_sdk:${AMENT_PREFIX_PATH} CMAKE_PREFIX_PATH=/home/gulislamoglu/turtlebot3_patrolling/install/turtlebot3_msgs:/home/gulislamoglu/turtlebot3_patrolling/install/dynamixel_sdk:/home/gulislamoglu/turtlebot3_ws/install/turtlebot3:/home/gulislamoglu/turtlebot3_ws/install/turtlebot3_bringup:/home/gulislamoglu/turtlebot3_ws/install/turtlebot3_node:/home/gulislamoglu/turtlebot3_ws/install/turtlebot3_navigation2:/home/gulislamoglu/turtlebot3_ws/install/turtlebot3_msgs:/home/gulislamoglu/turtlebot3_ws/install/turtlebot3_description:/home/gulislamoglu/turtlebot3_ws/install/turtlebot3_cartographer:/home/gulislamoglu/turtlebot3_ws/install/dynamixel_sdk_examples:/home/gulislamoglu/turtlebot3_ws/install/dynamixel_sdk_custom_interfaces:/home/gulislamoglu/turtlebot3_ws/install/dynamixel_sdk:/home/gulislamoglu/turtlebot3_ws/install/turtlebot3_teleop:/home/gulislamoglu/turtlebot3_ws/install/turtlebot3_example:/opt/ros/humble LD_LIBRARY_PATH=/home/gulislamoglu/turtlebot3_patrolling/install/turtlebot3_msgs/lib:/home/gulislamoglu/turtlebot3_patrolling/install/dynamixel_sdk/lib:${LD_LIBRARY_PATH} PYTHONPATH=/home/gulislamoglu/turtlebot3_patrolling/install/turtlebot3_msgs/local/lib/python3.10/dist-packages:${PYTHONPATH} /usr/bin/cmake --install /home/gulislamoglu/turtlebot3_patrolling/build/turtlebot3_node
