[0.990s] Invoking command in '/home/gulislamoglu/turtlebot3_patrolling/build/turtlebot3_teleop': PYTHONPATH=/home/gulislamoglu/turtlebot3_patrolling/build/turtlebot3_teleop/prefix_override:/home/gulislamoglu/turtlebot3_patrolling/install/turtlebot3_teleop/lib/python3.10/site-packages:${PYTHONPATH} /usr/bin/python3 setup.py develop --editable --build-directory /home/gulislamoglu/turtlebot3_patrolling/build/turtlebot3_teleop/build --no-deps install_data
[1.317s] running develop
[1.543s] running egg_info
[1.543s] creating turtlebot3_teleop.egg-info
[1.543s] writing turtlebot3_teleop.egg-info/PKG-INFO
[1.543s] writing dependency_links to turtlebot3_teleop.egg-info/dependency_links.txt
[1.544s] writing entry points to turtlebot3_teleop.egg-info/entry_points.txt
[1.544s] writing requirements to turtlebot3_teleop.egg-info/requires.txt
[1.546s] writing top-level names to turtlebot3_teleop.egg-info/top_level.txt
[1.546s] writing manifest file 'turtlebot3_teleop.egg-info/SOURCES.txt'
[1.546s] reading manifest file 'turtlebot3_teleop.egg-info/SOURCES.txt'
[1.547s] writing manifest file 'turtlebot3_teleop.egg-info/SOURCES.txt'
[1.548s] running build_ext
[1.548s] Creating /home/gulislamoglu/turtlebot3_patrolling/install/turtlebot3_teleop/lib/python3.10/site-packages/turtlebot3-teleop.egg-link (link to .)
[1.549s] Installing teleop_keyboard script to /home/gulislamoglu/turtlebot3_patrolling/install/turtlebot3_teleop/lib/turtlebot3_teleop
[1.550s] 
[1.550s] Installed /home/gulislamoglu/turtlebot3_patrolling/build/turtlebot3_teleop
[1.550s] running install_data
[1.550s] creating /home/gulislamoglu/turtlebot3_patrolling/install/turtlebot3_teleop/share/ament_index
[1.551s] creating /home/gulislamoglu/turtlebot3_patrolling/install/turtlebot3_teleop/share/ament_index/resource_index
[1.551s] creating /home/gulislamoglu/turtlebot3_patrolling/install/turtlebot3_teleop/share/ament_index/resource_index/packages
[1.551s] copying resource/turtlebot3_teleop -> /home/gulislamoglu/turtlebot3_patrolling/install/turtlebot3_teleop/share/ament_index/resource_index/packages
[1.551s] copying package.xml -> /home/gulislamoglu/turtlebot3_patrolling/install/turtlebot3_teleop/share/turtlebot3_teleop
[1.736s] Invoked command in '/home/gulislamoglu/turtlebot3_patrolling/build/turtlebot3_teleop' returned '0': PYTHONPATH=/home/gulislamoglu/turtlebot3_patrolling/build/turtlebot3_teleop/prefix_override:/home/gulislamoglu/turtlebot3_patrolling/install/turtlebot3_teleop/lib/python3.10/site-packages:${PYTHONPATH} /usr/bin/python3 setup.py develop --editable --build-directory /home/gulislamoglu/turtlebot3_patrolling/build/turtlebot3_teleop/build --no-deps install_data
