[0.169s] Invoking command in '/home/gulislamoglu/turtlebot3_patrolling/build/turtlebot3_navigation2': CMAKE_PREFIX_PATH=${CMAKE_PREFIX_PATH}:/home/gulislamoglu/turtlebot3_ws/install/turtlebot3_teleop:/home/gulislamoglu/turtlebot3_ws/install/turtlebot3_example:/opt/ros/humble /usr/bin/cmake /home/gulislamoglu/turtlebot3_patrolling/turtlebot3/turtlebot3/turtlebot3_navigation2 -DAMENT_CMAKE_SYMLINK_INSTALL=1 -DCMAKE_INSTALL_PREFIX=/home/gulislamoglu/turtlebot3_patrolling/install/turtlebot3_navigation2
[0.311s] -- The C compiler identification is GNU 11.4.0
[0.442s] -- The CXX compiler identification is GNU 11.4.0
[0.452s] -- Detecting C compiler ABI info
[0.545s] -- Detecting C compiler ABI info - done
[0.551s] -- Check for working C compiler: /usr/bin/cc - skipped
[0.551s] -- Detecting C compile features
[0.552s] -- Detecting C compile features - done
[0.555s] -- Detecting CXX compiler ABI info
[0.661s] -- Detecting CXX compiler ABI info - done
[0.668s] -- Check for working CXX compiler: /usr/bin/c++ - skipped
[0.668s] -- Detecting CXX compile features
[0.668s] -- Detecting CXX compile features - done
[0.672s] -- Found ament_cmake: 1.3.8 (/opt/ros/humble/share/ament_cmake/cmake)
[0.860s] -- Found Python3: /usr/bin/python3 (found version "3.10.12") found components: Interpreter 
[0.937s] -- Override CMake install command with custom implementation using symlinks instead of copying resources
[1.089s] -- Configuring done
[1.092s] -- Generating done
[1.093s] -- Build files have been written to: /home/gulislamoglu/turtlebot3_patrolling/build/turtlebot3_navigation2
[1.097s] Invoked command in '/home/gulislamoglu/turtlebot3_patrolling/build/turtlebot3_navigation2' returned '0': CMAKE_PREFIX_PATH=${CMAKE_PREFIX_PATH}:/home/gulislamoglu/turtlebot3_ws/install/turtlebot3_teleop:/home/gulislamoglu/turtlebot3_ws/install/turtlebot3_example:/opt/ros/humble /usr/bin/cmake /home/gulislamoglu/turtlebot3_patrolling/turtlebot3/turtlebot3/turtlebot3_navigation2 -DAMENT_CMAKE_SYMLINK_INSTALL=1 -DCMAKE_INSTALL_PREFIX=/home/gulislamoglu/turtlebot3_patrolling/install/turtlebot3_navigation2
[1.099s] Invoking command in '/home/gulislamoglu/turtlebot3_patrolling/build/turtlebot3_navigation2': CMAKE_PREFIX_PATH=${CMAKE_PREFIX_PATH}:/home/gulislamoglu/turtlebot3_ws/install/turtlebot3_teleop:/home/gulislamoglu/turtlebot3_ws/install/turtlebot3_example:/opt/ros/humble /usr/bin/cmake --build /home/gulislamoglu/turtlebot3_patrolling/build/turtlebot3_navigation2 -- -j16 -l16
[1.144s] Invoked command in '/home/gulislamoglu/turtlebot3_patrolling/build/turtlebot3_navigation2' returned '0': CMAKE_PREFIX_PATH=${CMAKE_PREFIX_PATH}:/home/gulislamoglu/turtlebot3_ws/install/turtlebot3_teleop:/home/gulislamoglu/turtlebot3_ws/install/turtlebot3_example:/opt/ros/humble /usr/bin/cmake --build /home/gulislamoglu/turtlebot3_patrolling/build/turtlebot3_navigation2 -- -j16 -l16
[1.184s] Invoking command in '/home/gulislamoglu/turtlebot3_patrolling/build/turtlebot3_navigation2': CMAKE_PREFIX_PATH=${CMAKE_PREFIX_PATH}:/home/gulislamoglu/turtlebot3_ws/install/turtlebot3_teleop:/home/gulislamoglu/turtlebot3_ws/install/turtlebot3_example:/opt/ros/humble /usr/bin/cmake --install /home/gulislamoglu/turtlebot3_patrolling/build/turtlebot3_navigation2
[1.195s] -- Install configuration: ""
[1.195s] -- Execute custom install script
[1.196s] -- Symlinking: /home/gulislamoglu/turtlebot3_patrolling/install/turtlebot3_navigation2/share/turtlebot3_navigation2/launch/navigation2.launch.py
[1.213s] -- Symlinking: /home/gulislamoglu/turtlebot3_patrolling/install/turtlebot3_navigation2/share/turtlebot3_navigation2/map/map.pgm
[1.229s] -- Symlinking: /home/gulislamoglu/turtlebot3_patrolling/install/turtlebot3_navigation2/share/turtlebot3_navigation2/map/map.yaml
[1.244s] -- Symlinking: /home/gulislamoglu/turtlebot3_patrolling/install/turtlebot3_navigation2/share/turtlebot3_navigation2/param/burger.yaml
[1.261s] -- Symlinking: /home/gulislamoglu/turtlebot3_patrolling/install/turtlebot3_navigation2/share/turtlebot3_navigation2/param/waffle.yaml
[1.277s] -- Symlinking: /home/gulislamoglu/turtlebot3_patrolling/install/turtlebot3_navigation2/share/turtlebot3_navigation2/param/waffle_pi.yaml
[1.294s] -- Symlinking: /home/gulislamoglu/turtlebot3_patrolling/install/turtlebot3_navigation2/share/turtlebot3_navigation2/rviz/tb3_navigation2.rviz
[1.311s] -- Symlinking: /home/gulislamoglu/turtlebot3_patrolling/install/turtlebot3_navigation2/share/ament_index/resource_index/package_run_dependencies/turtlebot3_navigation2
[1.326s] -- Symlinking: /home/gulislamoglu/turtlebot3_patrolling/install/turtlebot3_navigation2/share/ament_index/resource_index/parent_prefix_path/turtlebot3_navigation2
[1.341s] -- Symlinking: /home/gulislamoglu/turtlebot3_patrolling/install/turtlebot3_navigation2/share/turtlebot3_navigation2/environment/ament_prefix_path.sh
[1.357s] -- Symlinking: /home/gulislamoglu/turtlebot3_patrolling/install/turtlebot3_navigation2/share/turtlebot3_navigation2/environment/ament_prefix_path.dsv
[1.373s] -- Symlinking: /home/gulislamoglu/turtlebot3_patrolling/install/turtlebot3_navigation2/share/turtlebot3_navigation2/environment/path.sh
[1.385s] -- Symlinking: /home/gulislamoglu/turtlebot3_patrolling/install/turtlebot3_navigation2/share/turtlebot3_navigation2/environment/path.dsv
[1.398s] -- Symlinking: /home/gulislamoglu/turtlebot3_patrolling/install/turtlebot3_navigation2/share/turtlebot3_navigation2/local_setup.bash
[1.415s] -- Symlinking: /home/gulislamoglu/turtlebot3_patrolling/install/turtlebot3_navigation2/share/turtlebot3_navigation2/local_setup.sh
[1.428s] -- Symlinking: /home/gulislamoglu/turtlebot3_patrolling/install/turtlebot3_navigation2/share/turtlebot3_navigation2/local_setup.zsh
[1.443s] -- Symlinking: /home/gulislamoglu/turtlebot3_patrolling/install/turtlebot3_navigation2/share/turtlebot3_navigation2/local_setup.dsv
[1.460s] -- Symlinking: /home/gulislamoglu/turtlebot3_patrolling/install/turtlebot3_navigation2/share/turtlebot3_navigation2/package.dsv
[1.475s] -- Symlinking: /home/gulislamoglu/turtlebot3_patrolling/install/turtlebot3_navigation2/share/ament_index/resource_index/packages/turtlebot3_navigation2
[1.488s] -- Symlinking: /home/gulislamoglu/turtlebot3_patrolling/install/turtlebot3_navigation2/share/turtlebot3_navigation2/cmake/turtlebot3_navigation2Config.cmake
[1.503s] -- Symlinking: /home/gulislamoglu/turtlebot3_patrolling/install/turtlebot3_navigation2/share/turtlebot3_navigation2/cmake/turtlebot3_navigation2Config-version.cmake
[1.515s] -- Symlinking: /home/gulislamoglu/turtlebot3_patrolling/install/turtlebot3_navigation2/share/turtlebot3_navigation2/package.xml
[1.579s] Invoked command in '/home/gulislamoglu/turtlebot3_patrolling/build/turtlebot3_navigation2' returned '0': CMAKE_PREFIX_PATH=${CMAKE_PREFIX_PATH}:/home/gulislamoglu/turtlebot3_ws/install/turtlebot3_teleop:/home/gulislamoglu/turtlebot3_ws/install/turtlebot3_example:/opt/ros/humble /usr/bin/cmake --install /home/gulislamoglu/turtlebot3_patrolling/build/turtlebot3_navigation2
