[0.220s] Invoking command in '/home/gulislamoglu/turtlebot3_patrolling/build/turtlebot3_gazebo': CMAKE_PREFIX_PATH=${CMAKE_PREFIX_PATH}:/home/gulislamoglu/turtlebot3_ws/install/turtlebot3_teleop:/home/gulislamoglu/turtlebot3_ws/install/turtlebot3_example:/opt/ros/humble /usr/bin/cmake /home/gulislamoglu/turtlebot3_patrolling/turtlebot3/turtlebot3_simulations/turtlebot3_gazebo -DAMENT_CMAKE_SYMLINK_INSTALL=1 -DCMAKE_INSTALL_PREFIX=/home/gulislamoglu/turtlebot3_patrolling/install/turtlebot3_gazebo
[0.367s] -- The C compiler identification is GNU 11.4.0
[0.493s] -- The CXX compiler identification is GNU 11.4.0
[0.505s] -- Detecting C compiler ABI info
[0.602s] -- Detecting C compiler ABI info - done
[0.610s] -- Check for working C compiler: /usr/bin/cc - skipped
[0.610s] -- Detecting C compile features
[0.610s] -- Detecting C compile features - done
[0.614s] -- Detecting CXX compiler ABI info
[0.708s] -- Detecting CXX compiler ABI info - done
[0.715s] -- Check for working CXX compiler: /usr/bin/c++ - skipped
[0.716s] -- Detecting CXX compile features
[0.716s] -- Detecting CXX compile features - done
[0.721s] -- Found ament_cmake: 1.3.8 (/opt/ros/humble/share/ament_cmake/cmake)
[0.915s] -- Found Python3: /usr/bin/python3 (found version "3.10.12") found components: Interpreter 
[0.988s] -- Override CMake install command with custom implementation using symlinks instead of copying resources
[1.063s] [33mCMake Warning (dev) at /usr/share/cmake-3.22/Modules/FindPackageHandleStandardArgs.cmake:438 (message):
[1.063s]   The package name passed to `find_package_handle_standard_args` (PkgConfig)
[1.063s]   does not match the name of the calling package (gazebo).  This can lead to
[1.063s]   problems in calling code that expects `find_package` result variables
[1.063s]   (e.g., `_FOUND`) to follow a certain pattern.
[1.063s] Call Stack (most recent call first):
[1.064s]   /usr/share/cmake-3.22/Modules/FindPkgConfig.cmake:99 (find_package_handle_standard_args)
[1.064s]   /usr/lib/x86_64-linux-gnu/cmake/gazebo/gazebo-config.cmake:72 (include)
[1.064s]   CMakeLists.txt:23 (find_package)
[1.064s] This warning is for project developers.  Use -Wno-dev to suppress it.
[1.064s] [0m
[1.064s] -- Found PkgConfig: /usr/bin/pkg-config (found version "0.29.2") 
[1.067s] -- Checking for module 'bullet>=2.82'
[1.087s] --   Found bullet, version 3.05
[1.259s] -- Found fcl: /usr/include (found suitable version "0.7.0", minimum required is "0.5.0") 
[1.373s] -- Found assimp: /usr/include (found version "5.2.0") 
[1.429s] -- Found DART: /usr/include (Required is at least version "6.6") found components: dart 
[1.718s] -- Found Boost: /usr/lib/x86_64-linux-gnu/cmake/Boost-1.74.0/BoostConfig.cmake (found suitable version "1.74.0", minimum required is "1.40.0") found components: thread system filesystem program_options regex iostreams date_time 
[1.756s] -- Found Protobuf: /usr/lib/x86_64-linux-gnu/libprotobuf.so (found version "3.12.4") 
[1.765s] -- Looking for ignition-math6 -- found version 6.15.1
[1.776s] -- Searching for dependencies of ignition-math6
[1.779s] -- Looking for OGRE...
[1.779s] -- OGRE_PREFIX_WATCH changed.
[1.785s] -- Checking for module 'OGRE'
[1.804s] --   Found OGRE, version 1.9.0
[1.853s] -- Found Ogre Ghadamon (1.9.0)
[1.865s] -- Found OGRE: optimized;/usr/lib/x86_64-linux-gnu/libOgreMain.so;debug;/usr/lib/x86_64-linux-gnu/libOgreMain.so
[1.873s] -- Looking for OGRE_Paging...
[1.884s] -- Found OGRE_Paging: optimized;/usr/lib/x86_64-linux-gnu/libOgrePaging.so;debug;/usr/lib/x86_64-linux-gnu/libOgrePaging.so
[1.885s] -- Looking for OGRE_Terrain...
[1.892s] -- Found OGRE_Terrain: optimized;/usr/lib/x86_64-linux-gnu/libOgreTerrain.so;debug;/usr/lib/x86_64-linux-gnu/libOgreTerrain.so
[1.892s] -- Looking for OGRE_Property...
[1.901s] -- Found OGRE_Property: optimized;/usr/lib/x86_64-linux-gnu/libOgreProperty.so;debug;/usr/lib/x86_64-linux-gnu/libOgreProperty.so
[1.901s] -- Looking for OGRE_RTShaderSystem...
[1.907s] -- Found OGRE_RTShaderSystem: optimized;/usr/lib/x86_64-linux-gnu/libOgreRTShaderSystem.so;debug;/usr/lib/x86_64-linux-gnu/libOgreRTShaderSystem.so
[1.907s] -- Looking for OGRE_Volume...
[1.916s] -- Found OGRE_Volume: optimized;/usr/lib/x86_64-linux-gnu/libOgreVolume.so;debug;/usr/lib/x86_64-linux-gnu/libOgreVolume.so
[1.916s] -- Looking for OGRE_Overlay...
[1.926s] -- Found OGRE_Overlay: optimized;/usr/lib/x86_64-linux-gnu/libOgreOverlay.so;debug;/usr/lib/x86_64-linux-gnu/libOgreOverlay.so
[2.103s] -- Looking for ignition-math6 -- found version 6.15.1
[2.108s] -- Looking for ignition-transport8 -- found version 8.2.1
[2.108s] -- Searching for dependencies of ignition-transport8
[2.130s] -- Found Protobuf: /usr/lib/x86_64-linux-gnu/libprotobuf.so (found suitable version "3.12.4", minimum required is "3") 
[2.144s] -- Config-file not installed for ZeroMQ -- checking for pkg-config
[2.149s] -- Checking for module 'libzmq >= 4'
[2.172s] --   Found libzmq , version 4.3.4
[2.221s] -- Found ZeroMQ: TRUE (Required is at least version "4") 
[2.228s] -- Checking for module 'uuid'
[2.248s] --   Found uuid, version 2.37.2
[2.296s] -- Found UUID: TRUE  
[2.300s] -- Looking for ignition-msgs5 -- found version 5.8.1
[2.300s] -- Searching for dependencies of ignition-msgs5
[2.323s] -- Looking for ignition-math6 -- found version 6.15.1
[2.328s] -- Checking for module 'tinyxml2'
[2.348s] --   Found tinyxml2, version 9.0.0
[2.396s] -- Looking for ignition-msgs5 -- found version 5.8.1
[2.403s] -- Looking for ignition-common3 -- found version 3.14.0
[2.403s] -- Searching for dependencies of ignition-common3
[2.404s] -- Looking for dlfcn.h - found
[2.405s] -- Looking for libdl - found
[2.407s] -- Found DL: TRUE  
[2.423s] -- Found tinyobjloader: /usr/lib/x86_64-linux-gnu/cmake/tinyobjloader/tinyobjloader-config.cmake (found version "2.0.0") 
[2.424s] -- Searching for <ignition-common3> component [graphics]
[2.429s] -- Looking for ignition-common3-graphics -- found version 3.14.0
[2.430s] -- Searching for dependencies of ignition-common3-graphics
[2.430s] -- Looking for ignition-math6 -- found version 6.15.1
[2.436s] -- Looking for ignition-fuel_tools4 -- found version 4.4.0
[2.436s] -- Searching for dependencies of ignition-fuel_tools4
[2.550s] -- Found CURL: /usr/lib/x86_64-linux-gnu/libcurl.so (found version "7.81.0")  
[2.562s] -- Checking for module 'jsoncpp'
[2.581s] --   Found jsoncpp, version 1.9.5
[2.634s] -- Found JSONCPP: TRUE  
[2.643s] -- Checking for module 'libzip'
[2.671s] --   Found libzip, version 1.7.3
[2.727s] -- Found ZIP: TRUE  
[2.728s] -- Looking for ignition-common3 -- found version 3.14.0
[2.728s] -- Looking for ignition-math6 -- found version 6.15.1
[2.728s] -- Looking for ignition-msgs5 -- found version 5.8.1
[2.738s] -- Found gazebo_ros_pkgs: 3.7.0 (/opt/ros/humble/share/gazebo_ros_pkgs/cmake)
[2.741s] -- Found geometry_msgs: 4.2.3 (/opt/ros/humble/share/geometry_msgs/cmake)
[2.787s] -- Found rosidl_generator_c: 3.1.5 (/opt/ros/humble/share/rosidl_generator_c/cmake)
[2.795s] -- Found rosidl_adapter: 3.1.5 (/opt/ros/humble/share/rosidl_adapter/cmake)
[2.806s] -- Found rosidl_generator_cpp: 3.1.5 (/opt/ros/humble/share/rosidl_generator_cpp/cmake)
[2.829s] -- Using all available rosidl_typesupport_c: rosidl_typesupport_fastrtps_c;rosidl_typesupport_introspection_c
[2.865s] -- Using all available rosidl_typesupport_cpp: rosidl_typesupport_fastrtps_cpp;rosidl_typesupport_introspection_cpp
[3.051s] -- Found nav_msgs: 4.2.3 (/opt/ros/humble/share/nav_msgs/cmake)
[3.175s] -- Found rclcpp: 16.0.8 (/opt/ros/humble/share/rclcpp/cmake)
[3.261s] -- Found rmw_implementation_cmake: 6.1.1 (/opt/ros/humble/share/rmw_implementation_cmake/cmake)
[3.266s] -- Found rmw_fastrtps_cpp: 6.2.6 (/opt/ros/humble/share/rmw_fastrtps_cpp/cmake)
[3.448s] -- Found OpenSSL: /usr/lib/x86_64-linux-gnu/libcrypto.so (found version "3.0.2")  
[3.488s] -- Found FastRTPS: /opt/ros/humble/include  
[3.558s] -- Using RMW implementation 'rmw_fastrtps_cpp' as default
[3.579s] -- Found Threads: TRUE  
[3.720s] -- Found sensor_msgs: 4.2.3 (/opt/ros/humble/share/sensor_msgs/cmake)
[3.802s] -- Found tf2: 0.25.6 (/opt/ros/humble/share/tf2/cmake)
[3.926s] -- Configuring done
[3.993s] -- Generating done
[3.997s] -- Build files have been written to: /home/gulislamoglu/turtlebot3_patrolling/build/turtlebot3_gazebo
[4.019s] Invoked command in '/home/gulislamoglu/turtlebot3_patrolling/build/turtlebot3_gazebo' returned '0': CMAKE_PREFIX_PATH=${CMAKE_PREFIX_PATH}:/home/gulislamoglu/turtlebot3_ws/install/turtlebot3_teleop:/home/gulislamoglu/turtlebot3_ws/install/turtlebot3_example:/opt/ros/humble /usr/bin/cmake /home/gulislamoglu/turtlebot3_patrolling/turtlebot3/turtlebot3_simulations/turtlebot3_gazebo -DAMENT_CMAKE_SYMLINK_INSTALL=1 -DCMAKE_INSTALL_PREFIX=/home/gulislamoglu/turtlebot3_patrolling/install/turtlebot3_gazebo
[4.021s] Invoking command in '/home/gulislamoglu/turtlebot3_patrolling/build/turtlebot3_gazebo': CMAKE_PREFIX_PATH=${CMAKE_PREFIX_PATH}:/home/gulislamoglu/turtlebot3_ws/install/turtlebot3_teleop:/home/gulislamoglu/turtlebot3_ws/install/turtlebot3_example:/opt/ros/humble /usr/bin/cmake --build /home/gulislamoglu/turtlebot3_patrolling/build/turtlebot3_gazebo -- -j16 -l16
[4.098s] [ 37%] [32mBuilding CXX object CMakeFiles/obstacle1.dir/models/turtlebot3_dqn_world/obstacle_plugin/obstacle1.cc.o[0m
[4.098s] [ 37%] [32mBuilding CXX object CMakeFiles/obstacle2.dir/models/turtlebot3_dqn_world/obstacle_plugin/obstacle2.cc.o[0m
[4.098s] [ 37%] [32mBuilding CXX object CMakeFiles/obstacles.dir/models/turtlebot3_dqn_world/obstacle_plugin/obstacles.cc.o[0m
[4.099s] [ 50%] [32mBuilding CXX object CMakeFiles/turtlebot3_drive.dir/src/turtlebot3_drive.cpp.o[0m
[19.374s] [ 62%] [32m[1mLinking CXX shared library libobstacle1.so[0m
[19.654s] [ 75%] [32m[1mLinking CXX executable turtlebot3_drive[0m
[19.737s] [ 87%] [32m[1mLinking CXX shared library libobstacle2.so[0m
[19.789s] [100%] [32m[1mLinking CXX shared library libobstacles.so[0m
[20.102s] [100%] Built target obstacle1
[20.392s] [100%] Built target obstacle2
[20.408s] [100%] Built target obstacles
[20.873s] [100%] Built target turtlebot3_drive
[20.889s] Invoked command in '/home/gulislamoglu/turtlebot3_patrolling/build/turtlebot3_gazebo' returned '0': CMAKE_PREFIX_PATH=${CMAKE_PREFIX_PATH}:/home/gulislamoglu/turtlebot3_ws/install/turtlebot3_teleop:/home/gulislamoglu/turtlebot3_ws/install/turtlebot3_example:/opt/ros/humble /usr/bin/cmake --build /home/gulislamoglu/turtlebot3_patrolling/build/turtlebot3_gazebo -- -j16 -l16
[20.935s] Invoking command in '/home/gulislamoglu/turtlebot3_patrolling/build/turtlebot3_gazebo': CMAKE_PREFIX_PATH=${CMAKE_PREFIX_PATH}:/home/gulislamoglu/turtlebot3_ws/install/turtlebot3_teleop:/home/gulislamoglu/turtlebot3_ws/install/turtlebot3_example:/opt/ros/humble /usr/bin/cmake --install /home/gulislamoglu/turtlebot3_patrolling/build/turtlebot3_gazebo
[20.943s] -- Install configuration: ""
[20.944s] -- Execute custom install script
[20.945s] -- Symlinking: /home/gulislamoglu/turtlebot3_patrolling/install/turtlebot3_gazebo/lib/turtlebot3_gazebo/turtlebot3_drive
[20.957s] -- Symlinking: /home/gulislamoglu/turtlebot3_patrolling/install/turtlebot3_gazebo/share/turtlebot3_gazebo//launch/empty_world.launch.py
[20.967s] -- Symlinking: /home/gulislamoglu/turtlebot3_patrolling/install/turtlebot3_gazebo/share/turtlebot3_gazebo//launch/robot_state_publisher.launch.py
[20.978s] -- Symlinking: /home/gulislamoglu/turtlebot3_patrolling/install/turtlebot3_gazebo/share/turtlebot3_gazebo//launch/spawn_turtlebot3.launch.py
[20.990s] -- Symlinking: /home/gulislamoglu/turtlebot3_patrolling/install/turtlebot3_gazebo/share/turtlebot3_gazebo//launch/turtlebot3_dqn_stage1.launch.py
[21.001s] -- Symlinking: /home/gulislamoglu/turtlebot3_patrolling/install/turtlebot3_gazebo/share/turtlebot3_gazebo//launch/turtlebot3_dqn_stage2.launch.py
[21.011s] -- Symlinking: /home/gulislamoglu/turtlebot3_patrolling/install/turtlebot3_gazebo/share/turtlebot3_gazebo//launch/turtlebot3_dqn_stage3.launch.py
[21.022s] -- Symlinking: /home/gulislamoglu/turtlebot3_patrolling/install/turtlebot3_gazebo/share/turtlebot3_gazebo//launch/turtlebot3_dqn_stage4.launch.py
[21.033s] -- Symlinking: /home/gulislamoglu/turtlebot3_patrolling/install/turtlebot3_gazebo/share/turtlebot3_gazebo//launch/turtlebot3_house.launch.py
[21.044s] -- Symlinking: /home/gulislamoglu/turtlebot3_patrolling/install/turtlebot3_gazebo/share/turtlebot3_gazebo//launch/turtlebot3_world.launch.py
[21.055s] -- Symlinking: /home/gulislamoglu/turtlebot3_patrolling/install/turtlebot3_gazebo/share/turtlebot3_gazebo//models/turtlebot3_burger/model-1_4.sdf
[21.066s] -- Symlinking: /home/gulislamoglu/turtlebot3_patrolling/install/turtlebot3_gazebo/share/turtlebot3_gazebo//models/turtlebot3_burger/model.config
[21.076s] -- Symlinking: /home/gulislamoglu/turtlebot3_patrolling/install/turtlebot3_gazebo/share/turtlebot3_gazebo//models/turtlebot3_burger/model.sdf
[21.087s] -- Symlinking: /home/gulislamoglu/turtlebot3_patrolling/install/turtlebot3_gazebo/share/turtlebot3_gazebo//models/turtlebot3_common/meshes/burger_base.dae
[21.097s] -- Symlinking: /home/gulislamoglu/turtlebot3_patrolling/install/turtlebot3_gazebo/share/turtlebot3_gazebo//models/turtlebot3_common/meshes/lds.dae
[21.107s] -- Symlinking: /home/gulislamoglu/turtlebot3_patrolling/install/turtlebot3_gazebo/share/turtlebot3_gazebo//models/turtlebot3_common/meshes/r200.dae
[21.118s] -- Symlinking: /home/gulislamoglu/turtlebot3_patrolling/install/turtlebot3_gazebo/share/turtlebot3_gazebo//models/turtlebot3_common/meshes/tire.dae
[21.128s] -- Symlinking: /home/gulislamoglu/turtlebot3_patrolling/install/turtlebot3_gazebo/share/turtlebot3_gazebo//models/turtlebot3_common/meshes/waffle_base.dae
[21.139s] -- Symlinking: /home/gulislamoglu/turtlebot3_patrolling/install/turtlebot3_gazebo/share/turtlebot3_gazebo//models/turtlebot3_common/meshes/waffle_pi_base.dae
[21.150s] -- Symlinking: /home/gulislamoglu/turtlebot3_patrolling/install/turtlebot3_gazebo/share/turtlebot3_gazebo//models/turtlebot3_common/model.config
[21.160s] -- Symlinking: /home/gulislamoglu/turtlebot3_patrolling/install/turtlebot3_gazebo/share/turtlebot3_gazebo//models/turtlebot3_dqn_world/goal_box/model.config
[21.172s] -- Symlinking: /home/gulislamoglu/turtlebot3_patrolling/install/turtlebot3_gazebo/share/turtlebot3_gazebo//models/turtlebot3_dqn_world/goal_box/model.sdf
[21.183s] -- Symlinking: /home/gulislamoglu/turtlebot3_patrolling/install/turtlebot3_gazebo/share/turtlebot3_gazebo//models/turtlebot3_dqn_world/inner_walls/model.config
[21.193s] -- Symlinking: /home/gulislamoglu/turtlebot3_patrolling/install/turtlebot3_gazebo/share/turtlebot3_gazebo//models/turtlebot3_dqn_world/inner_walls/model.sdf
[21.204s] -- Symlinking: /home/gulislamoglu/turtlebot3_patrolling/install/turtlebot3_gazebo/share/turtlebot3_gazebo//models/turtlebot3_dqn_world/model.config
[21.214s] -- Symlinking: /home/gulislamoglu/turtlebot3_patrolling/install/turtlebot3_gazebo/share/turtlebot3_gazebo//models/turtlebot3_dqn_world/model.sdf
[21.226s] -- Symlinking: /home/gulislamoglu/turtlebot3_patrolling/install/turtlebot3_gazebo/share/turtlebot3_gazebo//models/turtlebot3_dqn_world/obstacle1/model.config
[21.237s] -- Symlinking: /home/gulislamoglu/turtlebot3_patrolling/install/turtlebot3_gazebo/share/turtlebot3_gazebo//models/turtlebot3_dqn_world/obstacle1/model.sdf
[21.247s] -- Symlinking: /home/gulislamoglu/turtlebot3_patrolling/install/turtlebot3_gazebo/share/turtlebot3_gazebo//models/turtlebot3_dqn_world/obstacle2/model.config
[21.258s] -- Symlinking: /home/gulislamoglu/turtlebot3_patrolling/install/turtlebot3_gazebo/share/turtlebot3_gazebo//models/turtlebot3_dqn_world/obstacle2/model.sdf
[21.268s] -- Symlinking: /home/gulislamoglu/turtlebot3_patrolling/install/turtlebot3_gazebo/share/turtlebot3_gazebo//models/turtlebot3_dqn_world/obstacle_plugin/CMakeLists.txt
[21.278s] -- Symlinking: /home/gulislamoglu/turtlebot3_patrolling/install/turtlebot3_gazebo/share/turtlebot3_gazebo//models/turtlebot3_dqn_world/obstacle_plugin/obstacle1.cc
[21.288s] -- Symlinking: /home/gulislamoglu/turtlebot3_patrolling/install/turtlebot3_gazebo/share/turtlebot3_gazebo//models/turtlebot3_dqn_world/obstacle_plugin/obstacle2.cc
[21.299s] -- Symlinking: /home/gulislamoglu/turtlebot3_patrolling/install/turtlebot3_gazebo/share/turtlebot3_gazebo//models/turtlebot3_dqn_world/obstacle_plugin/obstacles.cc
[21.310s] -- Symlinking: /home/gulislamoglu/turtlebot3_patrolling/install/turtlebot3_gazebo/share/turtlebot3_gazebo//models/turtlebot3_dqn_world/obstacles/model.config
[21.320s] -- Symlinking: /home/gulislamoglu/turtlebot3_patrolling/install/turtlebot3_gazebo/share/turtlebot3_gazebo//models/turtlebot3_dqn_world/obstacles/model.sdf
[21.333s] -- Symlinking: /home/gulislamoglu/turtlebot3_patrolling/install/turtlebot3_gazebo/share/turtlebot3_gazebo//models/turtlebot3_house/model.config
[21.351s] -- Symlinking: /home/gulislamoglu/turtlebot3_patrolling/install/turtlebot3_gazebo/share/turtlebot3_gazebo//models/turtlebot3_house/model.sdf
[21.361s] -- Symlinking: /home/gulislamoglu/turtlebot3_patrolling/install/turtlebot3_gazebo/share/turtlebot3_gazebo//models/turtlebot3_waffle/model-1_4.sdf
[21.380s] -- Symlinking: /home/gulislamoglu/turtlebot3_patrolling/install/turtlebot3_gazebo/share/turtlebot3_gazebo//models/turtlebot3_waffle/model.config
[21.390s] -- Symlinking: /home/gulislamoglu/turtlebot3_patrolling/install/turtlebot3_gazebo/share/turtlebot3_gazebo//models/turtlebot3_waffle/model.sdf
[21.402s] -- Symlinking: /home/gulislamoglu/turtlebot3_patrolling/install/turtlebot3_gazebo/share/turtlebot3_gazebo//models/turtlebot3_waffle_pi/model-1_4_.sdf
[21.420s] -- Symlinking: /home/gulislamoglu/turtlebot3_patrolling/install/turtlebot3_gazebo/share/turtlebot3_gazebo//models/turtlebot3_waffle_pi/model.config
[21.430s] -- Symlinking: /home/gulislamoglu/turtlebot3_patrolling/install/turtlebot3_gazebo/share/turtlebot3_gazebo//models/turtlebot3_waffle_pi/model.sdf
[21.440s] -- Symlinking: /home/gulislamoglu/turtlebot3_patrolling/install/turtlebot3_gazebo/share/turtlebot3_gazebo//models/turtlebot3_world/meshes/hexagon.dae
[21.451s] -- Symlinking: /home/gulislamoglu/turtlebot3_patrolling/install/turtlebot3_gazebo/share/turtlebot3_gazebo//models/turtlebot3_world/meshes/wall.dae
[21.469s] -- Symlinking: /home/gulislamoglu/turtlebot3_patrolling/install/turtlebot3_gazebo/share/turtlebot3_gazebo//models/turtlebot3_world/model-1_4.sdf
[21.486s] -- Symlinking: /home/gulislamoglu/turtlebot3_patrolling/install/turtlebot3_gazebo/share/turtlebot3_gazebo//models/turtlebot3_world/model.config
[21.504s] -- Symlinking: /home/gulislamoglu/turtlebot3_patrolling/install/turtlebot3_gazebo/share/turtlebot3_gazebo//models/turtlebot3_world/model.sdf
[21.523s] -- Symlinking: /home/gulislamoglu/turtlebot3_patrolling/install/turtlebot3_gazebo/share/turtlebot3_gazebo//rviz/tb3_gazebo.rviz
[21.541s] -- Symlinking: /home/gulislamoglu/turtlebot3_patrolling/install/turtlebot3_gazebo/share/turtlebot3_gazebo//urdf/common_properties.urdf
[21.559s] -- Symlinking: /home/gulislamoglu/turtlebot3_patrolling/install/turtlebot3_gazebo/share/turtlebot3_gazebo//urdf/turtlebot3_burger.urdf
[21.577s] -- Symlinking: /home/gulislamoglu/turtlebot3_patrolling/install/turtlebot3_gazebo/share/turtlebot3_gazebo//urdf/turtlebot3_waffle.urdf
[21.595s] -- Symlinking: /home/gulislamoglu/turtlebot3_patrolling/install/turtlebot3_gazebo/share/turtlebot3_gazebo//urdf/turtlebot3_waffle_pi.urdf
[21.613s] -- Symlinking: /home/gulislamoglu/turtlebot3_patrolling/install/turtlebot3_gazebo/share/turtlebot3_gazebo//worlds/empty_world.world
[21.630s] -- Symlinking: /home/gulislamoglu/turtlebot3_patrolling/install/turtlebot3_gazebo/share/turtlebot3_gazebo//worlds/turtlebot3_dqn_stage1.world
[21.648s] -- Symlinking: /home/gulislamoglu/turtlebot3_patrolling/install/turtlebot3_gazebo/share/turtlebot3_gazebo//worlds/turtlebot3_dqn_stage2.world
[21.666s] -- Symlinking: /home/gulislamoglu/turtlebot3_patrolling/install/turtlebot3_gazebo/share/turtlebot3_gazebo//worlds/turtlebot3_dqn_stage3.world
[21.684s] -- Symlinking: /home/gulislamoglu/turtlebot3_patrolling/install/turtlebot3_gazebo/share/turtlebot3_gazebo//worlds/turtlebot3_dqn_stage4.world
[21.702s] -- Symlinking: /home/gulislamoglu/turtlebot3_patrolling/install/turtlebot3_gazebo/share/turtlebot3_gazebo//worlds/turtlebot3_house.world
[21.720s] -- Symlinking: /home/gulislamoglu/turtlebot3_patrolling/install/turtlebot3_gazebo/share/turtlebot3_gazebo//worlds/turtlebot3_world.world
[21.738s] -- Symlinking: /home/gulislamoglu/turtlebot3_patrolling/install/turtlebot3_gazebo/include//turtlebot3_gazebo/turtlebot3_drive.hpp
[21.756s] -- Symlinking: /home/gulislamoglu/turtlebot3_patrolling/install/turtlebot3_gazebo/share/ament_index/resource_index/package_run_dependencies/turtlebot3_gazebo
[21.774s] -- Symlinking: /home/gulislamoglu/turtlebot3_patrolling/install/turtlebot3_gazebo/share/ament_index/resource_index/parent_prefix_path/turtlebot3_gazebo
[21.792s] -- Symlinking: /home/gulislamoglu/turtlebot3_patrolling/install/turtlebot3_gazebo/share/turtlebot3_gazebo/environment/ament_prefix_path.sh
[21.809s] -- Symlinking: /home/gulislamoglu/turtlebot3_patrolling/install/turtlebot3_gazebo/share/turtlebot3_gazebo/environment/ament_prefix_path.dsv
[21.828s] -- Symlinking: /home/gulislamoglu/turtlebot3_patrolling/install/turtlebot3_gazebo/share/turtlebot3_gazebo/environment/path.sh
[21.846s] -- Symlinking: /home/gulislamoglu/turtlebot3_patrolling/install/turtlebot3_gazebo/share/turtlebot3_gazebo/environment/path.dsv
[21.864s] -- Symlinking: /home/gulislamoglu/turtlebot3_patrolling/install/turtlebot3_gazebo/share/turtlebot3_gazebo/local_setup.bash
[21.883s] -- Symlinking: /home/gulislamoglu/turtlebot3_patrolling/install/turtlebot3_gazebo/share/turtlebot3_gazebo/local_setup.sh
[21.901s] -- Symlinking: /home/gulislamoglu/turtlebot3_patrolling/install/turtlebot3_gazebo/share/turtlebot3_gazebo/local_setup.zsh
[21.918s] -- Symlinking: /home/gulislamoglu/turtlebot3_patrolling/install/turtlebot3_gazebo/share/turtlebot3_gazebo/local_setup.dsv
[21.936s] -- Symlinking: /home/gulislamoglu/turtlebot3_patrolling/install/turtlebot3_gazebo/share/turtlebot3_gazebo/package.dsv
[21.954s] -- Symlinking: /home/gulislamoglu/turtlebot3_patrolling/install/turtlebot3_gazebo/share/ament_index/resource_index/packages/turtlebot3_gazebo
[21.972s] -- Symlinking: /home/gulislamoglu/turtlebot3_patrolling/install/turtlebot3_gazebo/share/turtlebot3_gazebo/cmake/ament_cmake_export_include_directories-extras.cmake
[21.991s] -- Symlinking: /home/gulislamoglu/turtlebot3_patrolling/install/turtlebot3_gazebo/share/turtlebot3_gazebo/cmake/ament_cmake_export_dependencies-extras.cmake
[22.010s] -- Symlinking: /home/gulislamoglu/turtlebot3_patrolling/install/turtlebot3_gazebo/share/turtlebot3_gazebo/cmake/turtlebot3_gazeboConfig.cmake
[22.027s] -- Symlinking: /home/gulislamoglu/turtlebot3_patrolling/install/turtlebot3_gazebo/share/turtlebot3_gazebo/cmake/turtlebot3_gazeboConfig-version.cmake
[22.045s] -- Symlinking: /home/gulislamoglu/turtlebot3_patrolling/install/turtlebot3_gazebo/share/turtlebot3_gazebo/package.xml
[22.067s] Invoked command in '/home/gulislamoglu/turtlebot3_patrolling/build/turtlebot3_gazebo' returned '0': CMAKE_PREFIX_PATH=${CMAKE_PREFIX_PATH}:/home/gulislamoglu/turtlebot3_ws/install/turtlebot3_teleop:/home/gulislamoglu/turtlebot3_ws/install/turtlebot3_example:/opt/ros/humble /usr/bin/cmake --install /home/gulislamoglu/turtlebot3_patrolling/build/turtlebot3_gazebo
